{"date":"Mon Aug 26 2024 03:00:42 GMT+0300 (Eastern European Summer Time)","error":{"diagnosticCodes":[2552,2304,2304]},"exception":true,"level":"error","message":"uncaughtException: ⨯ Unable to compile TypeScript:\n\u001b[96msrc/controllers/reviewsController.ts\u001b[0m:\u001b[93m45\u001b[0m:\u001b[93m34\u001b[0m - \u001b[91merror\u001b[0m\u001b[90m TS2552: \u001b[0mCannot find name 'OrderItem'. Did you mean 'orderItems'?\r\n\r\n\u001b[7m45\u001b[0m         const orderItems = await OrderItem.findAll({\r\n\u001b[7m  \u001b[0m \u001b[91m                                 ~~~~~~~~~\u001b[0m\r\n\r\n  \u001b[96msrc/controllers/reviewsController.ts\u001b[0m:\u001b[93m45\u001b[0m:\u001b[93m15\u001b[0m\r\n    \u001b[7m45\u001b[0m         const orderItems = await OrderItem.findAll({\r\n    \u001b[7m  \u001b[0m \u001b[96m              ~~~~~~~~~~\u001b[0m\r\n    'orderItems' is declared here.\r\n\u001b[96msrc/controllers/reviewsController.ts\u001b[0m:\u001b[93m49\u001b[0m:\u001b[93m36\u001b[0m - \u001b[91merror\u001b[0m\u001b[90m TS2304: \u001b[0mCannot find name 'OrderStatus'.\r\n\r\n\u001b[7m49\u001b[0m             '$order.orderStatus$': OrderStatus.Completed, // Ensure order status is completed\r\n\u001b[7m  \u001b[0m \u001b[91m                                   ~~~~~~~~~~~\u001b[0m\r\n\u001b[96msrc/controllers/reviewsController.ts\u001b[0m:\u001b[93m53\u001b[0m:\u001b[93m22\u001b[0m - \u001b[91merror\u001b[0m\u001b[90m TS2304: \u001b[0mCannot find name 'Order'.\r\n\r\n\u001b[7m53\u001b[0m               model: Order,\r\n\u001b[7m  \u001b[0m \u001b[91m                     ~~~~~\u001b[0m\r\n\nTSError: ⨯ Unable to compile TypeScript:\n\u001b[96msrc/controllers/reviewsController.ts\u001b[0m:\u001b[93m45\u001b[0m:\u001b[93m34\u001b[0m - \u001b[91merror\u001b[0m\u001b[90m TS2552: \u001b[0mCannot find name 'OrderItem'. Did you mean 'orderItems'?\r\n\r\n\u001b[7m45\u001b[0m         const orderItems = await OrderItem.findAll({\r\n\u001b[7m  \u001b[0m \u001b[91m                                 ~~~~~~~~~\u001b[0m\r\n\r\n  \u001b[96msrc/controllers/reviewsController.ts\u001b[0m:\u001b[93m45\u001b[0m:\u001b[93m15\u001b[0m\r\n    \u001b[7m45\u001b[0m         const orderItems = await OrderItem.findAll({\r\n    \u001b[7m  \u001b[0m \u001b[96m              ~~~~~~~~~~\u001b[0m\r\n    'orderItems' is declared here.\r\n\u001b[96msrc/controllers/reviewsController.ts\u001b[0m:\u001b[93m49\u001b[0m:\u001b[93m36\u001b[0m - \u001b[91merror\u001b[0m\u001b[90m TS2304: \u001b[0mCannot find name 'OrderStatus'.\r\n\r\n\u001b[7m49\u001b[0m             '$order.orderStatus$': OrderStatus.Completed, // Ensure order status is completed\r\n\u001b[7m  \u001b[0m \u001b[91m                                   ~~~~~~~~~~~\u001b[0m\r\n\u001b[96msrc/controllers/reviewsController.ts\u001b[0m:\u001b[93m53\u001b[0m:\u001b[93m22\u001b[0m - \u001b[91merror\u001b[0m\u001b[90m TS2304: \u001b[0mCannot find name 'Order'.\r\n\r\n\u001b[7m53\u001b[0m               model: Order,\r\n\u001b[7m  \u001b[0m \u001b[91m                     ~~~~~\u001b[0m\r\n\n    at createTSError (C:\\Users\\Rawan\\Desktop\\final\\backend-final-G3\\node_modules\\ts-node\\src\\index.ts:859:12)\n    at reportTSError (C:\\Users\\Rawan\\Desktop\\final\\backend-final-G3\\node_modules\\ts-node\\src\\index.ts:863:19)\n    at getOutput (C:\\Users\\Rawan\\Desktop\\final\\backend-final-G3\\node_modules\\ts-node\\src\\index.ts:1077:36)\n    at Object.compile (C:\\Users\\Rawan\\Desktop\\final\\backend-final-G3\\node_modules\\ts-node\\src\\index.ts:1433:41)\n    at Module.m._compile (C:\\Users\\Rawan\\Desktop\\final\\backend-final-G3\\node_modules\\ts-node\\src\\index.ts:1617:30)\n    at Module._extensions..js (node:internal/modules/cjs/loader:1416:10)\n    at Object.require.extensions.<computed> [as .ts] (C:\\Users\\Rawan\\Desktop\\final\\backend-final-G3\\node_modules\\ts-node\\src\\index.ts:1621:12)\n    at Module.load (node:internal/modules/cjs/loader:1208:32)\n    at Function.Module._load (node:internal/modules/cjs/loader:1024:12)\n    at Module.require (node:internal/modules/cjs/loader:1233:19)","os":{"loadavg":[0,0,0],"uptime":1031420.328},"process":{"argv":["C:\\Users\\Rawan\\Desktop\\final\\backend-final-G3\\node_modules\\ts-node\\dist\\bin.js","C:\\Users\\Rawan\\Desktop\\final\\backend-final-G3\\src\\server.ts"],"cwd":"C:\\Users\\Rawan\\Desktop\\final\\backend-final-G3","execPath":"C:\\nodejs\\node.exe","gid":null,"memoryUsage":{"arrayBuffers":4788595,"external":8114505,"heapTotal":280199168,"heapUsed":245993520,"rss":325939200},"pid":26228,"uid":null,"version":"v20.16.0"},"stack":"TSError: ⨯ Unable to compile TypeScript:\n\u001b[96msrc/controllers/reviewsController.ts\u001b[0m:\u001b[93m45\u001b[0m:\u001b[93m34\u001b[0m - \u001b[91merror\u001b[0m\u001b[90m TS2552: \u001b[0mCannot find name 'OrderItem'. Did you mean 'orderItems'?\r\n\r\n\u001b[7m45\u001b[0m         const orderItems = await OrderItem.findAll({\r\n\u001b[7m  \u001b[0m \u001b[91m                                 ~~~~~~~~~\u001b[0m\r\n\r\n  \u001b[96msrc/controllers/reviewsController.ts\u001b[0m:\u001b[93m45\u001b[0m:\u001b[93m15\u001b[0m\r\n    \u001b[7m45\u001b[0m         const orderItems = await OrderItem.findAll({\r\n    \u001b[7m  \u001b[0m \u001b[96m              ~~~~~~~~~~\u001b[0m\r\n    'orderItems' is declared here.\r\n\u001b[96msrc/controllers/reviewsController.ts\u001b[0m:\u001b[93m49\u001b[0m:\u001b[93m36\u001b[0m - \u001b[91merror\u001b[0m\u001b[90m TS2304: \u001b[0mCannot find name 'OrderStatus'.\r\n\r\n\u001b[7m49\u001b[0m             '$order.orderStatus$': OrderStatus.Completed, // Ensure order status is completed\r\n\u001b[7m  \u001b[0m \u001b[91m                                   ~~~~~~~~~~~\u001b[0m\r\n\u001b[96msrc/controllers/reviewsController.ts\u001b[0m:\u001b[93m53\u001b[0m:\u001b[93m22\u001b[0m - \u001b[91merror\u001b[0m\u001b[90m TS2304: \u001b[0mCannot find name 'Order'.\r\n\r\n\u001b[7m53\u001b[0m               model: Order,\r\n\u001b[7m  \u001b[0m \u001b[91m                     ~~~~~\u001b[0m\r\n\n    at createTSError (C:\\Users\\Rawan\\Desktop\\final\\backend-final-G3\\node_modules\\ts-node\\src\\index.ts:859:12)\n    at reportTSError (C:\\Users\\Rawan\\Desktop\\final\\backend-final-G3\\node_modules\\ts-node\\src\\index.ts:863:19)\n    at getOutput (C:\\Users\\Rawan\\Desktop\\final\\backend-final-G3\\node_modules\\ts-node\\src\\index.ts:1077:36)\n    at Object.compile (C:\\Users\\Rawan\\Desktop\\final\\backend-final-G3\\node_modules\\ts-node\\src\\index.ts:1433:41)\n    at Module.m._compile (C:\\Users\\Rawan\\Desktop\\final\\backend-final-G3\\node_modules\\ts-node\\src\\index.ts:1617:30)\n    at Module._extensions..js (node:internal/modules/cjs/loader:1416:10)\n    at Object.require.extensions.<computed> [as .ts] (C:\\Users\\Rawan\\Desktop\\final\\backend-final-G3\\node_modules\\ts-node\\src\\index.ts:1621:12)\n    at Module.load (node:internal/modules/cjs/loader:1208:32)\n    at Function.Module._load (node:internal/modules/cjs/loader:1024:12)\n    at Module.require (node:internal/modules/cjs/loader:1233:19)","timestamp":"2024-08-26T00:00:42.737Z","trace":[{"column":12,"file":"C:\\Users\\Rawan\\Desktop\\final\\backend-final-G3\\node_modules\\ts-node\\src\\index.ts","function":"createTSError","line":859,"method":null,"native":false},{"column":19,"file":"C:\\Users\\Rawan\\Desktop\\final\\backend-final-G3\\node_modules\\ts-node\\src\\index.ts","function":"reportTSError","line":863,"method":null,"native":false},{"column":36,"file":"C:\\Users\\Rawan\\Desktop\\final\\backend-final-G3\\node_modules\\ts-node\\src\\index.ts","function":"getOutput","line":1077,"method":null,"native":false},{"column":41,"file":"C:\\Users\\Rawan\\Desktop\\final\\backend-final-G3\\node_modules\\ts-node\\src\\index.ts","function":"Object.compile","line":1433,"method":"compile","native":false},{"column":30,"file":"C:\\Users\\Rawan\\Desktop\\final\\backend-final-G3\\node_modules\\ts-node\\src\\index.ts","function":"Module.m._compile","line":1617,"method":"_compile","native":false},{"column":10,"file":"node:internal/modules/cjs/loader","function":"Module._extensions..js","line":1416,"method":".js","native":false},{"column":12,"file":"C:\\Users\\Rawan\\Desktop\\final\\backend-final-G3\\node_modules\\ts-node\\src\\index.ts","function":"Object.require.extensions.<computed> [as .ts]","line":1621,"method":"ts]","native":false},{"column":32,"file":"node:internal/modules/cjs/loader","function":"Module.load","line":1208,"method":"load","native":false},{"column":12,"file":"node:internal/modules/cjs/loader","function":"Module._load","line":1024,"method":"_load","native":false},{"column":19,"file":"node:internal/modules/cjs/loader","function":"Module.require","line":1233,"method":"require","native":false}]}
{"date":"Mon Aug 26 2024 03:00:52 GMT+0300 (Eastern European Summer Time)","error":{"diagnosticCodes":[2304]},"exception":true,"level":"error","message":"uncaughtException: ⨯ Unable to compile TypeScript:\n\u001b[96msrc/controllers/reviewsController.ts\u001b[0m:\u001b[93m51\u001b[0m:\u001b[93m36\u001b[0m - \u001b[91merror\u001b[0m\u001b[90m TS2304: \u001b[0mCannot find name 'OrderStatus'.\r\n\r\n\u001b[7m51\u001b[0m             '$order.orderStatus$': OrderStatus.Completed, // Ensure order status is completed\r\n\u001b[7m  \u001b[0m \u001b[91m                                   ~~~~~~~~~~~\u001b[0m\r\n\nTSError: ⨯ Unable to compile TypeScript:\n\u001b[96msrc/controllers/reviewsController.ts\u001b[0m:\u001b[93m51\u001b[0m:\u001b[93m36\u001b[0m - \u001b[91merror\u001b[0m\u001b[90m TS2304: \u001b[0mCannot find name 'OrderStatus'.\r\n\r\n\u001b[7m51\u001b[0m             '$order.orderStatus$': OrderStatus.Completed, // Ensure order status is completed\r\n\u001b[7m  \u001b[0m \u001b[91m                                   ~~~~~~~~~~~\u001b[0m\r\n\n    at createTSError (C:\\Users\\Rawan\\Desktop\\final\\backend-final-G3\\node_modules\\ts-node\\src\\index.ts:859:12)\n    at reportTSError (C:\\Users\\Rawan\\Desktop\\final\\backend-final-G3\\node_modules\\ts-node\\src\\index.ts:863:19)\n    at getOutput (C:\\Users\\Rawan\\Desktop\\final\\backend-final-G3\\node_modules\\ts-node\\src\\index.ts:1077:36)\n    at Object.compile (C:\\Users\\Rawan\\Desktop\\final\\backend-final-G3\\node_modules\\ts-node\\src\\index.ts:1433:41)\n    at Module.m._compile (C:\\Users\\Rawan\\Desktop\\final\\backend-final-G3\\node_modules\\ts-node\\src\\index.ts:1617:30)\n    at Module._extensions..js (node:internal/modules/cjs/loader:1416:10)\n    at Object.require.extensions.<computed> [as .ts] (C:\\Users\\Rawan\\Desktop\\final\\backend-final-G3\\node_modules\\ts-node\\src\\index.ts:1621:12)\n    at Module.load (node:internal/modules/cjs/loader:1208:32)\n    at Function.Module._load (node:internal/modules/cjs/loader:1024:12)\n    at Module.require (node:internal/modules/cjs/loader:1233:19)","os":{"loadavg":[0,0,0],"uptime":1031429.718},"process":{"argv":["C:\\Users\\Rawan\\Desktop\\final\\backend-final-G3\\node_modules\\ts-node\\dist\\bin.js","C:\\Users\\Rawan\\Desktop\\final\\backend-final-G3\\src\\server.ts"],"cwd":"C:\\Users\\Rawan\\Desktop\\final\\backend-final-G3","execPath":"C:\\nodejs\\node.exe","gid":null,"memoryUsage":{"arrayBuffers":4805043,"external":8130953,"heapTotal":278364160,"heapUsed":245750880,"rss":323584000},"pid":30996,"uid":null,"version":"v20.16.0"},"stack":"TSError: ⨯ Unable to compile TypeScript:\n\u001b[96msrc/controllers/reviewsController.ts\u001b[0m:\u001b[93m51\u001b[0m:\u001b[93m36\u001b[0m - \u001b[91merror\u001b[0m\u001b[90m TS2304: \u001b[0mCannot find name 'OrderStatus'.\r\n\r\n\u001b[7m51\u001b[0m             '$order.orderStatus$': OrderStatus.Completed, // Ensure order status is completed\r\n\u001b[7m  \u001b[0m \u001b[91m                                   ~~~~~~~~~~~\u001b[0m\r\n\n    at createTSError (C:\\Users\\Rawan\\Desktop\\final\\backend-final-G3\\node_modules\\ts-node\\src\\index.ts:859:12)\n    at reportTSError (C:\\Users\\Rawan\\Desktop\\final\\backend-final-G3\\node_modules\\ts-node\\src\\index.ts:863:19)\n    at getOutput (C:\\Users\\Rawan\\Desktop\\final\\backend-final-G3\\node_modules\\ts-node\\src\\index.ts:1077:36)\n    at Object.compile (C:\\Users\\Rawan\\Desktop\\final\\backend-final-G3\\node_modules\\ts-node\\src\\index.ts:1433:41)\n    at Module.m._compile (C:\\Users\\Rawan\\Desktop\\final\\backend-final-G3\\node_modules\\ts-node\\src\\index.ts:1617:30)\n    at Module._extensions..js (node:internal/modules/cjs/loader:1416:10)\n    at Object.require.extensions.<computed> [as .ts] (C:\\Users\\Rawan\\Desktop\\final\\backend-final-G3\\node_modules\\ts-node\\src\\index.ts:1621:12)\n    at Module.load (node:internal/modules/cjs/loader:1208:32)\n    at Function.Module._load (node:internal/modules/cjs/loader:1024:12)\n    at Module.require (node:internal/modules/cjs/loader:1233:19)","timestamp":"2024-08-26T00:00:52.154Z","trace":[{"column":12,"file":"C:\\Users\\Rawan\\Desktop\\final\\backend-final-G3\\node_modules\\ts-node\\src\\index.ts","function":"createTSError","line":859,"method":null,"native":false},{"column":19,"file":"C:\\Users\\Rawan\\Desktop\\final\\backend-final-G3\\node_modules\\ts-node\\src\\index.ts","function":"reportTSError","line":863,"method":null,"native":false},{"column":36,"file":"C:\\Users\\Rawan\\Desktop\\final\\backend-final-G3\\node_modules\\ts-node\\src\\index.ts","function":"getOutput","line":1077,"method":null,"native":false},{"column":41,"file":"C:\\Users\\Rawan\\Desktop\\final\\backend-final-G3\\node_modules\\ts-node\\src\\index.ts","function":"Object.compile","line":1433,"method":"compile","native":false},{"column":30,"file":"C:\\Users\\Rawan\\Desktop\\final\\backend-final-G3\\node_modules\\ts-node\\src\\index.ts","function":"Module.m._compile","line":1617,"method":"_compile","native":false},{"column":10,"file":"node:internal/modules/cjs/loader","function":"Module._extensions..js","line":1416,"method":".js","native":false},{"column":12,"file":"C:\\Users\\Rawan\\Desktop\\final\\backend-final-G3\\node_modules\\ts-node\\src\\index.ts","function":"Object.require.extensions.<computed> [as .ts]","line":1621,"method":"ts]","native":false},{"column":32,"file":"node:internal/modules/cjs/loader","function":"Module.load","line":1208,"method":"load","native":false},{"column":12,"file":"node:internal/modules/cjs/loader","function":"Module._load","line":1024,"method":"_load","native":false},{"column":19,"file":"node:internal/modules/cjs/loader","function":"Module.require","line":1233,"method":"require","native":false}]}
{"date":"Mon Aug 26 2024 03:02:19 GMT+0300 (Eastern European Summer Time)","error":{"diagnosticCodes":[2304]},"exception":true,"level":"error","message":"uncaughtException: ⨯ Unable to compile TypeScript:\n\u001b[96msrc/controllers/reviewsController.ts\u001b[0m:\u001b[93m56\u001b[0m:\u001b[93m30\u001b[0m - \u001b[91merror\u001b[0m\u001b[90m TS2304: \u001b[0mCannot find name 'OrderStatus'.\r\n\r\n\u001b[7m56\u001b[0m                 orderStatus: OrderStatus.Completed,\r\n\u001b[7m  \u001b[0m \u001b[91m                             ~~~~~~~~~~~\u001b[0m\r\n\nTSError: ⨯ Unable to compile TypeScript:\n\u001b[96msrc/controllers/reviewsController.ts\u001b[0m:\u001b[93m56\u001b[0m:\u001b[93m30\u001b[0m - \u001b[91merror\u001b[0m\u001b[90m TS2304: \u001b[0mCannot find name 'OrderStatus'.\r\n\r\n\u001b[7m56\u001b[0m                 orderStatus: OrderStatus.Completed,\r\n\u001b[7m  \u001b[0m \u001b[91m                             ~~~~~~~~~~~\u001b[0m\r\n\n    at createTSError (C:\\Users\\Rawan\\Desktop\\final\\backend-final-G3\\node_modules\\ts-node\\src\\index.ts:859:12)\n    at reportTSError (C:\\Users\\Rawan\\Desktop\\final\\backend-final-G3\\node_modules\\ts-node\\src\\index.ts:863:19)\n    at getOutput (C:\\Users\\Rawan\\Desktop\\final\\backend-final-G3\\node_modules\\ts-node\\src\\index.ts:1077:36)\n    at Object.compile (C:\\Users\\Rawan\\Desktop\\final\\backend-final-G3\\node_modules\\ts-node\\src\\index.ts:1433:41)\n    at Module.m._compile (C:\\Users\\Rawan\\Desktop\\final\\backend-final-G3\\node_modules\\ts-node\\src\\index.ts:1617:30)\n    at Module._extensions..js (node:internal/modules/cjs/loader:1416:10)\n    at Object.require.extensions.<computed> [as .ts] (C:\\Users\\Rawan\\Desktop\\final\\backend-final-G3\\node_modules\\ts-node\\src\\index.ts:1621:12)\n    at Module.load (node:internal/modules/cjs/loader:1208:32)\n    at Function.Module._load (node:internal/modules/cjs/loader:1024:12)\n    at Module.require (node:internal/modules/cjs/loader:1233:19)","os":{"loadavg":[0,0,0],"uptime":1031516.64},"process":{"argv":["C:\\Users\\Rawan\\Desktop\\final\\backend-final-G3\\node_modules\\ts-node\\dist\\bin.js","C:\\Users\\Rawan\\Desktop\\final\\backend-final-G3\\src\\server.ts"],"cwd":"C:\\Users\\Rawan\\Desktop\\final\\backend-final-G3","execPath":"C:\\nodejs\\node.exe","gid":null,"memoryUsage":{"arrayBuffers":4805051,"external":8130961,"heapTotal":278102016,"heapUsed":241482088,"rss":323006464},"pid":26804,"uid":null,"version":"v20.16.0"},"stack":"TSError: ⨯ Unable to compile TypeScript:\n\u001b[96msrc/controllers/reviewsController.ts\u001b[0m:\u001b[93m56\u001b[0m:\u001b[93m30\u001b[0m - \u001b[91merror\u001b[0m\u001b[90m TS2304: \u001b[0mCannot find name 'OrderStatus'.\r\n\r\n\u001b[7m56\u001b[0m                 orderStatus: OrderStatus.Completed,\r\n\u001b[7m  \u001b[0m \u001b[91m                             ~~~~~~~~~~~\u001b[0m\r\n\n    at createTSError (C:\\Users\\Rawan\\Desktop\\final\\backend-final-G3\\node_modules\\ts-node\\src\\index.ts:859:12)\n    at reportTSError (C:\\Users\\Rawan\\Desktop\\final\\backend-final-G3\\node_modules\\ts-node\\src\\index.ts:863:19)\n    at getOutput (C:\\Users\\Rawan\\Desktop\\final\\backend-final-G3\\node_modules\\ts-node\\src\\index.ts:1077:36)\n    at Object.compile (C:\\Users\\Rawan\\Desktop\\final\\backend-final-G3\\node_modules\\ts-node\\src\\index.ts:1433:41)\n    at Module.m._compile (C:\\Users\\Rawan\\Desktop\\final\\backend-final-G3\\node_modules\\ts-node\\src\\index.ts:1617:30)\n    at Module._extensions..js (node:internal/modules/cjs/loader:1416:10)\n    at Object.require.extensions.<computed> [as .ts] (C:\\Users\\Rawan\\Desktop\\final\\backend-final-G3\\node_modules\\ts-node\\src\\index.ts:1621:12)\n    at Module.load (node:internal/modules/cjs/loader:1208:32)\n    at Function.Module._load (node:internal/modules/cjs/loader:1024:12)\n    at Module.require (node:internal/modules/cjs/loader:1233:19)","timestamp":"2024-08-26T00:02:19.073Z","trace":[{"column":12,"file":"C:\\Users\\Rawan\\Desktop\\final\\backend-final-G3\\node_modules\\ts-node\\src\\index.ts","function":"createTSError","line":859,"method":null,"native":false},{"column":19,"file":"C:\\Users\\Rawan\\Desktop\\final\\backend-final-G3\\node_modules\\ts-node\\src\\index.ts","function":"reportTSError","line":863,"method":null,"native":false},{"column":36,"file":"C:\\Users\\Rawan\\Desktop\\final\\backend-final-G3\\node_modules\\ts-node\\src\\index.ts","function":"getOutput","line":1077,"method":null,"native":false},{"column":41,"file":"C:\\Users\\Rawan\\Desktop\\final\\backend-final-G3\\node_modules\\ts-node\\src\\index.ts","function":"Object.compile","line":1433,"method":"compile","native":false},{"column":30,"file":"C:\\Users\\Rawan\\Desktop\\final\\backend-final-G3\\node_modules\\ts-node\\src\\index.ts","function":"Module.m._compile","line":1617,"method":"_compile","native":false},{"column":10,"file":"node:internal/modules/cjs/loader","function":"Module._extensions..js","line":1416,"method":".js","native":false},{"column":12,"file":"C:\\Users\\Rawan\\Desktop\\final\\backend-final-G3\\node_modules\\ts-node\\src\\index.ts","function":"Object.require.extensions.<computed> [as .ts]","line":1621,"method":"ts]","native":false},{"column":32,"file":"node:internal/modules/cjs/loader","function":"Module.load","line":1208,"method":"load","native":false},{"column":12,"file":"node:internal/modules/cjs/loader","function":"Module._load","line":1024,"method":"_load","native":false},{"column":19,"file":"node:internal/modules/cjs/loader","function":"Module.require","line":1233,"method":"require","native":false}]}
{"date":"Mon Aug 26 2024 03:03:10 GMT+0300 (Eastern European Summer Time)","error":{"diagnosticCodes":[2613]},"exception":true,"level":"error","message":"uncaughtException: ⨯ Unable to compile TypeScript:\n\u001b[96msrc/controllers/reviewsController.ts\u001b[0m:\u001b[93m9\u001b[0m:\u001b[93m8\u001b[0m - \u001b[91merror\u001b[0m\u001b[90m TS2613: \u001b[0mModule '\"C:/Users/Rawan/Desktop/final/backend-final-G3/src/enums/orderStatus\"' has no default export. Did you mean to use 'import { OrderStatus } from \"C:/Users/Rawan/Desktop/final/backend-final-G3/src/enums/orderStatus\"' instead?\r\n\r\n\u001b[7m9\u001b[0m import OrderStatus from '../enums/orderStatus'\r\n\u001b[7m \u001b[0m \u001b[91m       ~~~~~~~~~~~\u001b[0m\r\n\nTSError: ⨯ Unable to compile TypeScript:\n\u001b[96msrc/controllers/reviewsController.ts\u001b[0m:\u001b[93m9\u001b[0m:\u001b[93m8\u001b[0m - \u001b[91merror\u001b[0m\u001b[90m TS2613: \u001b[0mModule '\"C:/Users/Rawan/Desktop/final/backend-final-G3/src/enums/orderStatus\"' has no default export. Did you mean to use 'import { OrderStatus } from \"C:/Users/Rawan/Desktop/final/backend-final-G3/src/enums/orderStatus\"' instead?\r\n\r\n\u001b[7m9\u001b[0m import OrderStatus from '../enums/orderStatus'\r\n\u001b[7m \u001b[0m \u001b[91m       ~~~~~~~~~~~\u001b[0m\r\n\n    at createTSError (C:\\Users\\Rawan\\Desktop\\final\\backend-final-G3\\node_modules\\ts-node\\src\\index.ts:859:12)\n    at reportTSError (C:\\Users\\Rawan\\Desktop\\final\\backend-final-G3\\node_modules\\ts-node\\src\\index.ts:863:19)\n    at getOutput (C:\\Users\\Rawan\\Desktop\\final\\backend-final-G3\\node_modules\\ts-node\\src\\index.ts:1077:36)\n    at Object.compile (C:\\Users\\Rawan\\Desktop\\final\\backend-final-G3\\node_modules\\ts-node\\src\\index.ts:1433:41)\n    at Module.m._compile (C:\\Users\\Rawan\\Desktop\\final\\backend-final-G3\\node_modules\\ts-node\\src\\index.ts:1617:30)\n    at Module._extensions..js (node:internal/modules/cjs/loader:1416:10)\n    at Object.require.extensions.<computed> [as .ts] (C:\\Users\\Rawan\\Desktop\\final\\backend-final-G3\\node_modules\\ts-node\\src\\index.ts:1621:12)\n    at Module.load (node:internal/modules/cjs/loader:1208:32)\n    at Function.Module._load (node:internal/modules/cjs/loader:1024:12)\n    at Module.require (node:internal/modules/cjs/loader:1233:19)","os":{"loadavg":[0,0,0],"uptime":1031567.718},"process":{"argv":["C:\\Users\\Rawan\\Desktop\\final\\backend-final-G3\\node_modules\\ts-node\\dist\\bin.js","C:\\Users\\Rawan\\Desktop\\final\\backend-final-G3\\src\\server.ts"],"cwd":"C:\\Users\\Rawan\\Desktop\\final\\backend-final-G3","execPath":"C:\\nodejs\\node.exe","gid":null,"memoryUsage":{"arrayBuffers":2506787,"external":5824505,"heapTotal":277839872,"heapUsed":252850760,"rss":319705088},"pid":45828,"uid":null,"version":"v20.16.0"},"stack":"TSError: ⨯ Unable to compile TypeScript:\n\u001b[96msrc/controllers/reviewsController.ts\u001b[0m:\u001b[93m9\u001b[0m:\u001b[93m8\u001b[0m - \u001b[91merror\u001b[0m\u001b[90m TS2613: \u001b[0mModule '\"C:/Users/Rawan/Desktop/final/backend-final-G3/src/enums/orderStatus\"' has no default export. Did you mean to use 'import { OrderStatus } from \"C:/Users/Rawan/Desktop/final/backend-final-G3/src/enums/orderStatus\"' instead?\r\n\r\n\u001b[7m9\u001b[0m import OrderStatus from '../enums/orderStatus'\r\n\u001b[7m \u001b[0m \u001b[91m       ~~~~~~~~~~~\u001b[0m\r\n\n    at createTSError (C:\\Users\\Rawan\\Desktop\\final\\backend-final-G3\\node_modules\\ts-node\\src\\index.ts:859:12)\n    at reportTSError (C:\\Users\\Rawan\\Desktop\\final\\backend-final-G3\\node_modules\\ts-node\\src\\index.ts:863:19)\n    at getOutput (C:\\Users\\Rawan\\Desktop\\final\\backend-final-G3\\node_modules\\ts-node\\src\\index.ts:1077:36)\n    at Object.compile (C:\\Users\\Rawan\\Desktop\\final\\backend-final-G3\\node_modules\\ts-node\\src\\index.ts:1433:41)\n    at Module.m._compile (C:\\Users\\Rawan\\Desktop\\final\\backend-final-G3\\node_modules\\ts-node\\src\\index.ts:1617:30)\n    at Module._extensions..js (node:internal/modules/cjs/loader:1416:10)\n    at Object.require.extensions.<computed> [as .ts] (C:\\Users\\Rawan\\Desktop\\final\\backend-final-G3\\node_modules\\ts-node\\src\\index.ts:1621:12)\n    at Module.load (node:internal/modules/cjs/loader:1208:32)\n    at Function.Module._load (node:internal/modules/cjs/loader:1024:12)\n    at Module.require (node:internal/modules/cjs/loader:1233:19)","timestamp":"2024-08-26T00:03:10.147Z","trace":[{"column":12,"file":"C:\\Users\\Rawan\\Desktop\\final\\backend-final-G3\\node_modules\\ts-node\\src\\index.ts","function":"createTSError","line":859,"method":null,"native":false},{"column":19,"file":"C:\\Users\\Rawan\\Desktop\\final\\backend-final-G3\\node_modules\\ts-node\\src\\index.ts","function":"reportTSError","line":863,"method":null,"native":false},{"column":36,"file":"C:\\Users\\Rawan\\Desktop\\final\\backend-final-G3\\node_modules\\ts-node\\src\\index.ts","function":"getOutput","line":1077,"method":null,"native":false},{"column":41,"file":"C:\\Users\\Rawan\\Desktop\\final\\backend-final-G3\\node_modules\\ts-node\\src\\index.ts","function":"Object.compile","line":1433,"method":"compile","native":false},{"column":30,"file":"C:\\Users\\Rawan\\Desktop\\final\\backend-final-G3\\node_modules\\ts-node\\src\\index.ts","function":"Module.m._compile","line":1617,"method":"_compile","native":false},{"column":10,"file":"node:internal/modules/cjs/loader","function":"Module._extensions..js","line":1416,"method":".js","native":false},{"column":12,"file":"C:\\Users\\Rawan\\Desktop\\final\\backend-final-G3\\node_modules\\ts-node\\src\\index.ts","function":"Object.require.extensions.<computed> [as .ts]","line":1621,"method":"ts]","native":false},{"column":32,"file":"node:internal/modules/cjs/loader","function":"Module.load","line":1208,"method":"load","native":false},{"column":12,"file":"node:internal/modules/cjs/loader","function":"Module._load","line":1024,"method":"_load","native":false},{"column":19,"file":"node:internal/modules/cjs/loader","function":"Module.require","line":1233,"method":"require","native":false}]}
{"date":"Mon Aug 26 2024 03:05:20 GMT+0300 (Eastern European Summer Time)","error":{"diagnosticCodes":[2322,1137,1005]},"exception":true,"level":"error","message":"uncaughtException: ⨯ Unable to compile TypeScript:\n\u001b[96msrc/controllers/reviewsController.ts\u001b[0m:\u001b[93m132\u001b[0m:\u001b[93m13\u001b[0m - \u001b[91merror\u001b[0m\u001b[90m TS2322: \u001b[0mType '{ include: { model: typeof Order; as: string; }[]; }' is not assignable to type 'FindAttributeOptions | undefined'.\r\n  Types of property 'include' are incompatible.\r\n    Type '{ model: typeof Order; as: string; }[]' is not assignable to type '(string | ProjectionAlias)[]'.\r\n      Object literal may only specify known properties, and 'model' does not exist in type 'ProjectionAlias'.\r\n\r\n\u001b[7m132\u001b[0m             model: Order,\r\n\u001b[7m   \u001b[0m \u001b[91m            ~~~~~\u001b[0m\r\n\u001b[96msrc/controllers/reviewsController.ts\u001b[0m:\u001b[93m135\u001b[0m:\u001b[93m5\u001b[0m - \u001b[91merror\u001b[0m\u001b[90m TS1137: \u001b[0mExpression or comma expected.\r\n\r\n\u001b[7m135\u001b[0m     }) as Review & { userId: string };\r\n\u001b[7m   \u001b[0m \u001b[91m    ~\u001b[0m\r\n\u001b[96msrc/controllers/reviewsController.ts\u001b[0m:\u001b[93m135\u001b[0m:\u001b[93m6\u001b[0m - \u001b[91merror\u001b[0m\u001b[90m TS1005: \u001b[0m',' expected.\r\n\r\n\u001b[7m135\u001b[0m     }) as Review & { userId: string };\r\n\u001b[7m   \u001b[0m \u001b[91m     ~\u001b[0m\r\n\nTSError: ⨯ Unable to compile TypeScript:\n\u001b[96msrc/controllers/reviewsController.ts\u001b[0m:\u001b[93m132\u001b[0m:\u001b[93m13\u001b[0m - \u001b[91merror\u001b[0m\u001b[90m TS2322: \u001b[0mType '{ include: { model: typeof Order; as: string; }[]; }' is not assignable to type 'FindAttributeOptions | undefined'.\r\n  Types of property 'include' are incompatible.\r\n    Type '{ model: typeof Order; as: string; }[]' is not assignable to type '(string | ProjectionAlias)[]'.\r\n      Object literal may only specify known properties, and 'model' does not exist in type 'ProjectionAlias'.\r\n\r\n\u001b[7m132\u001b[0m             model: Order,\r\n\u001b[7m   \u001b[0m \u001b[91m            ~~~~~\u001b[0m\r\n\u001b[96msrc/controllers/reviewsController.ts\u001b[0m:\u001b[93m135\u001b[0m:\u001b[93m5\u001b[0m - \u001b[91merror\u001b[0m\u001b[90m TS1137: \u001b[0mExpression or comma expected.\r\n\r\n\u001b[7m135\u001b[0m     }) as Review & { userId: string };\r\n\u001b[7m   \u001b[0m \u001b[91m    ~\u001b[0m\r\n\u001b[96msrc/controllers/reviewsController.ts\u001b[0m:\u001b[93m135\u001b[0m:\u001b[93m6\u001b[0m - \u001b[91merror\u001b[0m\u001b[90m TS1005: \u001b[0m',' expected.\r\n\r\n\u001b[7m135\u001b[0m     }) as Review & { userId: string };\r\n\u001b[7m   \u001b[0m \u001b[91m     ~\u001b[0m\r\n\n    at createTSError (C:\\Users\\Rawan\\Desktop\\final\\backend-final-G3\\node_modules\\ts-node\\src\\index.ts:859:12)\n    at reportTSError (C:\\Users\\Rawan\\Desktop\\final\\backend-final-G3\\node_modules\\ts-node\\src\\index.ts:863:19)\n    at getOutput (C:\\Users\\Rawan\\Desktop\\final\\backend-final-G3\\node_modules\\ts-node\\src\\index.ts:1077:36)\n    at Object.compile (C:\\Users\\Rawan\\Desktop\\final\\backend-final-G3\\node_modules\\ts-node\\src\\index.ts:1433:41)\n    at Module.m._compile (C:\\Users\\Rawan\\Desktop\\final\\backend-final-G3\\node_modules\\ts-node\\src\\index.ts:1617:30)\n    at Module._extensions..js (node:internal/modules/cjs/loader:1416:10)\n    at Object.require.extensions.<computed> [as .ts] (C:\\Users\\Rawan\\Desktop\\final\\backend-final-G3\\node_modules\\ts-node\\src\\index.ts:1621:12)\n    at Module.load (node:internal/modules/cjs/loader:1208:32)\n    at Function.Module._load (node:internal/modules/cjs/loader:1024:12)\n    at Module.require (node:internal/modules/cjs/loader:1233:19)","os":{"loadavg":[0,0,0],"uptime":1031697.937},"process":{"argv":["C:\\Users\\Rawan\\Desktop\\final\\backend-final-G3\\node_modules\\ts-node\\dist\\bin.js","C:\\Users\\Rawan\\Desktop\\final\\backend-final-G3\\src\\server.ts"],"cwd":"C:\\Users\\Rawan\\Desktop\\final\\backend-final-G3","execPath":"C:\\nodejs\\node.exe","gid":null,"memoryUsage":{"arrayBuffers":2498571,"external":5824481,"heapTotal":277839872,"heapUsed":241739856,"rss":321220608},"pid":47012,"uid":null,"version":"v20.16.0"},"stack":"TSError: ⨯ Unable to compile TypeScript:\n\u001b[96msrc/controllers/reviewsController.ts\u001b[0m:\u001b[93m132\u001b[0m:\u001b[93m13\u001b[0m - \u001b[91merror\u001b[0m\u001b[90m TS2322: \u001b[0mType '{ include: { model: typeof Order; as: string; }[]; }' is not assignable to type 'FindAttributeOptions | undefined'.\r\n  Types of property 'include' are incompatible.\r\n    Type '{ model: typeof Order; as: string; }[]' is not assignable to type '(string | ProjectionAlias)[]'.\r\n      Object literal may only specify known properties, and 'model' does not exist in type 'ProjectionAlias'.\r\n\r\n\u001b[7m132\u001b[0m             model: Order,\r\n\u001b[7m   \u001b[0m \u001b[91m            ~~~~~\u001b[0m\r\n\u001b[96msrc/controllers/reviewsController.ts\u001b[0m:\u001b[93m135\u001b[0m:\u001b[93m5\u001b[0m - \u001b[91merror\u001b[0m\u001b[90m TS1137: \u001b[0mExpression or comma expected.\r\n\r\n\u001b[7m135\u001b[0m     }) as Review & { userId: string };\r\n\u001b[7m   \u001b[0m \u001b[91m    ~\u001b[0m\r\n\u001b[96msrc/controllers/reviewsController.ts\u001b[0m:\u001b[93m135\u001b[0m:\u001b[93m6\u001b[0m - \u001b[91merror\u001b[0m\u001b[90m TS1005: \u001b[0m',' expected.\r\n\r\n\u001b[7m135\u001b[0m     }) as Review & { userId: string };\r\n\u001b[7m   \u001b[0m \u001b[91m     ~\u001b[0m\r\n\n    at createTSError (C:\\Users\\Rawan\\Desktop\\final\\backend-final-G3\\node_modules\\ts-node\\src\\index.ts:859:12)\n    at reportTSError (C:\\Users\\Rawan\\Desktop\\final\\backend-final-G3\\node_modules\\ts-node\\src\\index.ts:863:19)\n    at getOutput (C:\\Users\\Rawan\\Desktop\\final\\backend-final-G3\\node_modules\\ts-node\\src\\index.ts:1077:36)\n    at Object.compile (C:\\Users\\Rawan\\Desktop\\final\\backend-final-G3\\node_modules\\ts-node\\src\\index.ts:1433:41)\n    at Module.m._compile (C:\\Users\\Rawan\\Desktop\\final\\backend-final-G3\\node_modules\\ts-node\\src\\index.ts:1617:30)\n    at Module._extensions..js (node:internal/modules/cjs/loader:1416:10)\n    at Object.require.extensions.<computed> [as .ts] (C:\\Users\\Rawan\\Desktop\\final\\backend-final-G3\\node_modules\\ts-node\\src\\index.ts:1621:12)\n    at Module.load (node:internal/modules/cjs/loader:1208:32)\n    at Function.Module._load (node:internal/modules/cjs/loader:1024:12)\n    at Module.require (node:internal/modules/cjs/loader:1233:19)","timestamp":"2024-08-26T00:05:20.343Z","trace":[{"column":12,"file":"C:\\Users\\Rawan\\Desktop\\final\\backend-final-G3\\node_modules\\ts-node\\src\\index.ts","function":"createTSError","line":859,"method":null,"native":false},{"column":19,"file":"C:\\Users\\Rawan\\Desktop\\final\\backend-final-G3\\node_modules\\ts-node\\src\\index.ts","function":"reportTSError","line":863,"method":null,"native":false},{"column":36,"file":"C:\\Users\\Rawan\\Desktop\\final\\backend-final-G3\\node_modules\\ts-node\\src\\index.ts","function":"getOutput","line":1077,"method":null,"native":false},{"column":41,"file":"C:\\Users\\Rawan\\Desktop\\final\\backend-final-G3\\node_modules\\ts-node\\src\\index.ts","function":"Object.compile","line":1433,"method":"compile","native":false},{"column":30,"file":"C:\\Users\\Rawan\\Desktop\\final\\backend-final-G3\\node_modules\\ts-node\\src\\index.ts","function":"Module.m._compile","line":1617,"method":"_compile","native":false},{"column":10,"file":"node:internal/modules/cjs/loader","function":"Module._extensions..js","line":1416,"method":".js","native":false},{"column":12,"file":"C:\\Users\\Rawan\\Desktop\\final\\backend-final-G3\\node_modules\\ts-node\\src\\index.ts","function":"Object.require.extensions.<computed> [as .ts]","line":1621,"method":"ts]","native":false},{"column":32,"file":"node:internal/modules/cjs/loader","function":"Module.load","line":1208,"method":"load","native":false},{"column":12,"file":"node:internal/modules/cjs/loader","function":"Module._load","line":1024,"method":"_load","native":false},{"column":19,"file":"node:internal/modules/cjs/loader","function":"Module.require","line":1233,"method":"require","native":false}]}
{"date":"Mon Aug 26 2024 03:05:30 GMT+0300 (Eastern European Summer Time)","error":{"diagnosticCodes":[2322]},"exception":true,"level":"error","message":"uncaughtException: ⨯ Unable to compile TypeScript:\n\u001b[96msrc/controllers/reviewsController.ts\u001b[0m:\u001b[93m132\u001b[0m:\u001b[93m13\u001b[0m - \u001b[91merror\u001b[0m\u001b[90m TS2322: \u001b[0mType '{ include: { model: typeof Order; as: string; }[]; }' is not assignable to type 'FindAttributeOptions | undefined'.\r\n  Types of property 'include' are incompatible.\r\n    Type '{ model: typeof Order; as: string; }[]' is not assignable to type '(string | ProjectionAlias)[]'.\r\n      Object literal may only specify known properties, and 'model' does not exist in type 'ProjectionAlias'.\r\n\r\n\u001b[7m132\u001b[0m             model: Order,\r\n\u001b[7m   \u001b[0m \u001b[91m            ~~~~~\u001b[0m\r\n\nTSError: ⨯ Unable to compile TypeScript:\n\u001b[96msrc/controllers/reviewsController.ts\u001b[0m:\u001b[93m132\u001b[0m:\u001b[93m13\u001b[0m - \u001b[91merror\u001b[0m\u001b[90m TS2322: \u001b[0mType '{ include: { model: typeof Order; as: string; }[]; }' is not assignable to type 'FindAttributeOptions | undefined'.\r\n  Types of property 'include' are incompatible.\r\n    Type '{ model: typeof Order; as: string; }[]' is not assignable to type '(string | ProjectionAlias)[]'.\r\n      Object literal may only specify known properties, and 'model' does not exist in type 'ProjectionAlias'.\r\n\r\n\u001b[7m132\u001b[0m             model: Order,\r\n\u001b[7m   \u001b[0m \u001b[91m            ~~~~~\u001b[0m\r\n\n    at createTSError (C:\\Users\\Rawan\\Desktop\\final\\backend-final-G3\\node_modules\\ts-node\\src\\index.ts:859:12)\n    at reportTSError (C:\\Users\\Rawan\\Desktop\\final\\backend-final-G3\\node_modules\\ts-node\\src\\index.ts:863:19)\n    at getOutput (C:\\Users\\Rawan\\Desktop\\final\\backend-final-G3\\node_modules\\ts-node\\src\\index.ts:1077:36)\n    at Object.compile (C:\\Users\\Rawan\\Desktop\\final\\backend-final-G3\\node_modules\\ts-node\\src\\index.ts:1433:41)\n    at Module.m._compile (C:\\Users\\Rawan\\Desktop\\final\\backend-final-G3\\node_modules\\ts-node\\src\\index.ts:1617:30)\n    at Module._extensions..js (node:internal/modules/cjs/loader:1416:10)\n    at Object.require.extensions.<computed> [as .ts] (C:\\Users\\Rawan\\Desktop\\final\\backend-final-G3\\node_modules\\ts-node\\src\\index.ts:1621:12)\n    at Module.load (node:internal/modules/cjs/loader:1208:32)\n    at Function.Module._load (node:internal/modules/cjs/loader:1024:12)\n    at Module.require (node:internal/modules/cjs/loader:1233:19)","os":{"loadavg":[0,0,0],"uptime":1031708.343},"process":{"argv":["C:\\Users\\Rawan\\Desktop\\final\\backend-final-G3\\node_modules\\ts-node\\dist\\bin.js","C:\\Users\\Rawan\\Desktop\\final\\backend-final-G3\\src\\server.ts"],"cwd":"C:\\Users\\Rawan\\Desktop\\final\\backend-final-G3","execPath":"C:\\nodejs\\node.exe","gid":null,"memoryUsage":{"arrayBuffers":2498507,"external":5824417,"heapTotal":279150592,"heapUsed":243297224,"rss":321622016},"pid":38048,"uid":null,"version":"v20.16.0"},"stack":"TSError: ⨯ Unable to compile TypeScript:\n\u001b[96msrc/controllers/reviewsController.ts\u001b[0m:\u001b[93m132\u001b[0m:\u001b[93m13\u001b[0m - \u001b[91merror\u001b[0m\u001b[90m TS2322: \u001b[0mType '{ include: { model: typeof Order; as: string; }[]; }' is not assignable to type 'FindAttributeOptions | undefined'.\r\n  Types of property 'include' are incompatible.\r\n    Type '{ model: typeof Order; as: string; }[]' is not assignable to type '(string | ProjectionAlias)[]'.\r\n      Object literal may only specify known properties, and 'model' does not exist in type 'ProjectionAlias'.\r\n\r\n\u001b[7m132\u001b[0m             model: Order,\r\n\u001b[7m   \u001b[0m \u001b[91m            ~~~~~\u001b[0m\r\n\n    at createTSError (C:\\Users\\Rawan\\Desktop\\final\\backend-final-G3\\node_modules\\ts-node\\src\\index.ts:859:12)\n    at reportTSError (C:\\Users\\Rawan\\Desktop\\final\\backend-final-G3\\node_modules\\ts-node\\src\\index.ts:863:19)\n    at getOutput (C:\\Users\\Rawan\\Desktop\\final\\backend-final-G3\\node_modules\\ts-node\\src\\index.ts:1077:36)\n    at Object.compile (C:\\Users\\Rawan\\Desktop\\final\\backend-final-G3\\node_modules\\ts-node\\src\\index.ts:1433:41)\n    at Module.m._compile (C:\\Users\\Rawan\\Desktop\\final\\backend-final-G3\\node_modules\\ts-node\\src\\index.ts:1617:30)\n    at Module._extensions..js (node:internal/modules/cjs/loader:1416:10)\n    at Object.require.extensions.<computed> [as .ts] (C:\\Users\\Rawan\\Desktop\\final\\backend-final-G3\\node_modules\\ts-node\\src\\index.ts:1621:12)\n    at Module.load (node:internal/modules/cjs/loader:1208:32)\n    at Function.Module._load (node:internal/modules/cjs/loader:1024:12)\n    at Module.require (node:internal/modules/cjs/loader:1233:19)","timestamp":"2024-08-26T00:05:30.757Z","trace":[{"column":12,"file":"C:\\Users\\Rawan\\Desktop\\final\\backend-final-G3\\node_modules\\ts-node\\src\\index.ts","function":"createTSError","line":859,"method":null,"native":false},{"column":19,"file":"C:\\Users\\Rawan\\Desktop\\final\\backend-final-G3\\node_modules\\ts-node\\src\\index.ts","function":"reportTSError","line":863,"method":null,"native":false},{"column":36,"file":"C:\\Users\\Rawan\\Desktop\\final\\backend-final-G3\\node_modules\\ts-node\\src\\index.ts","function":"getOutput","line":1077,"method":null,"native":false},{"column":41,"file":"C:\\Users\\Rawan\\Desktop\\final\\backend-final-G3\\node_modules\\ts-node\\src\\index.ts","function":"Object.compile","line":1433,"method":"compile","native":false},{"column":30,"file":"C:\\Users\\Rawan\\Desktop\\final\\backend-final-G3\\node_modules\\ts-node\\src\\index.ts","function":"Module.m._compile","line":1617,"method":"_compile","native":false},{"column":10,"file":"node:internal/modules/cjs/loader","function":"Module._extensions..js","line":1416,"method":".js","native":false},{"column":12,"file":"C:\\Users\\Rawan\\Desktop\\final\\backend-final-G3\\node_modules\\ts-node\\src\\index.ts","function":"Object.require.extensions.<computed> [as .ts]","line":1621,"method":"ts]","native":false},{"column":32,"file":"node:internal/modules/cjs/loader","function":"Module.load","line":1208,"method":"load","native":false},{"column":12,"file":"node:internal/modules/cjs/loader","function":"Module._load","line":1024,"method":"_load","native":false},{"column":19,"file":"node:internal/modules/cjs/loader","function":"Module.require","line":1233,"method":"require","native":false}]}
{"date":"Mon Aug 26 2024 03:05:34 GMT+0300 (Eastern European Summer Time)","error":{"diagnosticCodes":[2322]},"exception":true,"level":"error","message":"uncaughtException: ⨯ Unable to compile TypeScript:\n\u001b[96msrc/controllers/reviewsController.ts\u001b[0m:\u001b[93m132\u001b[0m:\u001b[93m13\u001b[0m - \u001b[91merror\u001b[0m\u001b[90m TS2322: \u001b[0mType '{ include: { model: typeof Order; as: string; }[]; }' is not assignable to type 'FindAttributeOptions | undefined'.\r\n  Types of property 'include' are incompatible.\r\n    Type '{ model: typeof Order; as: string; }[]' is not assignable to type '(string | ProjectionAlias)[]'.\r\n      Object literal may only specify known properties, and 'model' does not exist in type 'ProjectionAlias'.\r\n\r\n\u001b[7m132\u001b[0m             model: Order,\r\n\u001b[7m   \u001b[0m \u001b[91m            ~~~~~\u001b[0m\r\n\nTSError: ⨯ Unable to compile TypeScript:\n\u001b[96msrc/controllers/reviewsController.ts\u001b[0m:\u001b[93m132\u001b[0m:\u001b[93m13\u001b[0m - \u001b[91merror\u001b[0m\u001b[90m TS2322: \u001b[0mType '{ include: { model: typeof Order; as: string; }[]; }' is not assignable to type 'FindAttributeOptions | undefined'.\r\n  Types of property 'include' are incompatible.\r\n    Type '{ model: typeof Order; as: string; }[]' is not assignable to type '(string | ProjectionAlias)[]'.\r\n      Object literal may only specify known properties, and 'model' does not exist in type 'ProjectionAlias'.\r\n\r\n\u001b[7m132\u001b[0m             model: Order,\r\n\u001b[7m   \u001b[0m \u001b[91m            ~~~~~\u001b[0m\r\n\n    at createTSError (C:\\Users\\Rawan\\Desktop\\final\\backend-final-G3\\node_modules\\ts-node\\src\\index.ts:859:12)\n    at reportTSError (C:\\Users\\Rawan\\Desktop\\final\\backend-final-G3\\node_modules\\ts-node\\src\\index.ts:863:19)\n    at getOutput (C:\\Users\\Rawan\\Desktop\\final\\backend-final-G3\\node_modules\\ts-node\\src\\index.ts:1077:36)\n    at Object.compile (C:\\Users\\Rawan\\Desktop\\final\\backend-final-G3\\node_modules\\ts-node\\src\\index.ts:1433:41)\n    at Module.m._compile (C:\\Users\\Rawan\\Desktop\\final\\backend-final-G3\\node_modules\\ts-node\\src\\index.ts:1617:30)\n    at Module._extensions..js (node:internal/modules/cjs/loader:1416:10)\n    at Object.require.extensions.<computed> [as .ts] (C:\\Users\\Rawan\\Desktop\\final\\backend-final-G3\\node_modules\\ts-node\\src\\index.ts:1621:12)\n    at Module.load (node:internal/modules/cjs/loader:1208:32)\n    at Function.Module._load (node:internal/modules/cjs/loader:1024:12)\n    at Module.require (node:internal/modules/cjs/loader:1233:19)","os":{"loadavg":[0,0,0],"uptime":1031711.593},"process":{"argv":["C:\\Users\\Rawan\\Desktop\\final\\backend-final-G3\\node_modules\\ts-node\\dist\\bin.js","C:\\Users\\Rawan\\Desktop\\final\\backend-final-G3\\src\\server.ts"],"cwd":"C:\\Users\\Rawan\\Desktop\\final\\backend-final-G3","execPath":"C:\\nodejs\\node.exe","gid":null,"memoryUsage":{"arrayBuffers":2498491,"external":5824401,"heapTotal":278626304,"heapUsed":244886944,"rss":322469888},"pid":47896,"uid":null,"version":"v20.16.0"},"stack":"TSError: ⨯ Unable to compile TypeScript:\n\u001b[96msrc/controllers/reviewsController.ts\u001b[0m:\u001b[93m132\u001b[0m:\u001b[93m13\u001b[0m - \u001b[91merror\u001b[0m\u001b[90m TS2322: \u001b[0mType '{ include: { model: typeof Order; as: string; }[]; }' is not assignable to type 'FindAttributeOptions | undefined'.\r\n  Types of property 'include' are incompatible.\r\n    Type '{ model: typeof Order; as: string; }[]' is not assignable to type '(string | ProjectionAlias)[]'.\r\n      Object literal may only specify known properties, and 'model' does not exist in type 'ProjectionAlias'.\r\n\r\n\u001b[7m132\u001b[0m             model: Order,\r\n\u001b[7m   \u001b[0m \u001b[91m            ~~~~~\u001b[0m\r\n\n    at createTSError (C:\\Users\\Rawan\\Desktop\\final\\backend-final-G3\\node_modules\\ts-node\\src\\index.ts:859:12)\n    at reportTSError (C:\\Users\\Rawan\\Desktop\\final\\backend-final-G3\\node_modules\\ts-node\\src\\index.ts:863:19)\n    at getOutput (C:\\Users\\Rawan\\Desktop\\final\\backend-final-G3\\node_modules\\ts-node\\src\\index.ts:1077:36)\n    at Object.compile (C:\\Users\\Rawan\\Desktop\\final\\backend-final-G3\\node_modules\\ts-node\\src\\index.ts:1433:41)\n    at Module.m._compile (C:\\Users\\Rawan\\Desktop\\final\\backend-final-G3\\node_modules\\ts-node\\src\\index.ts:1617:30)\n    at Module._extensions..js (node:internal/modules/cjs/loader:1416:10)\n    at Object.require.extensions.<computed> [as .ts] (C:\\Users\\Rawan\\Desktop\\final\\backend-final-G3\\node_modules\\ts-node\\src\\index.ts:1621:12)\n    at Module.load (node:internal/modules/cjs/loader:1208:32)\n    at Function.Module._load (node:internal/modules/cjs/loader:1024:12)\n    at Module.require (node:internal/modules/cjs/loader:1233:19)","timestamp":"2024-08-26T00:05:34.006Z","trace":[{"column":12,"file":"C:\\Users\\Rawan\\Desktop\\final\\backend-final-G3\\node_modules\\ts-node\\src\\index.ts","function":"createTSError","line":859,"method":null,"native":false},{"column":19,"file":"C:\\Users\\Rawan\\Desktop\\final\\backend-final-G3\\node_modules\\ts-node\\src\\index.ts","function":"reportTSError","line":863,"method":null,"native":false},{"column":36,"file":"C:\\Users\\Rawan\\Desktop\\final\\backend-final-G3\\node_modules\\ts-node\\src\\index.ts","function":"getOutput","line":1077,"method":null,"native":false},{"column":41,"file":"C:\\Users\\Rawan\\Desktop\\final\\backend-final-G3\\node_modules\\ts-node\\src\\index.ts","function":"Object.compile","line":1433,"method":"compile","native":false},{"column":30,"file":"C:\\Users\\Rawan\\Desktop\\final\\backend-final-G3\\node_modules\\ts-node\\src\\index.ts","function":"Module.m._compile","line":1617,"method":"_compile","native":false},{"column":10,"file":"node:internal/modules/cjs/loader","function":"Module._extensions..js","line":1416,"method":".js","native":false},{"column":12,"file":"C:\\Users\\Rawan\\Desktop\\final\\backend-final-G3\\node_modules\\ts-node\\src\\index.ts","function":"Object.require.extensions.<computed> [as .ts]","line":1621,"method":"ts]","native":false},{"column":32,"file":"node:internal/modules/cjs/loader","function":"Module.load","line":1208,"method":"load","native":false},{"column":12,"file":"node:internal/modules/cjs/loader","function":"Module._load","line":1024,"method":"_load","native":false},{"column":19,"file":"node:internal/modules/cjs/loader","function":"Module.require","line":1233,"method":"require","native":false}]}
{"date":"Mon Aug 26 2024 03:17:27 GMT+0300 (Eastern European Summer Time)","error":{"diagnosticCodes":[2304,2304,2304,1136]},"exception":true,"level":"error","message":"uncaughtException: ⨯ Unable to compile TypeScript:\n\u001b[96msrc/db-files/models/Review.ts\u001b[0m:\u001b[93m36\u001b[0m:\u001b[93m15\u001b[0m - \u001b[91merror\u001b[0m\u001b[90m TS2304: \u001b[0mCannot find name 'recalculateProductRatingHook'.\r\n\r\n\u001b[7m36\u001b[0m         await recalculateProductRatingHook(review);\r\n\u001b[7m  \u001b[0m \u001b[91m              ~~~~~~~~~~~~~~~~~~~~~~~~~~~~\u001b[0m\r\n\u001b[96msrc/db-files/models/Review.ts\u001b[0m:\u001b[93m39\u001b[0m:\u001b[93m15\u001b[0m - \u001b[91merror\u001b[0m\u001b[90m TS2304: \u001b[0mCannot find name 'recalculateProductRatingHook'.\r\n\r\n\u001b[7m39\u001b[0m         await recalculateProductRatingHook(review);\r\n\u001b[7m  \u001b[0m \u001b[91m              ~~~~~~~~~~~~~~~~~~~~~~~~~~~~\u001b[0m\r\n\u001b[96msrc/db-files/models/Review.ts\u001b[0m:\u001b[93m42\u001b[0m:\u001b[93m15\u001b[0m - \u001b[91merror\u001b[0m\u001b[90m TS2304: \u001b[0mCannot find name 'recalculateProductRatingHook'.\r\n\r\n\u001b[7m42\u001b[0m         await recalculateProductRatingHook(review);\r\n\u001b[7m  \u001b[0m \u001b[91m              ~~~~~~~~~~~~~~~~~~~~~~~~~~~~\u001b[0m\r\n\u001b[96msrc/db-files/models/Review.ts\u001b[0m:\u001b[93m45\u001b[0m:\u001b[93m1\u001b[0m - \u001b[91merror\u001b[0m\u001b[90m TS1136: \u001b[0mProperty assignment expected.\r\n\r\n\u001b[7m45\u001b[0m );\r\n\u001b[7m  \u001b[0m \u001b[91m~\u001b[0m\r\n\nTSError: ⨯ Unable to compile TypeScript:\n\u001b[96msrc/db-files/models/Review.ts\u001b[0m:\u001b[93m36\u001b[0m:\u001b[93m15\u001b[0m - \u001b[91merror\u001b[0m\u001b[90m TS2304: \u001b[0mCannot find name 'recalculateProductRatingHook'.\r\n\r\n\u001b[7m36\u001b[0m         await recalculateProductRatingHook(review);\r\n\u001b[7m  \u001b[0m \u001b[91m              ~~~~~~~~~~~~~~~~~~~~~~~~~~~~\u001b[0m\r\n\u001b[96msrc/db-files/models/Review.ts\u001b[0m:\u001b[93m39\u001b[0m:\u001b[93m15\u001b[0m - \u001b[91merror\u001b[0m\u001b[90m TS2304: \u001b[0mCannot find name 'recalculateProductRatingHook'.\r\n\r\n\u001b[7m39\u001b[0m         await recalculateProductRatingHook(review);\r\n\u001b[7m  \u001b[0m \u001b[91m              ~~~~~~~~~~~~~~~~~~~~~~~~~~~~\u001b[0m\r\n\u001b[96msrc/db-files/models/Review.ts\u001b[0m:\u001b[93m42\u001b[0m:\u001b[93m15\u001b[0m - \u001b[91merror\u001b[0m\u001b[90m TS2304: \u001b[0mCannot find name 'recalculateProductRatingHook'.\r\n\r\n\u001b[7m42\u001b[0m         await recalculateProductRatingHook(review);\r\n\u001b[7m  \u001b[0m \u001b[91m              ~~~~~~~~~~~~~~~~~~~~~~~~~~~~\u001b[0m\r\n\u001b[96msrc/db-files/models/Review.ts\u001b[0m:\u001b[93m45\u001b[0m:\u001b[93m1\u001b[0m - \u001b[91merror\u001b[0m\u001b[90m TS1136: \u001b[0mProperty assignment expected.\r\n\r\n\u001b[7m45\u001b[0m );\r\n\u001b[7m  \u001b[0m \u001b[91m~\u001b[0m\r\n\n    at createTSError (C:\\Users\\Rawan\\Desktop\\final\\backend-final-G3\\node_modules\\ts-node\\src\\index.ts:859:12)\n    at reportTSError (C:\\Users\\Rawan\\Desktop\\final\\backend-final-G3\\node_modules\\ts-node\\src\\index.ts:863:19)\n    at getOutput (C:\\Users\\Rawan\\Desktop\\final\\backend-final-G3\\node_modules\\ts-node\\src\\index.ts:1077:36)\n    at Object.compile (C:\\Users\\Rawan\\Desktop\\final\\backend-final-G3\\node_modules\\ts-node\\src\\index.ts:1433:41)\n    at Module.m._compile (C:\\Users\\Rawan\\Desktop\\final\\backend-final-G3\\node_modules\\ts-node\\src\\index.ts:1617:30)\n    at Module._extensions..js (node:internal/modules/cjs/loader:1416:10)\n    at Object.require.extensions.<computed> [as .ts] (C:\\Users\\Rawan\\Desktop\\final\\backend-final-G3\\node_modules\\ts-node\\src\\index.ts:1621:12)\n    at Module.load (node:internal/modules/cjs/loader:1208:32)\n    at Function.Module._load (node:internal/modules/cjs/loader:1024:12)\n    at Module.require (node:internal/modules/cjs/loader:1233:19)","os":{"loadavg":[0,0,0],"uptime":1032426.156},"process":{"argv":["C:\\Users\\Rawan\\Desktop\\final\\backend-final-G3\\node_modules\\ts-node\\dist\\bin.js","C:\\Users\\Rawan\\Desktop\\final\\backend-final-G3\\src\\server.ts"],"cwd":"C:\\Users\\Rawan\\Desktop\\final\\backend-final-G3","execPath":"C:\\nodejs\\node.exe","gid":null,"memoryUsage":{"arrayBuffers":2501191,"external":5818909,"heapTotal":269189120,"heapUsed":245607408,"rss":309850112},"pid":43364,"uid":null,"version":"v20.16.0"},"stack":"TSError: ⨯ Unable to compile TypeScript:\n\u001b[96msrc/db-files/models/Review.ts\u001b[0m:\u001b[93m36\u001b[0m:\u001b[93m15\u001b[0m - \u001b[91merror\u001b[0m\u001b[90m TS2304: \u001b[0mCannot find name 'recalculateProductRatingHook'.\r\n\r\n\u001b[7m36\u001b[0m         await recalculateProductRatingHook(review);\r\n\u001b[7m  \u001b[0m \u001b[91m              ~~~~~~~~~~~~~~~~~~~~~~~~~~~~\u001b[0m\r\n\u001b[96msrc/db-files/models/Review.ts\u001b[0m:\u001b[93m39\u001b[0m:\u001b[93m15\u001b[0m - \u001b[91merror\u001b[0m\u001b[90m TS2304: \u001b[0mCannot find name 'recalculateProductRatingHook'.\r\n\r\n\u001b[7m39\u001b[0m         await recalculateProductRatingHook(review);\r\n\u001b[7m  \u001b[0m \u001b[91m              ~~~~~~~~~~~~~~~~~~~~~~~~~~~~\u001b[0m\r\n\u001b[96msrc/db-files/models/Review.ts\u001b[0m:\u001b[93m42\u001b[0m:\u001b[93m15\u001b[0m - \u001b[91merror\u001b[0m\u001b[90m TS2304: \u001b[0mCannot find name 'recalculateProductRatingHook'.\r\n\r\n\u001b[7m42\u001b[0m         await recalculateProductRatingHook(review);\r\n\u001b[7m  \u001b[0m \u001b[91m              ~~~~~~~~~~~~~~~~~~~~~~~~~~~~\u001b[0m\r\n\u001b[96msrc/db-files/models/Review.ts\u001b[0m:\u001b[93m45\u001b[0m:\u001b[93m1\u001b[0m - \u001b[91merror\u001b[0m\u001b[90m TS1136: \u001b[0mProperty assignment expected.\r\n\r\n\u001b[7m45\u001b[0m );\r\n\u001b[7m  \u001b[0m \u001b[91m~\u001b[0m\r\n\n    at createTSError (C:\\Users\\Rawan\\Desktop\\final\\backend-final-G3\\node_modules\\ts-node\\src\\index.ts:859:12)\n    at reportTSError (C:\\Users\\Rawan\\Desktop\\final\\backend-final-G3\\node_modules\\ts-node\\src\\index.ts:863:19)\n    at getOutput (C:\\Users\\Rawan\\Desktop\\final\\backend-final-G3\\node_modules\\ts-node\\src\\index.ts:1077:36)\n    at Object.compile (C:\\Users\\Rawan\\Desktop\\final\\backend-final-G3\\node_modules\\ts-node\\src\\index.ts:1433:41)\n    at Module.m._compile (C:\\Users\\Rawan\\Desktop\\final\\backend-final-G3\\node_modules\\ts-node\\src\\index.ts:1617:30)\n    at Module._extensions..js (node:internal/modules/cjs/loader:1416:10)\n    at Object.require.extensions.<computed> [as .ts] (C:\\Users\\Rawan\\Desktop\\final\\backend-final-G3\\node_modules\\ts-node\\src\\index.ts:1621:12)\n    at Module.load (node:internal/modules/cjs/loader:1208:32)\n    at Function.Module._load (node:internal/modules/cjs/loader:1024:12)\n    at Module.require (node:internal/modules/cjs/loader:1233:19)","timestamp":"2024-08-26T00:17:27.340Z","trace":[{"column":12,"file":"C:\\Users\\Rawan\\Desktop\\final\\backend-final-G3\\node_modules\\ts-node\\src\\index.ts","function":"createTSError","line":859,"method":null,"native":false},{"column":19,"file":"C:\\Users\\Rawan\\Desktop\\final\\backend-final-G3\\node_modules\\ts-node\\src\\index.ts","function":"reportTSError","line":863,"method":null,"native":false},{"column":36,"file":"C:\\Users\\Rawan\\Desktop\\final\\backend-final-G3\\node_modules\\ts-node\\src\\index.ts","function":"getOutput","line":1077,"method":null,"native":false},{"column":41,"file":"C:\\Users\\Rawan\\Desktop\\final\\backend-final-G3\\node_modules\\ts-node\\src\\index.ts","function":"Object.compile","line":1433,"method":"compile","native":false},{"column":30,"file":"C:\\Users\\Rawan\\Desktop\\final\\backend-final-G3\\node_modules\\ts-node\\src\\index.ts","function":"Module.m._compile","line":1617,"method":"_compile","native":false},{"column":10,"file":"node:internal/modules/cjs/loader","function":"Module._extensions..js","line":1416,"method":".js","native":false},{"column":12,"file":"C:\\Users\\Rawan\\Desktop\\final\\backend-final-G3\\node_modules\\ts-node\\src\\index.ts","function":"Object.require.extensions.<computed> [as .ts]","line":1621,"method":"ts]","native":false},{"column":32,"file":"node:internal/modules/cjs/loader","function":"Module.load","line":1208,"method":"load","native":false},{"column":12,"file":"node:internal/modules/cjs/loader","function":"Module._load","line":1024,"method":"_load","native":false},{"column":19,"file":"node:internal/modules/cjs/loader","function":"Module.require","line":1233,"method":"require","native":false}]}
{"date":"Mon Aug 26 2024 03:17:38 GMT+0300 (Eastern European Summer Time)","error":{"diagnosticCodes":[2307,1136]},"exception":true,"level":"error","message":"uncaughtException: ⨯ Unable to compile TypeScript:\n\u001b[96msrc/db-files/models/Review.ts\u001b[0m:\u001b[93m3\u001b[0m:\u001b[93m42\u001b[0m - \u001b[91merror\u001b[0m\u001b[90m TS2307: \u001b[0mCannot find module '../' or its corresponding type declarations.\r\n\r\n\u001b[7m3\u001b[0m import recalculateProductRatingHook from '../'\r\n\u001b[7m \u001b[0m \u001b[91m                                         ~~~~~\u001b[0m\r\n\u001b[96msrc/db-files/models/Review.ts\u001b[0m:\u001b[93m46\u001b[0m:\u001b[93m1\u001b[0m - \u001b[91merror\u001b[0m\u001b[90m TS1136: \u001b[0mProperty assignment expected.\r\n\r\n\u001b[7m46\u001b[0m );\r\n\u001b[7m  \u001b[0m \u001b[91m~\u001b[0m\r\n\nTSError: ⨯ Unable to compile TypeScript:\n\u001b[96msrc/db-files/models/Review.ts\u001b[0m:\u001b[93m3\u001b[0m:\u001b[93m42\u001b[0m - \u001b[91merror\u001b[0m\u001b[90m TS2307: \u001b[0mCannot find module '../' or its corresponding type declarations.\r\n\r\n\u001b[7m3\u001b[0m import recalculateProductRatingHook from '../'\r\n\u001b[7m \u001b[0m \u001b[91m                                         ~~~~~\u001b[0m\r\n\u001b[96msrc/db-files/models/Review.ts\u001b[0m:\u001b[93m46\u001b[0m:\u001b[93m1\u001b[0m - \u001b[91merror\u001b[0m\u001b[90m TS1136: \u001b[0mProperty assignment expected.\r\n\r\n\u001b[7m46\u001b[0m );\r\n\u001b[7m  \u001b[0m \u001b[91m~\u001b[0m\r\n\n    at createTSError (C:\\Users\\Rawan\\Desktop\\final\\backend-final-G3\\node_modules\\ts-node\\src\\index.ts:859:12)\n    at reportTSError (C:\\Users\\Rawan\\Desktop\\final\\backend-final-G3\\node_modules\\ts-node\\src\\index.ts:863:19)\n    at getOutput (C:\\Users\\Rawan\\Desktop\\final\\backend-final-G3\\node_modules\\ts-node\\src\\index.ts:1077:36)\n    at Object.compile (C:\\Users\\Rawan\\Desktop\\final\\backend-final-G3\\node_modules\\ts-node\\src\\index.ts:1433:41)\n    at Module.m._compile (C:\\Users\\Rawan\\Desktop\\final\\backend-final-G3\\node_modules\\ts-node\\src\\index.ts:1617:30)\n    at Module._extensions..js (node:internal/modules/cjs/loader:1416:10)\n    at Object.require.extensions.<computed> [as .ts] (C:\\Users\\Rawan\\Desktop\\final\\backend-final-G3\\node_modules\\ts-node\\src\\index.ts:1621:12)\n    at Module.load (node:internal/modules/cjs/loader:1208:32)\n    at Function.Module._load (node:internal/modules/cjs/loader:1024:12)\n    at Module.require (node:internal/modules/cjs/loader:1233:19)","os":{"loadavg":[0,0,0],"uptime":1032437.031},"process":{"argv":["C:\\Users\\Rawan\\Desktop\\final\\backend-final-G3\\node_modules\\ts-node\\dist\\bin.js","C:\\Users\\Rawan\\Desktop\\final\\backend-final-G3\\src\\server.ts"],"cwd":"C:\\Users\\Rawan\\Desktop\\final\\backend-final-G3","execPath":"C:\\nodejs\\node.exe","gid":null,"memoryUsage":{"arrayBuffers":2501279,"external":5818997,"heapTotal":268664832,"heapUsed":243838128,"rss":310493184},"pid":44728,"uid":null,"version":"v20.16.0"},"stack":"TSError: ⨯ Unable to compile TypeScript:\n\u001b[96msrc/db-files/models/Review.ts\u001b[0m:\u001b[93m3\u001b[0m:\u001b[93m42\u001b[0m - \u001b[91merror\u001b[0m\u001b[90m TS2307: \u001b[0mCannot find module '../' or its corresponding type declarations.\r\n\r\n\u001b[7m3\u001b[0m import recalculateProductRatingHook from '../'\r\n\u001b[7m \u001b[0m \u001b[91m                                         ~~~~~\u001b[0m\r\n\u001b[96msrc/db-files/models/Review.ts\u001b[0m:\u001b[93m46\u001b[0m:\u001b[93m1\u001b[0m - \u001b[91merror\u001b[0m\u001b[90m TS1136: \u001b[0mProperty assignment expected.\r\n\r\n\u001b[7m46\u001b[0m );\r\n\u001b[7m  \u001b[0m \u001b[91m~\u001b[0m\r\n\n    at createTSError (C:\\Users\\Rawan\\Desktop\\final\\backend-final-G3\\node_modules\\ts-node\\src\\index.ts:859:12)\n    at reportTSError (C:\\Users\\Rawan\\Desktop\\final\\backend-final-G3\\node_modules\\ts-node\\src\\index.ts:863:19)\n    at getOutput (C:\\Users\\Rawan\\Desktop\\final\\backend-final-G3\\node_modules\\ts-node\\src\\index.ts:1077:36)\n    at Object.compile (C:\\Users\\Rawan\\Desktop\\final\\backend-final-G3\\node_modules\\ts-node\\src\\index.ts:1433:41)\n    at Module.m._compile (C:\\Users\\Rawan\\Desktop\\final\\backend-final-G3\\node_modules\\ts-node\\src\\index.ts:1617:30)\n    at Module._extensions..js (node:internal/modules/cjs/loader:1416:10)\n    at Object.require.extensions.<computed> [as .ts] (C:\\Users\\Rawan\\Desktop\\final\\backend-final-G3\\node_modules\\ts-node\\src\\index.ts:1621:12)\n    at Module.load (node:internal/modules/cjs/loader:1208:32)\n    at Function.Module._load (node:internal/modules/cjs/loader:1024:12)\n    at Module.require (node:internal/modules/cjs/loader:1233:19)","timestamp":"2024-08-26T00:17:38.213Z","trace":[{"column":12,"file":"C:\\Users\\Rawan\\Desktop\\final\\backend-final-G3\\node_modules\\ts-node\\src\\index.ts","function":"createTSError","line":859,"method":null,"native":false},{"column":19,"file":"C:\\Users\\Rawan\\Desktop\\final\\backend-final-G3\\node_modules\\ts-node\\src\\index.ts","function":"reportTSError","line":863,"method":null,"native":false},{"column":36,"file":"C:\\Users\\Rawan\\Desktop\\final\\backend-final-G3\\node_modules\\ts-node\\src\\index.ts","function":"getOutput","line":1077,"method":null,"native":false},{"column":41,"file":"C:\\Users\\Rawan\\Desktop\\final\\backend-final-G3\\node_modules\\ts-node\\src\\index.ts","function":"Object.compile","line":1433,"method":"compile","native":false},{"column":30,"file":"C:\\Users\\Rawan\\Desktop\\final\\backend-final-G3\\node_modules\\ts-node\\src\\index.ts","function":"Module.m._compile","line":1617,"method":"_compile","native":false},{"column":10,"file":"node:internal/modules/cjs/loader","function":"Module._extensions..js","line":1416,"method":".js","native":false},{"column":12,"file":"C:\\Users\\Rawan\\Desktop\\final\\backend-final-G3\\node_modules\\ts-node\\src\\index.ts","function":"Object.require.extensions.<computed> [as .ts]","line":1621,"method":"ts]","native":false},{"column":32,"file":"node:internal/modules/cjs/loader","function":"Module.load","line":1208,"method":"load","native":false},{"column":12,"file":"node:internal/modules/cjs/loader","function":"Module._load","line":1024,"method":"_load","native":false},{"column":19,"file":"node:internal/modules/cjs/loader","function":"Module.require","line":1233,"method":"require","native":false}]}
{"date":"Mon Aug 26 2024 03:17:50 GMT+0300 (Eastern European Summer Time)","error":{"diagnosticCodes":[2307,1136]},"exception":true,"level":"error","message":"uncaughtException: ⨯ Unable to compile TypeScript:\n\u001b[96msrc/db-files/models/Review.ts\u001b[0m:\u001b[93m3\u001b[0m:\u001b[93m42\u001b[0m - \u001b[91merror\u001b[0m\u001b[90m TS2307: \u001b[0mCannot find module '../../' or its corresponding type declarations.\r\n\r\n\u001b[7m3\u001b[0m import recalculateProductRatingHook from '../../'\r\n\u001b[7m \u001b[0m \u001b[91m                                         ~~~~~~~~\u001b[0m\r\n\u001b[96msrc/db-files/models/Review.ts\u001b[0m:\u001b[93m46\u001b[0m:\u001b[93m1\u001b[0m - \u001b[91merror\u001b[0m\u001b[90m TS1136: \u001b[0mProperty assignment expected.\r\n\r\n\u001b[7m46\u001b[0m );\r\n\u001b[7m  \u001b[0m \u001b[91m~\u001b[0m\r\n\nTSError: ⨯ Unable to compile TypeScript:\n\u001b[96msrc/db-files/models/Review.ts\u001b[0m:\u001b[93m3\u001b[0m:\u001b[93m42\u001b[0m - \u001b[91merror\u001b[0m\u001b[90m TS2307: \u001b[0mCannot find module '../../' or its corresponding type declarations.\r\n\r\n\u001b[7m3\u001b[0m import recalculateProductRatingHook from '../../'\r\n\u001b[7m \u001b[0m \u001b[91m                                         ~~~~~~~~\u001b[0m\r\n\u001b[96msrc/db-files/models/Review.ts\u001b[0m:\u001b[93m46\u001b[0m:\u001b[93m1\u001b[0m - \u001b[91merror\u001b[0m\u001b[90m TS1136: \u001b[0mProperty assignment expected.\r\n\r\n\u001b[7m46\u001b[0m );\r\n\u001b[7m  \u001b[0m \u001b[91m~\u001b[0m\r\n\n    at createTSError (C:\\Users\\Rawan\\Desktop\\final\\backend-final-G3\\node_modules\\ts-node\\src\\index.ts:859:12)\n    at reportTSError (C:\\Users\\Rawan\\Desktop\\final\\backend-final-G3\\node_modules\\ts-node\\src\\index.ts:863:19)\n    at getOutput (C:\\Users\\Rawan\\Desktop\\final\\backend-final-G3\\node_modules\\ts-node\\src\\index.ts:1077:36)\n    at Object.compile (C:\\Users\\Rawan\\Desktop\\final\\backend-final-G3\\node_modules\\ts-node\\src\\index.ts:1433:41)\n    at Module.m._compile (C:\\Users\\Rawan\\Desktop\\final\\backend-final-G3\\node_modules\\ts-node\\src\\index.ts:1617:30)\n    at Module._extensions..js (node:internal/modules/cjs/loader:1416:10)\n    at Object.require.extensions.<computed> [as .ts] (C:\\Users\\Rawan\\Desktop\\final\\backend-final-G3\\node_modules\\ts-node\\src\\index.ts:1621:12)\n    at Module.load (node:internal/modules/cjs/loader:1208:32)\n    at Function.Module._load (node:internal/modules/cjs/loader:1024:12)\n    at Module.require (node:internal/modules/cjs/loader:1233:19)","os":{"loadavg":[0,0,0],"uptime":1032449.312},"process":{"argv":["C:\\Users\\Rawan\\Desktop\\final\\backend-final-G3\\node_modules\\ts-node\\dist\\bin.js","C:\\Users\\Rawan\\Desktop\\final\\backend-final-G3\\src\\server.ts"],"cwd":"C:\\Users\\Rawan\\Desktop\\final\\backend-final-G3","execPath":"C:\\nodejs\\node.exe","gid":null,"memoryUsage":{"arrayBuffers":2501191,"external":5818909,"heapTotal":268140544,"heapUsed":243732840,"rss":308740096},"pid":38876,"uid":null,"version":"v20.16.0"},"stack":"TSError: ⨯ Unable to compile TypeScript:\n\u001b[96msrc/db-files/models/Review.ts\u001b[0m:\u001b[93m3\u001b[0m:\u001b[93m42\u001b[0m - \u001b[91merror\u001b[0m\u001b[90m TS2307: \u001b[0mCannot find module '../../' or its corresponding type declarations.\r\n\r\n\u001b[7m3\u001b[0m import recalculateProductRatingHook from '../../'\r\n\u001b[7m \u001b[0m \u001b[91m                                         ~~~~~~~~\u001b[0m\r\n\u001b[96msrc/db-files/models/Review.ts\u001b[0m:\u001b[93m46\u001b[0m:\u001b[93m1\u001b[0m - \u001b[91merror\u001b[0m\u001b[90m TS1136: \u001b[0mProperty assignment expected.\r\n\r\n\u001b[7m46\u001b[0m );\r\n\u001b[7m  \u001b[0m \u001b[91m~\u001b[0m\r\n\n    at createTSError (C:\\Users\\Rawan\\Desktop\\final\\backend-final-G3\\node_modules\\ts-node\\src\\index.ts:859:12)\n    at reportTSError (C:\\Users\\Rawan\\Desktop\\final\\backend-final-G3\\node_modules\\ts-node\\src\\index.ts:863:19)\n    at getOutput (C:\\Users\\Rawan\\Desktop\\final\\backend-final-G3\\node_modules\\ts-node\\src\\index.ts:1077:36)\n    at Object.compile (C:\\Users\\Rawan\\Desktop\\final\\backend-final-G3\\node_modules\\ts-node\\src\\index.ts:1433:41)\n    at Module.m._compile (C:\\Users\\Rawan\\Desktop\\final\\backend-final-G3\\node_modules\\ts-node\\src\\index.ts:1617:30)\n    at Module._extensions..js (node:internal/modules/cjs/loader:1416:10)\n    at Object.require.extensions.<computed> [as .ts] (C:\\Users\\Rawan\\Desktop\\final\\backend-final-G3\\node_modules\\ts-node\\src\\index.ts:1621:12)\n    at Module.load (node:internal/modules/cjs/loader:1208:32)\n    at Function.Module._load (node:internal/modules/cjs/loader:1024:12)\n    at Module.require (node:internal/modules/cjs/loader:1233:19)","timestamp":"2024-08-26T00:17:50.506Z","trace":[{"column":12,"file":"C:\\Users\\Rawan\\Desktop\\final\\backend-final-G3\\node_modules\\ts-node\\src\\index.ts","function":"createTSError","line":859,"method":null,"native":false},{"column":19,"file":"C:\\Users\\Rawan\\Desktop\\final\\backend-final-G3\\node_modules\\ts-node\\src\\index.ts","function":"reportTSError","line":863,"method":null,"native":false},{"column":36,"file":"C:\\Users\\Rawan\\Desktop\\final\\backend-final-G3\\node_modules\\ts-node\\src\\index.ts","function":"getOutput","line":1077,"method":null,"native":false},{"column":41,"file":"C:\\Users\\Rawan\\Desktop\\final\\backend-final-G3\\node_modules\\ts-node\\src\\index.ts","function":"Object.compile","line":1433,"method":"compile","native":false},{"column":30,"file":"C:\\Users\\Rawan\\Desktop\\final\\backend-final-G3\\node_modules\\ts-node\\src\\index.ts","function":"Module.m._compile","line":1617,"method":"_compile","native":false},{"column":10,"file":"node:internal/modules/cjs/loader","function":"Module._extensions..js","line":1416,"method":".js","native":false},{"column":12,"file":"C:\\Users\\Rawan\\Desktop\\final\\backend-final-G3\\node_modules\\ts-node\\src\\index.ts","function":"Object.require.extensions.<computed> [as .ts]","line":1621,"method":"ts]","native":false},{"column":32,"file":"node:internal/modules/cjs/loader","function":"Module.load","line":1208,"method":"load","native":false},{"column":12,"file":"node:internal/modules/cjs/loader","function":"Module._load","line":1024,"method":"_load","native":false},{"column":19,"file":"node:internal/modules/cjs/loader","function":"Module.require","line":1233,"method":"require","native":false}]}
{"date":"Mon Aug 26 2024 03:18:23 GMT+0300 (Eastern European Summer Time)","error":{"diagnosticCodes":[2345,2345,2345,1136]},"exception":true,"level":"error","message":"uncaughtException: ⨯ Unable to compile TypeScript:\n\u001b[96msrc/db-files/models/Review.ts\u001b[0m:\u001b[93m37\u001b[0m:\u001b[93m44\u001b[0m - \u001b[91merror\u001b[0m\u001b[90m TS2345: \u001b[0mArgument of type 'Review' is not assignable to parameter of type 'string'.\r\n\r\n\u001b[7m37\u001b[0m         await recalculateProductRatingHook(review);\r\n\u001b[7m  \u001b[0m \u001b[91m                                           ~~~~~~\u001b[0m\r\n\u001b[96msrc/db-files/models/Review.ts\u001b[0m:\u001b[93m40\u001b[0m:\u001b[93m44\u001b[0m - \u001b[91merror\u001b[0m\u001b[90m TS2345: \u001b[0mArgument of type 'Review' is not assignable to parameter of type 'string'.\r\n\r\n\u001b[7m40\u001b[0m         await recalculateProductRatingHook(review);\r\n\u001b[7m  \u001b[0m \u001b[91m                                           ~~~~~~\u001b[0m\r\n\u001b[96msrc/db-files/models/Review.ts\u001b[0m:\u001b[93m43\u001b[0m:\u001b[93m44\u001b[0m - \u001b[91merror\u001b[0m\u001b[90m TS2345: \u001b[0mArgument of type 'Review' is not assignable to parameter of type 'string'.\r\n\r\n\u001b[7m43\u001b[0m         await recalculateProductRatingHook(review);\r\n\u001b[7m  \u001b[0m \u001b[91m                                           ~~~~~~\u001b[0m\r\n\u001b[96msrc/db-files/models/Review.ts\u001b[0m:\u001b[93m46\u001b[0m:\u001b[93m1\u001b[0m - \u001b[91merror\u001b[0m\u001b[90m TS1136: \u001b[0mProperty assignment expected.\r\n\r\n\u001b[7m46\u001b[0m );\r\n\u001b[7m  \u001b[0m \u001b[91m~\u001b[0m\r\n\nTSError: ⨯ Unable to compile TypeScript:\n\u001b[96msrc/db-files/models/Review.ts\u001b[0m:\u001b[93m37\u001b[0m:\u001b[93m44\u001b[0m - \u001b[91merror\u001b[0m\u001b[90m TS2345: \u001b[0mArgument of type 'Review' is not assignable to parameter of type 'string'.\r\n\r\n\u001b[7m37\u001b[0m         await recalculateProductRatingHook(review);\r\n\u001b[7m  \u001b[0m \u001b[91m                                           ~~~~~~\u001b[0m\r\n\u001b[96msrc/db-files/models/Review.ts\u001b[0m:\u001b[93m40\u001b[0m:\u001b[93m44\u001b[0m - \u001b[91merror\u001b[0m\u001b[90m TS2345: \u001b[0mArgument of type 'Review' is not assignable to parameter of type 'string'.\r\n\r\n\u001b[7m40\u001b[0m         await recalculateProductRatingHook(review);\r\n\u001b[7m  \u001b[0m \u001b[91m                                           ~~~~~~\u001b[0m\r\n\u001b[96msrc/db-files/models/Review.ts\u001b[0m:\u001b[93m43\u001b[0m:\u001b[93m44\u001b[0m - \u001b[91merror\u001b[0m\u001b[90m TS2345: \u001b[0mArgument of type 'Review' is not assignable to parameter of type 'string'.\r\n\r\n\u001b[7m43\u001b[0m         await recalculateProductRatingHook(review);\r\n\u001b[7m  \u001b[0m \u001b[91m                                           ~~~~~~\u001b[0m\r\n\u001b[96msrc/db-files/models/Review.ts\u001b[0m:\u001b[93m46\u001b[0m:\u001b[93m1\u001b[0m - \u001b[91merror\u001b[0m\u001b[90m TS1136: \u001b[0mProperty assignment expected.\r\n\r\n\u001b[7m46\u001b[0m );\r\n\u001b[7m  \u001b[0m \u001b[91m~\u001b[0m\r\n\n    at createTSError (C:\\Users\\Rawan\\Desktop\\final\\backend-final-G3\\node_modules\\ts-node\\src\\index.ts:859:12)\n    at reportTSError (C:\\Users\\Rawan\\Desktop\\final\\backend-final-G3\\node_modules\\ts-node\\src\\index.ts:863:19)\n    at getOutput (C:\\Users\\Rawan\\Desktop\\final\\backend-final-G3\\node_modules\\ts-node\\src\\index.ts:1077:36)\n    at Object.compile (C:\\Users\\Rawan\\Desktop\\final\\backend-final-G3\\node_modules\\ts-node\\src\\index.ts:1433:41)\n    at Module.m._compile (C:\\Users\\Rawan\\Desktop\\final\\backend-final-G3\\node_modules\\ts-node\\src\\index.ts:1617:30)\n    at Module._extensions..js (node:internal/modules/cjs/loader:1416:10)\n    at Object.require.extensions.<computed> [as .ts] (C:\\Users\\Rawan\\Desktop\\final\\backend-final-G3\\node_modules\\ts-node\\src\\index.ts:1621:12)\n    at Module.load (node:internal/modules/cjs/loader:1208:32)\n    at Function.Module._load (node:internal/modules/cjs/loader:1024:12)\n    at Module.require (node:internal/modules/cjs/loader:1233:19)","os":{"loadavg":[0,0,0],"uptime":1032482.078},"process":{"argv":["C:\\Users\\Rawan\\Desktop\\final\\backend-final-G3\\node_modules\\ts-node\\dist\\bin.js","C:\\Users\\Rawan\\Desktop\\final\\backend-final-G3\\src\\server.ts"],"cwd":"C:\\Users\\Rawan\\Desktop\\final\\backend-final-G3","execPath":"C:\\nodejs\\node.exe","gid":null,"memoryUsage":{"arrayBuffers":2501223,"external":5818941,"heapTotal":269451264,"heapUsed":238133712,"rss":307511296},"pid":3224,"uid":null,"version":"v20.16.0"},"stack":"TSError: ⨯ Unable to compile TypeScript:\n\u001b[96msrc/db-files/models/Review.ts\u001b[0m:\u001b[93m37\u001b[0m:\u001b[93m44\u001b[0m - \u001b[91merror\u001b[0m\u001b[90m TS2345: \u001b[0mArgument of type 'Review' is not assignable to parameter of type 'string'.\r\n\r\n\u001b[7m37\u001b[0m         await recalculateProductRatingHook(review);\r\n\u001b[7m  \u001b[0m \u001b[91m                                           ~~~~~~\u001b[0m\r\n\u001b[96msrc/db-files/models/Review.ts\u001b[0m:\u001b[93m40\u001b[0m:\u001b[93m44\u001b[0m - \u001b[91merror\u001b[0m\u001b[90m TS2345: \u001b[0mArgument of type 'Review' is not assignable to parameter of type 'string'.\r\n\r\n\u001b[7m40\u001b[0m         await recalculateProductRatingHook(review);\r\n\u001b[7m  \u001b[0m \u001b[91m                                           ~~~~~~\u001b[0m\r\n\u001b[96msrc/db-files/models/Review.ts\u001b[0m:\u001b[93m43\u001b[0m:\u001b[93m44\u001b[0m - \u001b[91merror\u001b[0m\u001b[90m TS2345: \u001b[0mArgument of type 'Review' is not assignable to parameter of type 'string'.\r\n\r\n\u001b[7m43\u001b[0m         await recalculateProductRatingHook(review);\r\n\u001b[7m  \u001b[0m \u001b[91m                                           ~~~~~~\u001b[0m\r\n\u001b[96msrc/db-files/models/Review.ts\u001b[0m:\u001b[93m46\u001b[0m:\u001b[93m1\u001b[0m - \u001b[91merror\u001b[0m\u001b[90m TS1136: \u001b[0mProperty assignment expected.\r\n\r\n\u001b[7m46\u001b[0m );\r\n\u001b[7m  \u001b[0m \u001b[91m~\u001b[0m\r\n\n    at createTSError (C:\\Users\\Rawan\\Desktop\\final\\backend-final-G3\\node_modules\\ts-node\\src\\index.ts:859:12)\n    at reportTSError (C:\\Users\\Rawan\\Desktop\\final\\backend-final-G3\\node_modules\\ts-node\\src\\index.ts:863:19)\n    at getOutput (C:\\Users\\Rawan\\Desktop\\final\\backend-final-G3\\node_modules\\ts-node\\src\\index.ts:1077:36)\n    at Object.compile (C:\\Users\\Rawan\\Desktop\\final\\backend-final-G3\\node_modules\\ts-node\\src\\index.ts:1433:41)\n    at Module.m._compile (C:\\Users\\Rawan\\Desktop\\final\\backend-final-G3\\node_modules\\ts-node\\src\\index.ts:1617:30)\n    at Module._extensions..js (node:internal/modules/cjs/loader:1416:10)\n    at Object.require.extensions.<computed> [as .ts] (C:\\Users\\Rawan\\Desktop\\final\\backend-final-G3\\node_modules\\ts-node\\src\\index.ts:1621:12)\n    at Module.load (node:internal/modules/cjs/loader:1208:32)\n    at Function.Module._load (node:internal/modules/cjs/loader:1024:12)\n    at Module.require (node:internal/modules/cjs/loader:1233:19)","timestamp":"2024-08-26T00:18:23.289Z","trace":[{"column":12,"file":"C:\\Users\\Rawan\\Desktop\\final\\backend-final-G3\\node_modules\\ts-node\\src\\index.ts","function":"createTSError","line":859,"method":null,"native":false},{"column":19,"file":"C:\\Users\\Rawan\\Desktop\\final\\backend-final-G3\\node_modules\\ts-node\\src\\index.ts","function":"reportTSError","line":863,"method":null,"native":false},{"column":36,"file":"C:\\Users\\Rawan\\Desktop\\final\\backend-final-G3\\node_modules\\ts-node\\src\\index.ts","function":"getOutput","line":1077,"method":null,"native":false},{"column":41,"file":"C:\\Users\\Rawan\\Desktop\\final\\backend-final-G3\\node_modules\\ts-node\\src\\index.ts","function":"Object.compile","line":1433,"method":"compile","native":false},{"column":30,"file":"C:\\Users\\Rawan\\Desktop\\final\\backend-final-G3\\node_modules\\ts-node\\src\\index.ts","function":"Module.m._compile","line":1617,"method":"_compile","native":false},{"column":10,"file":"node:internal/modules/cjs/loader","function":"Module._extensions..js","line":1416,"method":".js","native":false},{"column":12,"file":"C:\\Users\\Rawan\\Desktop\\final\\backend-final-G3\\node_modules\\ts-node\\src\\index.ts","function":"Object.require.extensions.<computed> [as .ts]","line":1621,"method":"ts]","native":false},{"column":32,"file":"node:internal/modules/cjs/loader","function":"Module.load","line":1208,"method":"load","native":false},{"column":12,"file":"node:internal/modules/cjs/loader","function":"Module._load","line":1024,"method":"_load","native":false},{"column":19,"file":"node:internal/modules/cjs/loader","function":"Module.require","line":1233,"method":"require","native":false}]}
{"date":"Mon Aug 26 2024 03:18:46 GMT+0300 (Eastern European Summer Time)","error":{"diagnosticCodes":[2345,2345,2345,1136]},"exception":true,"level":"error","message":"uncaughtException: ⨯ Unable to compile TypeScript:\n\u001b[96msrc/db-files/models/Review.ts\u001b[0m:\u001b[93m37\u001b[0m:\u001b[93m44\u001b[0m - \u001b[91merror\u001b[0m\u001b[90m TS2345: \u001b[0mArgument of type 'Review' is not assignable to parameter of type 'string'.\r\n\r\n\u001b[7m37\u001b[0m         await recalculateProductRatingHook(review);\r\n\u001b[7m  \u001b[0m \u001b[91m                                           ~~~~~~\u001b[0m\r\n\u001b[96msrc/db-files/models/Review.ts\u001b[0m:\u001b[93m40\u001b[0m:\u001b[93m44\u001b[0m - \u001b[91merror\u001b[0m\u001b[90m TS2345: \u001b[0mArgument of type 'Review' is not assignable to parameter of type 'string'.\r\n\r\n\u001b[7m40\u001b[0m         await recalculateProductRatingHook(review);\r\n\u001b[7m  \u001b[0m \u001b[91m                                           ~~~~~~\u001b[0m\r\n\u001b[96msrc/db-files/models/Review.ts\u001b[0m:\u001b[93m43\u001b[0m:\u001b[93m44\u001b[0m - \u001b[91merror\u001b[0m\u001b[90m TS2345: \u001b[0mArgument of type 'Review' is not assignable to parameter of type 'string'.\r\n\r\n\u001b[7m43\u001b[0m         await recalculateProductRatingHook(review);\r\n\u001b[7m  \u001b[0m \u001b[91m                                           ~~~~~~\u001b[0m\r\n\u001b[96msrc/db-files/models/Review.ts\u001b[0m:\u001b[93m46\u001b[0m:\u001b[93m1\u001b[0m - \u001b[91merror\u001b[0m\u001b[90m TS1136: \u001b[0mProperty assignment expected.\r\n\r\n\u001b[7m46\u001b[0m );\r\n\u001b[7m  \u001b[0m \u001b[91m~\u001b[0m\r\n\nTSError: ⨯ Unable to compile TypeScript:\n\u001b[96msrc/db-files/models/Review.ts\u001b[0m:\u001b[93m37\u001b[0m:\u001b[93m44\u001b[0m - \u001b[91merror\u001b[0m\u001b[90m TS2345: \u001b[0mArgument of type 'Review' is not assignable to parameter of type 'string'.\r\n\r\n\u001b[7m37\u001b[0m         await recalculateProductRatingHook(review);\r\n\u001b[7m  \u001b[0m \u001b[91m                                           ~~~~~~\u001b[0m\r\n\u001b[96msrc/db-files/models/Review.ts\u001b[0m:\u001b[93m40\u001b[0m:\u001b[93m44\u001b[0m - \u001b[91merror\u001b[0m\u001b[90m TS2345: \u001b[0mArgument of type 'Review' is not assignable to parameter of type 'string'.\r\n\r\n\u001b[7m40\u001b[0m         await recalculateProductRatingHook(review);\r\n\u001b[7m  \u001b[0m \u001b[91m                                           ~~~~~~\u001b[0m\r\n\u001b[96msrc/db-files/models/Review.ts\u001b[0m:\u001b[93m43\u001b[0m:\u001b[93m44\u001b[0m - \u001b[91merror\u001b[0m\u001b[90m TS2345: \u001b[0mArgument of type 'Review' is not assignable to parameter of type 'string'.\r\n\r\n\u001b[7m43\u001b[0m         await recalculateProductRatingHook(review);\r\n\u001b[7m  \u001b[0m \u001b[91m                                           ~~~~~~\u001b[0m\r\n\u001b[96msrc/db-files/models/Review.ts\u001b[0m:\u001b[93m46\u001b[0m:\u001b[93m1\u001b[0m - \u001b[91merror\u001b[0m\u001b[90m TS1136: \u001b[0mProperty assignment expected.\r\n\r\n\u001b[7m46\u001b[0m );\r\n\u001b[7m  \u001b[0m \u001b[91m~\u001b[0m\r\n\n    at createTSError (C:\\Users\\Rawan\\Desktop\\final\\backend-final-G3\\node_modules\\ts-node\\src\\index.ts:859:12)\n    at reportTSError (C:\\Users\\Rawan\\Desktop\\final\\backend-final-G3\\node_modules\\ts-node\\src\\index.ts:863:19)\n    at getOutput (C:\\Users\\Rawan\\Desktop\\final\\backend-final-G3\\node_modules\\ts-node\\src\\index.ts:1077:36)\n    at Object.compile (C:\\Users\\Rawan\\Desktop\\final\\backend-final-G3\\node_modules\\ts-node\\src\\index.ts:1433:41)\n    at Module.m._compile (C:\\Users\\Rawan\\Desktop\\final\\backend-final-G3\\node_modules\\ts-node\\src\\index.ts:1617:30)\n    at Module._extensions..js (node:internal/modules/cjs/loader:1416:10)\n    at Object.require.extensions.<computed> [as .ts] (C:\\Users\\Rawan\\Desktop\\final\\backend-final-G3\\node_modules\\ts-node\\src\\index.ts:1621:12)\n    at Module.load (node:internal/modules/cjs/loader:1208:32)\n    at Function.Module._load (node:internal/modules/cjs/loader:1024:12)\n    at Module.require (node:internal/modules/cjs/loader:1233:19)","os":{"loadavg":[0,0,0],"uptime":1032505.296},"process":{"argv":["C:\\Users\\Rawan\\Desktop\\final\\backend-final-G3\\node_modules\\ts-node\\dist\\bin.js","C:\\Users\\Rawan\\Desktop\\final\\backend-final-G3\\src\\server.ts"],"cwd":"C:\\Users\\Rawan\\Desktop\\final\\backend-final-G3","execPath":"C:\\nodejs\\node.exe","gid":null,"memoryUsage":{"arrayBuffers":2501287,"external":5819005,"heapTotal":268402688,"heapUsed":244348128,"rss":308883456},"pid":42804,"uid":null,"version":"v20.16.0"},"stack":"TSError: ⨯ Unable to compile TypeScript:\n\u001b[96msrc/db-files/models/Review.ts\u001b[0m:\u001b[93m37\u001b[0m:\u001b[93m44\u001b[0m - \u001b[91merror\u001b[0m\u001b[90m TS2345: \u001b[0mArgument of type 'Review' is not assignable to parameter of type 'string'.\r\n\r\n\u001b[7m37\u001b[0m         await recalculateProductRatingHook(review);\r\n\u001b[7m  \u001b[0m \u001b[91m                                           ~~~~~~\u001b[0m\r\n\u001b[96msrc/db-files/models/Review.ts\u001b[0m:\u001b[93m40\u001b[0m:\u001b[93m44\u001b[0m - \u001b[91merror\u001b[0m\u001b[90m TS2345: \u001b[0mArgument of type 'Review' is not assignable to parameter of type 'string'.\r\n\r\n\u001b[7m40\u001b[0m         await recalculateProductRatingHook(review);\r\n\u001b[7m  \u001b[0m \u001b[91m                                           ~~~~~~\u001b[0m\r\n\u001b[96msrc/db-files/models/Review.ts\u001b[0m:\u001b[93m43\u001b[0m:\u001b[93m44\u001b[0m - \u001b[91merror\u001b[0m\u001b[90m TS2345: \u001b[0mArgument of type 'Review' is not assignable to parameter of type 'string'.\r\n\r\n\u001b[7m43\u001b[0m         await recalculateProductRatingHook(review);\r\n\u001b[7m  \u001b[0m \u001b[91m                                           ~~~~~~\u001b[0m\r\n\u001b[96msrc/db-files/models/Review.ts\u001b[0m:\u001b[93m46\u001b[0m:\u001b[93m1\u001b[0m - \u001b[91merror\u001b[0m\u001b[90m TS1136: \u001b[0mProperty assignment expected.\r\n\r\n\u001b[7m46\u001b[0m );\r\n\u001b[7m  \u001b[0m \u001b[91m~\u001b[0m\r\n\n    at createTSError (C:\\Users\\Rawan\\Desktop\\final\\backend-final-G3\\node_modules\\ts-node\\src\\index.ts:859:12)\n    at reportTSError (C:\\Users\\Rawan\\Desktop\\final\\backend-final-G3\\node_modules\\ts-node\\src\\index.ts:863:19)\n    at getOutput (C:\\Users\\Rawan\\Desktop\\final\\backend-final-G3\\node_modules\\ts-node\\src\\index.ts:1077:36)\n    at Object.compile (C:\\Users\\Rawan\\Desktop\\final\\backend-final-G3\\node_modules\\ts-node\\src\\index.ts:1433:41)\n    at Module.m._compile (C:\\Users\\Rawan\\Desktop\\final\\backend-final-G3\\node_modules\\ts-node\\src\\index.ts:1617:30)\n    at Module._extensions..js (node:internal/modules/cjs/loader:1416:10)\n    at Object.require.extensions.<computed> [as .ts] (C:\\Users\\Rawan\\Desktop\\final\\backend-final-G3\\node_modules\\ts-node\\src\\index.ts:1621:12)\n    at Module.load (node:internal/modules/cjs/loader:1208:32)\n    at Function.Module._load (node:internal/modules/cjs/loader:1024:12)\n    at Module.require (node:internal/modules/cjs/loader:1233:19)","timestamp":"2024-08-26T00:18:46.486Z","trace":[{"column":12,"file":"C:\\Users\\Rawan\\Desktop\\final\\backend-final-G3\\node_modules\\ts-node\\src\\index.ts","function":"createTSError","line":859,"method":null,"native":false},{"column":19,"file":"C:\\Users\\Rawan\\Desktop\\final\\backend-final-G3\\node_modules\\ts-node\\src\\index.ts","function":"reportTSError","line":863,"method":null,"native":false},{"column":36,"file":"C:\\Users\\Rawan\\Desktop\\final\\backend-final-G3\\node_modules\\ts-node\\src\\index.ts","function":"getOutput","line":1077,"method":null,"native":false},{"column":41,"file":"C:\\Users\\Rawan\\Desktop\\final\\backend-final-G3\\node_modules\\ts-node\\src\\index.ts","function":"Object.compile","line":1433,"method":"compile","native":false},{"column":30,"file":"C:\\Users\\Rawan\\Desktop\\final\\backend-final-G3\\node_modules\\ts-node\\src\\index.ts","function":"Module.m._compile","line":1617,"method":"_compile","native":false},{"column":10,"file":"node:internal/modules/cjs/loader","function":"Module._extensions..js","line":1416,"method":".js","native":false},{"column":12,"file":"C:\\Users\\Rawan\\Desktop\\final\\backend-final-G3\\node_modules\\ts-node\\src\\index.ts","function":"Object.require.extensions.<computed> [as .ts]","line":1621,"method":"ts]","native":false},{"column":32,"file":"node:internal/modules/cjs/loader","function":"Module.load","line":1208,"method":"load","native":false},{"column":12,"file":"node:internal/modules/cjs/loader","function":"Module._load","line":1024,"method":"_load","native":false},{"column":19,"file":"node:internal/modules/cjs/loader","function":"Module.require","line":1233,"method":"require","native":false}]}
{"date":"Mon Aug 26 2024 03:19:09 GMT+0300 (Eastern European Summer Time)","error":{"diagnosticCodes":[2304,2345,2345,1136]},"exception":true,"level":"error","message":"uncaughtException: ⨯ Unable to compile TypeScript:\n\u001b[96msrc/db-files/models/Review.ts\u001b[0m:\u001b[93m37\u001b[0m:\u001b[93m44\u001b[0m - \u001b[91merror\u001b[0m\u001b[90m TS2304: \u001b[0mCannot find name 'id'.\r\n\r\n\u001b[7m37\u001b[0m         await recalculateProductRatingHook(id);\r\n\u001b[7m  \u001b[0m \u001b[91m                                           ~~\u001b[0m\r\n\u001b[96msrc/db-files/models/Review.ts\u001b[0m:\u001b[93m40\u001b[0m:\u001b[93m44\u001b[0m - \u001b[91merror\u001b[0m\u001b[90m TS2345: \u001b[0mArgument of type 'Review' is not assignable to parameter of type 'string'.\r\n\r\n\u001b[7m40\u001b[0m         await recalculateProductRatingHook(review);\r\n\u001b[7m  \u001b[0m \u001b[91m                                           ~~~~~~\u001b[0m\r\n\u001b[96msrc/db-files/models/Review.ts\u001b[0m:\u001b[93m43\u001b[0m:\u001b[93m44\u001b[0m - \u001b[91merror\u001b[0m\u001b[90m TS2345: \u001b[0mArgument of type 'Review' is not assignable to parameter of type 'string'.\r\n\r\n\u001b[7m43\u001b[0m         await recalculateProductRatingHook(review);\r\n\u001b[7m  \u001b[0m \u001b[91m                                           ~~~~~~\u001b[0m\r\n\u001b[96msrc/db-files/models/Review.ts\u001b[0m:\u001b[93m46\u001b[0m:\u001b[93m1\u001b[0m - \u001b[91merror\u001b[0m\u001b[90m TS1136: \u001b[0mProperty assignment expected.\r\n\r\n\u001b[7m46\u001b[0m );\r\n\u001b[7m  \u001b[0m \u001b[91m~\u001b[0m\r\n\nTSError: ⨯ Unable to compile TypeScript:\n\u001b[96msrc/db-files/models/Review.ts\u001b[0m:\u001b[93m37\u001b[0m:\u001b[93m44\u001b[0m - \u001b[91merror\u001b[0m\u001b[90m TS2304: \u001b[0mCannot find name 'id'.\r\n\r\n\u001b[7m37\u001b[0m         await recalculateProductRatingHook(id);\r\n\u001b[7m  \u001b[0m \u001b[91m                                           ~~\u001b[0m\r\n\u001b[96msrc/db-files/models/Review.ts\u001b[0m:\u001b[93m40\u001b[0m:\u001b[93m44\u001b[0m - \u001b[91merror\u001b[0m\u001b[90m TS2345: \u001b[0mArgument of type 'Review' is not assignable to parameter of type 'string'.\r\n\r\n\u001b[7m40\u001b[0m         await recalculateProductRatingHook(review);\r\n\u001b[7m  \u001b[0m \u001b[91m                                           ~~~~~~\u001b[0m\r\n\u001b[96msrc/db-files/models/Review.ts\u001b[0m:\u001b[93m43\u001b[0m:\u001b[93m44\u001b[0m - \u001b[91merror\u001b[0m\u001b[90m TS2345: \u001b[0mArgument of type 'Review' is not assignable to parameter of type 'string'.\r\n\r\n\u001b[7m43\u001b[0m         await recalculateProductRatingHook(review);\r\n\u001b[7m  \u001b[0m \u001b[91m                                           ~~~~~~\u001b[0m\r\n\u001b[96msrc/db-files/models/Review.ts\u001b[0m:\u001b[93m46\u001b[0m:\u001b[93m1\u001b[0m - \u001b[91merror\u001b[0m\u001b[90m TS1136: \u001b[0mProperty assignment expected.\r\n\r\n\u001b[7m46\u001b[0m );\r\n\u001b[7m  \u001b[0m \u001b[91m~\u001b[0m\r\n\n    at createTSError (C:\\Users\\Rawan\\Desktop\\final\\backend-final-G3\\node_modules\\ts-node\\src\\index.ts:859:12)\n    at reportTSError (C:\\Users\\Rawan\\Desktop\\final\\backend-final-G3\\node_modules\\ts-node\\src\\index.ts:863:19)\n    at getOutput (C:\\Users\\Rawan\\Desktop\\final\\backend-final-G3\\node_modules\\ts-node\\src\\index.ts:1077:36)\n    at Object.compile (C:\\Users\\Rawan\\Desktop\\final\\backend-final-G3\\node_modules\\ts-node\\src\\index.ts:1433:41)\n    at Module.m._compile (C:\\Users\\Rawan\\Desktop\\final\\backend-final-G3\\node_modules\\ts-node\\src\\index.ts:1617:30)\n    at Module._extensions..js (node:internal/modules/cjs/loader:1416:10)\n    at Object.require.extensions.<computed> [as .ts] (C:\\Users\\Rawan\\Desktop\\final\\backend-final-G3\\node_modules\\ts-node\\src\\index.ts:1621:12)\n    at Module.load (node:internal/modules/cjs/loader:1208:32)\n    at Function.Module._load (node:internal/modules/cjs/loader:1024:12)\n    at Module.require (node:internal/modules/cjs/loader:1233:19)","os":{"loadavg":[0,0,0],"uptime":1032528.515},"process":{"argv":["C:\\Users\\Rawan\\Desktop\\final\\backend-final-G3\\node_modules\\ts-node\\dist\\bin.js","C:\\Users\\Rawan\\Desktop\\final\\backend-final-G3\\src\\server.ts"],"cwd":"C:\\Users\\Rawan\\Desktop\\final\\backend-final-G3","execPath":"C:\\nodejs\\node.exe","gid":null,"memoryUsage":{"arrayBuffers":2501183,"external":5818901,"heapTotal":269713408,"heapUsed":245530232,"rss":309989376},"pid":40776,"uid":null,"version":"v20.16.0"},"stack":"TSError: ⨯ Unable to compile TypeScript:\n\u001b[96msrc/db-files/models/Review.ts\u001b[0m:\u001b[93m37\u001b[0m:\u001b[93m44\u001b[0m - \u001b[91merror\u001b[0m\u001b[90m TS2304: \u001b[0mCannot find name 'id'.\r\n\r\n\u001b[7m37\u001b[0m         await recalculateProductRatingHook(id);\r\n\u001b[7m  \u001b[0m \u001b[91m                                           ~~\u001b[0m\r\n\u001b[96msrc/db-files/models/Review.ts\u001b[0m:\u001b[93m40\u001b[0m:\u001b[93m44\u001b[0m - \u001b[91merror\u001b[0m\u001b[90m TS2345: \u001b[0mArgument of type 'Review' is not assignable to parameter of type 'string'.\r\n\r\n\u001b[7m40\u001b[0m         await recalculateProductRatingHook(review);\r\n\u001b[7m  \u001b[0m \u001b[91m                                           ~~~~~~\u001b[0m\r\n\u001b[96msrc/db-files/models/Review.ts\u001b[0m:\u001b[93m43\u001b[0m:\u001b[93m44\u001b[0m - \u001b[91merror\u001b[0m\u001b[90m TS2345: \u001b[0mArgument of type 'Review' is not assignable to parameter of type 'string'.\r\n\r\n\u001b[7m43\u001b[0m         await recalculateProductRatingHook(review);\r\n\u001b[7m  \u001b[0m \u001b[91m                                           ~~~~~~\u001b[0m\r\n\u001b[96msrc/db-files/models/Review.ts\u001b[0m:\u001b[93m46\u001b[0m:\u001b[93m1\u001b[0m - \u001b[91merror\u001b[0m\u001b[90m TS1136: \u001b[0mProperty assignment expected.\r\n\r\n\u001b[7m46\u001b[0m );\r\n\u001b[7m  \u001b[0m \u001b[91m~\u001b[0m\r\n\n    at createTSError (C:\\Users\\Rawan\\Desktop\\final\\backend-final-G3\\node_modules\\ts-node\\src\\index.ts:859:12)\n    at reportTSError (C:\\Users\\Rawan\\Desktop\\final\\backend-final-G3\\node_modules\\ts-node\\src\\index.ts:863:19)\n    at getOutput (C:\\Users\\Rawan\\Desktop\\final\\backend-final-G3\\node_modules\\ts-node\\src\\index.ts:1077:36)\n    at Object.compile (C:\\Users\\Rawan\\Desktop\\final\\backend-final-G3\\node_modules\\ts-node\\src\\index.ts:1433:41)\n    at Module.m._compile (C:\\Users\\Rawan\\Desktop\\final\\backend-final-G3\\node_modules\\ts-node\\src\\index.ts:1617:30)\n    at Module._extensions..js (node:internal/modules/cjs/loader:1416:10)\n    at Object.require.extensions.<computed> [as .ts] (C:\\Users\\Rawan\\Desktop\\final\\backend-final-G3\\node_modules\\ts-node\\src\\index.ts:1621:12)\n    at Module.load (node:internal/modules/cjs/loader:1208:32)\n    at Function.Module._load (node:internal/modules/cjs/loader:1024:12)\n    at Module.require (node:internal/modules/cjs/loader:1233:19)","timestamp":"2024-08-26T00:19:09.707Z","trace":[{"column":12,"file":"C:\\Users\\Rawan\\Desktop\\final\\backend-final-G3\\node_modules\\ts-node\\src\\index.ts","function":"createTSError","line":859,"method":null,"native":false},{"column":19,"file":"C:\\Users\\Rawan\\Desktop\\final\\backend-final-G3\\node_modules\\ts-node\\src\\index.ts","function":"reportTSError","line":863,"method":null,"native":false},{"column":36,"file":"C:\\Users\\Rawan\\Desktop\\final\\backend-final-G3\\node_modules\\ts-node\\src\\index.ts","function":"getOutput","line":1077,"method":null,"native":false},{"column":41,"file":"C:\\Users\\Rawan\\Desktop\\final\\backend-final-G3\\node_modules\\ts-node\\src\\index.ts","function":"Object.compile","line":1433,"method":"compile","native":false},{"column":30,"file":"C:\\Users\\Rawan\\Desktop\\final\\backend-final-G3\\node_modules\\ts-node\\src\\index.ts","function":"Module.m._compile","line":1617,"method":"_compile","native":false},{"column":10,"file":"node:internal/modules/cjs/loader","function":"Module._extensions..js","line":1416,"method":".js","native":false},{"column":12,"file":"C:\\Users\\Rawan\\Desktop\\final\\backend-final-G3\\node_modules\\ts-node\\src\\index.ts","function":"Object.require.extensions.<computed> [as .ts]","line":1621,"method":"ts]","native":false},{"column":32,"file":"node:internal/modules/cjs/loader","function":"Module.load","line":1208,"method":"load","native":false},{"column":12,"file":"node:internal/modules/cjs/loader","function":"Module._load","line":1024,"method":"_load","native":false},{"column":19,"file":"node:internal/modules/cjs/loader","function":"Module.require","line":1233,"method":"require","native":false}]}
{"date":"Mon Aug 26 2024 03:19:39 GMT+0300 (Eastern European Summer Time)","error":{"diagnosticCodes":[2345,2345,2345,1136]},"exception":true,"level":"error","message":"uncaughtException: ⨯ Unable to compile TypeScript:\n\u001b[96msrc/db-files/models/Review.ts\u001b[0m:\u001b[93m37\u001b[0m:\u001b[93m44\u001b[0m - \u001b[91merror\u001b[0m\u001b[90m TS2345: \u001b[0mArgument of type 'Review' is not assignable to parameter of type 'string'.\r\n\r\n\u001b[7m37\u001b[0m         await recalculateProductRatingHook(review);\r\n\u001b[7m  \u001b[0m \u001b[91m                                           ~~~~~~\u001b[0m\r\n\u001b[96msrc/db-files/models/Review.ts\u001b[0m:\u001b[93m40\u001b[0m:\u001b[93m44\u001b[0m - \u001b[91merror\u001b[0m\u001b[90m TS2345: \u001b[0mArgument of type 'Review' is not assignable to parameter of type 'string'.\r\n\r\n\u001b[7m40\u001b[0m         await recalculateProductRatingHook(review);\r\n\u001b[7m  \u001b[0m \u001b[91m                                           ~~~~~~\u001b[0m\r\n\u001b[96msrc/db-files/models/Review.ts\u001b[0m:\u001b[93m43\u001b[0m:\u001b[93m44\u001b[0m - \u001b[91merror\u001b[0m\u001b[90m TS2345: \u001b[0mArgument of type 'Review' is not assignable to parameter of type 'string'.\r\n\r\n\u001b[7m43\u001b[0m         await recalculateProductRatingHook(review);\r\n\u001b[7m  \u001b[0m \u001b[91m                                           ~~~~~~\u001b[0m\r\n\u001b[96msrc/db-files/models/Review.ts\u001b[0m:\u001b[93m46\u001b[0m:\u001b[93m1\u001b[0m - \u001b[91merror\u001b[0m\u001b[90m TS1136: \u001b[0mProperty assignment expected.\r\n\r\n\u001b[7m46\u001b[0m );\r\n\u001b[7m  \u001b[0m \u001b[91m~\u001b[0m\r\n\nTSError: ⨯ Unable to compile TypeScript:\n\u001b[96msrc/db-files/models/Review.ts\u001b[0m:\u001b[93m37\u001b[0m:\u001b[93m44\u001b[0m - \u001b[91merror\u001b[0m\u001b[90m TS2345: \u001b[0mArgument of type 'Review' is not assignable to parameter of type 'string'.\r\n\r\n\u001b[7m37\u001b[0m         await recalculateProductRatingHook(review);\r\n\u001b[7m  \u001b[0m \u001b[91m                                           ~~~~~~\u001b[0m\r\n\u001b[96msrc/db-files/models/Review.ts\u001b[0m:\u001b[93m40\u001b[0m:\u001b[93m44\u001b[0m - \u001b[91merror\u001b[0m\u001b[90m TS2345: \u001b[0mArgument of type 'Review' is not assignable to parameter of type 'string'.\r\n\r\n\u001b[7m40\u001b[0m         await recalculateProductRatingHook(review);\r\n\u001b[7m  \u001b[0m \u001b[91m                                           ~~~~~~\u001b[0m\r\n\u001b[96msrc/db-files/models/Review.ts\u001b[0m:\u001b[93m43\u001b[0m:\u001b[93m44\u001b[0m - \u001b[91merror\u001b[0m\u001b[90m TS2345: \u001b[0mArgument of type 'Review' is not assignable to parameter of type 'string'.\r\n\r\n\u001b[7m43\u001b[0m         await recalculateProductRatingHook(review);\r\n\u001b[7m  \u001b[0m \u001b[91m                                           ~~~~~~\u001b[0m\r\n\u001b[96msrc/db-files/models/Review.ts\u001b[0m:\u001b[93m46\u001b[0m:\u001b[93m1\u001b[0m - \u001b[91merror\u001b[0m\u001b[90m TS1136: \u001b[0mProperty assignment expected.\r\n\r\n\u001b[7m46\u001b[0m );\r\n\u001b[7m  \u001b[0m \u001b[91m~\u001b[0m\r\n\n    at createTSError (C:\\Users\\Rawan\\Desktop\\final\\backend-final-G3\\node_modules\\ts-node\\src\\index.ts:859:12)\n    at reportTSError (C:\\Users\\Rawan\\Desktop\\final\\backend-final-G3\\node_modules\\ts-node\\src\\index.ts:863:19)\n    at getOutput (C:\\Users\\Rawan\\Desktop\\final\\backend-final-G3\\node_modules\\ts-node\\src\\index.ts:1077:36)\n    at Object.compile (C:\\Users\\Rawan\\Desktop\\final\\backend-final-G3\\node_modules\\ts-node\\src\\index.ts:1433:41)\n    at Module.m._compile (C:\\Users\\Rawan\\Desktop\\final\\backend-final-G3\\node_modules\\ts-node\\src\\index.ts:1617:30)\n    at Module._extensions..js (node:internal/modules/cjs/loader:1416:10)\n    at Object.require.extensions.<computed> [as .ts] (C:\\Users\\Rawan\\Desktop\\final\\backend-final-G3\\node_modules\\ts-node\\src\\index.ts:1621:12)\n    at Module.load (node:internal/modules/cjs/loader:1208:32)\n    at Function.Module._load (node:internal/modules/cjs/loader:1024:12)\n    at Module.require (node:internal/modules/cjs/loader:1233:19)","os":{"loadavg":[0,0,0],"uptime":1032558.125},"process":{"argv":["C:\\Users\\Rawan\\Desktop\\final\\backend-final-G3\\node_modules\\ts-node\\dist\\bin.js","C:\\Users\\Rawan\\Desktop\\final\\backend-final-G3\\src\\server.ts"],"cwd":"C:\\Users\\Rawan\\Desktop\\final\\backend-final-G3","execPath":"C:\\nodejs\\node.exe","gid":null,"memoryUsage":{"arrayBuffers":2501191,"external":5818909,"heapTotal":268402688,"heapUsed":244837584,"rss":306188288},"pid":46928,"uid":null,"version":"v20.16.0"},"stack":"TSError: ⨯ Unable to compile TypeScript:\n\u001b[96msrc/db-files/models/Review.ts\u001b[0m:\u001b[93m37\u001b[0m:\u001b[93m44\u001b[0m - \u001b[91merror\u001b[0m\u001b[90m TS2345: \u001b[0mArgument of type 'Review' is not assignable to parameter of type 'string'.\r\n\r\n\u001b[7m37\u001b[0m         await recalculateProductRatingHook(review);\r\n\u001b[7m  \u001b[0m \u001b[91m                                           ~~~~~~\u001b[0m\r\n\u001b[96msrc/db-files/models/Review.ts\u001b[0m:\u001b[93m40\u001b[0m:\u001b[93m44\u001b[0m - \u001b[91merror\u001b[0m\u001b[90m TS2345: \u001b[0mArgument of type 'Review' is not assignable to parameter of type 'string'.\r\n\r\n\u001b[7m40\u001b[0m         await recalculateProductRatingHook(review);\r\n\u001b[7m  \u001b[0m \u001b[91m                                           ~~~~~~\u001b[0m\r\n\u001b[96msrc/db-files/models/Review.ts\u001b[0m:\u001b[93m43\u001b[0m:\u001b[93m44\u001b[0m - \u001b[91merror\u001b[0m\u001b[90m TS2345: \u001b[0mArgument of type 'Review' is not assignable to parameter of type 'string'.\r\n\r\n\u001b[7m43\u001b[0m         await recalculateProductRatingHook(review);\r\n\u001b[7m  \u001b[0m \u001b[91m                                           ~~~~~~\u001b[0m\r\n\u001b[96msrc/db-files/models/Review.ts\u001b[0m:\u001b[93m46\u001b[0m:\u001b[93m1\u001b[0m - \u001b[91merror\u001b[0m\u001b[90m TS1136: \u001b[0mProperty assignment expected.\r\n\r\n\u001b[7m46\u001b[0m );\r\n\u001b[7m  \u001b[0m \u001b[91m~\u001b[0m\r\n\n    at createTSError (C:\\Users\\Rawan\\Desktop\\final\\backend-final-G3\\node_modules\\ts-node\\src\\index.ts:859:12)\n    at reportTSError (C:\\Users\\Rawan\\Desktop\\final\\backend-final-G3\\node_modules\\ts-node\\src\\index.ts:863:19)\n    at getOutput (C:\\Users\\Rawan\\Desktop\\final\\backend-final-G3\\node_modules\\ts-node\\src\\index.ts:1077:36)\n    at Object.compile (C:\\Users\\Rawan\\Desktop\\final\\backend-final-G3\\node_modules\\ts-node\\src\\index.ts:1433:41)\n    at Module.m._compile (C:\\Users\\Rawan\\Desktop\\final\\backend-final-G3\\node_modules\\ts-node\\src\\index.ts:1617:30)\n    at Module._extensions..js (node:internal/modules/cjs/loader:1416:10)\n    at Object.require.extensions.<computed> [as .ts] (C:\\Users\\Rawan\\Desktop\\final\\backend-final-G3\\node_modules\\ts-node\\src\\index.ts:1621:12)\n    at Module.load (node:internal/modules/cjs/loader:1208:32)\n    at Function.Module._load (node:internal/modules/cjs/loader:1024:12)\n    at Module.require (node:internal/modules/cjs/loader:1233:19)","timestamp":"2024-08-26T00:19:39.315Z","trace":[{"column":12,"file":"C:\\Users\\Rawan\\Desktop\\final\\backend-final-G3\\node_modules\\ts-node\\src\\index.ts","function":"createTSError","line":859,"method":null,"native":false},{"column":19,"file":"C:\\Users\\Rawan\\Desktop\\final\\backend-final-G3\\node_modules\\ts-node\\src\\index.ts","function":"reportTSError","line":863,"method":null,"native":false},{"column":36,"file":"C:\\Users\\Rawan\\Desktop\\final\\backend-final-G3\\node_modules\\ts-node\\src\\index.ts","function":"getOutput","line":1077,"method":null,"native":false},{"column":41,"file":"C:\\Users\\Rawan\\Desktop\\final\\backend-final-G3\\node_modules\\ts-node\\src\\index.ts","function":"Object.compile","line":1433,"method":"compile","native":false},{"column":30,"file":"C:\\Users\\Rawan\\Desktop\\final\\backend-final-G3\\node_modules\\ts-node\\src\\index.ts","function":"Module.m._compile","line":1617,"method":"_compile","native":false},{"column":10,"file":"node:internal/modules/cjs/loader","function":"Module._extensions..js","line":1416,"method":".js","native":false},{"column":12,"file":"C:\\Users\\Rawan\\Desktop\\final\\backend-final-G3\\node_modules\\ts-node\\src\\index.ts","function":"Object.require.extensions.<computed> [as .ts]","line":1621,"method":"ts]","native":false},{"column":32,"file":"node:internal/modules/cjs/loader","function":"Module.load","line":1208,"method":"load","native":false},{"column":12,"file":"node:internal/modules/cjs/loader","function":"Module._load","line":1024,"method":"_load","native":false},{"column":19,"file":"node:internal/modules/cjs/loader","function":"Module.require","line":1233,"method":"require","native":false}]}
{"date":"Mon Aug 26 2024 03:19:58 GMT+0300 (Eastern European Summer Time)","error":{"diagnosticCodes":[2552,2552,2552,1136]},"exception":true,"level":"error","message":"uncaughtException: ⨯ Unable to compile TypeScript:\n\u001b[96msrc/db-files/models/Review.ts\u001b[0m:\u001b[93m37\u001b[0m:\u001b[93m44\u001b[0m - \u001b[91merror\u001b[0m\u001b[90m TS2552: \u001b[0mCannot find name 'reviewId'. Did you mean 'review'?\r\n\r\n\u001b[7m37\u001b[0m         await recalculateProductRatingHook(reviewId);\r\n\u001b[7m  \u001b[0m \u001b[91m                                           ~~~~~~~~\u001b[0m\r\n\r\n  \u001b[96msrc/db-files/models/Review.ts\u001b[0m:\u001b[93m36\u001b[0m:\u001b[93m27\u001b[0m\r\n    \u001b[7m36\u001b[0m       afterCreate: async (review: Review) => {\r\n    \u001b[7m  \u001b[0m \u001b[96m                          ~~~~~~~~~~~~~~\u001b[0m\r\n    'review' is declared here.\r\n\u001b[96msrc/db-files/models/Review.ts\u001b[0m:\u001b[93m40\u001b[0m:\u001b[93m44\u001b[0m - \u001b[91merror\u001b[0m\u001b[90m TS2552: \u001b[0mCannot find name 'reviewId'. Did you mean 'review'?\r\n\r\n\u001b[7m40\u001b[0m         await recalculateProductRatingHook(reviewId);\r\n\u001b[7m  \u001b[0m \u001b[91m                                           ~~~~~~~~\u001b[0m\r\n\r\n  \u001b[96msrc/db-files/models/Review.ts\u001b[0m:\u001b[93m39\u001b[0m:\u001b[93m27\u001b[0m\r\n    \u001b[7m39\u001b[0m       afterUpdate: async (review: Review) => {\r\n    \u001b[7m  \u001b[0m \u001b[96m                          ~~~~~~~~~~~~~~\u001b[0m\r\n    'review' is declared here.\r\n\u001b[96msrc/db-files/models/Review.ts\u001b[0m:\u001b[93m43\u001b[0m:\u001b[93m44\u001b[0m - \u001b[91merror\u001b[0m\u001b[90m TS2552: \u001b[0mCannot find name 'reviewId'. Did you mean 'review'?\r\n\r\n\u001b[7m43\u001b[0m         await recalculateProductRatingHook(reviewId);\r\n\u001b[7m  \u001b[0m \u001b[91m                                           ~~~~~~~~\u001b[0m\r\n\r\n  \u001b[96msrc/db-files/models/Review.ts\u001b[0m:\u001b[93m42\u001b[0m:\u001b[93m28\u001b[0m\r\n    \u001b[7m42\u001b[0m       afterDestroy: async (review: Review) => {\r\n    \u001b[7m  \u001b[0m \u001b[96m                           ~~~~~~~~~~~~~~\u001b[0m\r\n    'review' is declared here.\r\n\u001b[96msrc/db-files/models/Review.ts\u001b[0m:\u001b[93m46\u001b[0m:\u001b[93m1\u001b[0m - \u001b[91merror\u001b[0m\u001b[90m TS1136: \u001b[0mProperty assignment expected.\r\n\r\n\u001b[7m46\u001b[0m );\r\n\u001b[7m  \u001b[0m \u001b[91m~\u001b[0m\r\n\nTSError: ⨯ Unable to compile TypeScript:\n\u001b[96msrc/db-files/models/Review.ts\u001b[0m:\u001b[93m37\u001b[0m:\u001b[93m44\u001b[0m - \u001b[91merror\u001b[0m\u001b[90m TS2552: \u001b[0mCannot find name 'reviewId'. Did you mean 'review'?\r\n\r\n\u001b[7m37\u001b[0m         await recalculateProductRatingHook(reviewId);\r\n\u001b[7m  \u001b[0m \u001b[91m                                           ~~~~~~~~\u001b[0m\r\n\r\n  \u001b[96msrc/db-files/models/Review.ts\u001b[0m:\u001b[93m36\u001b[0m:\u001b[93m27\u001b[0m\r\n    \u001b[7m36\u001b[0m       afterCreate: async (review: Review) => {\r\n    \u001b[7m  \u001b[0m \u001b[96m                          ~~~~~~~~~~~~~~\u001b[0m\r\n    'review' is declared here.\r\n\u001b[96msrc/db-files/models/Review.ts\u001b[0m:\u001b[93m40\u001b[0m:\u001b[93m44\u001b[0m - \u001b[91merror\u001b[0m\u001b[90m TS2552: \u001b[0mCannot find name 'reviewId'. Did you mean 'review'?\r\n\r\n\u001b[7m40\u001b[0m         await recalculateProductRatingHook(reviewId);\r\n\u001b[7m  \u001b[0m \u001b[91m                                           ~~~~~~~~\u001b[0m\r\n\r\n  \u001b[96msrc/db-files/models/Review.ts\u001b[0m:\u001b[93m39\u001b[0m:\u001b[93m27\u001b[0m\r\n    \u001b[7m39\u001b[0m       afterUpdate: async (review: Review) => {\r\n    \u001b[7m  \u001b[0m \u001b[96m                          ~~~~~~~~~~~~~~\u001b[0m\r\n    'review' is declared here.\r\n\u001b[96msrc/db-files/models/Review.ts\u001b[0m:\u001b[93m43\u001b[0m:\u001b[93m44\u001b[0m - \u001b[91merror\u001b[0m\u001b[90m TS2552: \u001b[0mCannot find name 'reviewId'. Did you mean 'review'?\r\n\r\n\u001b[7m43\u001b[0m         await recalculateProductRatingHook(reviewId);\r\n\u001b[7m  \u001b[0m \u001b[91m                                           ~~~~~~~~\u001b[0m\r\n\r\n  \u001b[96msrc/db-files/models/Review.ts\u001b[0m:\u001b[93m42\u001b[0m:\u001b[93m28\u001b[0m\r\n    \u001b[7m42\u001b[0m       afterDestroy: async (review: Review) => {\r\n    \u001b[7m  \u001b[0m \u001b[96m                           ~~~~~~~~~~~~~~\u001b[0m\r\n    'review' is declared here.\r\n\u001b[96msrc/db-files/models/Review.ts\u001b[0m:\u001b[93m46\u001b[0m:\u001b[93m1\u001b[0m - \u001b[91merror\u001b[0m\u001b[90m TS1136: \u001b[0mProperty assignment expected.\r\n\r\n\u001b[7m46\u001b[0m );\r\n\u001b[7m  \u001b[0m \u001b[91m~\u001b[0m\r\n\n    at createTSError (C:\\Users\\Rawan\\Desktop\\final\\backend-final-G3\\node_modules\\ts-node\\src\\index.ts:859:12)\n    at reportTSError (C:\\Users\\Rawan\\Desktop\\final\\backend-final-G3\\node_modules\\ts-node\\src\\index.ts:863:19)\n    at getOutput (C:\\Users\\Rawan\\Desktop\\final\\backend-final-G3\\node_modules\\ts-node\\src\\index.ts:1077:36)\n    at Object.compile (C:\\Users\\Rawan\\Desktop\\final\\backend-final-G3\\node_modules\\ts-node\\src\\index.ts:1433:41)\n    at Module.m._compile (C:\\Users\\Rawan\\Desktop\\final\\backend-final-G3\\node_modules\\ts-node\\src\\index.ts:1617:30)\n    at Module._extensions..js (node:internal/modules/cjs/loader:1416:10)\n    at Object.require.extensions.<computed> [as .ts] (C:\\Users\\Rawan\\Desktop\\final\\backend-final-G3\\node_modules\\ts-node\\src\\index.ts:1621:12)\n    at Module.load (node:internal/modules/cjs/loader:1208:32)\n    at Function.Module._load (node:internal/modules/cjs/loader:1024:12)\n    at Module.require (node:internal/modules/cjs/loader:1233:19)","os":{"loadavg":[0,0,0],"uptime":1032577.687},"process":{"argv":["C:\\Users\\Rawan\\Desktop\\final\\backend-final-G3\\node_modules\\ts-node\\dist\\bin.js","C:\\Users\\Rawan\\Desktop\\final\\backend-final-G3\\src\\server.ts"],"cwd":"C:\\Users\\Rawan\\Desktop\\final\\backend-final-G3","execPath":"C:\\nodejs\\node.exe","gid":null,"memoryUsage":{"arrayBuffers":2501175,"external":5818893,"heapTotal":268926976,"heapUsed":244318160,"rss":309444608},"pid":32056,"uid":null,"version":"v20.16.0"},"stack":"TSError: ⨯ Unable to compile TypeScript:\n\u001b[96msrc/db-files/models/Review.ts\u001b[0m:\u001b[93m37\u001b[0m:\u001b[93m44\u001b[0m - \u001b[91merror\u001b[0m\u001b[90m TS2552: \u001b[0mCannot find name 'reviewId'. Did you mean 'review'?\r\n\r\n\u001b[7m37\u001b[0m         await recalculateProductRatingHook(reviewId);\r\n\u001b[7m  \u001b[0m \u001b[91m                                           ~~~~~~~~\u001b[0m\r\n\r\n  \u001b[96msrc/db-files/models/Review.ts\u001b[0m:\u001b[93m36\u001b[0m:\u001b[93m27\u001b[0m\r\n    \u001b[7m36\u001b[0m       afterCreate: async (review: Review) => {\r\n    \u001b[7m  \u001b[0m \u001b[96m                          ~~~~~~~~~~~~~~\u001b[0m\r\n    'review' is declared here.\r\n\u001b[96msrc/db-files/models/Review.ts\u001b[0m:\u001b[93m40\u001b[0m:\u001b[93m44\u001b[0m - \u001b[91merror\u001b[0m\u001b[90m TS2552: \u001b[0mCannot find name 'reviewId'. Did you mean 'review'?\r\n\r\n\u001b[7m40\u001b[0m         await recalculateProductRatingHook(reviewId);\r\n\u001b[7m  \u001b[0m \u001b[91m                                           ~~~~~~~~\u001b[0m\r\n\r\n  \u001b[96msrc/db-files/models/Review.ts\u001b[0m:\u001b[93m39\u001b[0m:\u001b[93m27\u001b[0m\r\n    \u001b[7m39\u001b[0m       afterUpdate: async (review: Review) => {\r\n    \u001b[7m  \u001b[0m \u001b[96m                          ~~~~~~~~~~~~~~\u001b[0m\r\n    'review' is declared here.\r\n\u001b[96msrc/db-files/models/Review.ts\u001b[0m:\u001b[93m43\u001b[0m:\u001b[93m44\u001b[0m - \u001b[91merror\u001b[0m\u001b[90m TS2552: \u001b[0mCannot find name 'reviewId'. Did you mean 'review'?\r\n\r\n\u001b[7m43\u001b[0m         await recalculateProductRatingHook(reviewId);\r\n\u001b[7m  \u001b[0m \u001b[91m                                           ~~~~~~~~\u001b[0m\r\n\r\n  \u001b[96msrc/db-files/models/Review.ts\u001b[0m:\u001b[93m42\u001b[0m:\u001b[93m28\u001b[0m\r\n    \u001b[7m42\u001b[0m       afterDestroy: async (review: Review) => {\r\n    \u001b[7m  \u001b[0m \u001b[96m                           ~~~~~~~~~~~~~~\u001b[0m\r\n    'review' is declared here.\r\n\u001b[96msrc/db-files/models/Review.ts\u001b[0m:\u001b[93m46\u001b[0m:\u001b[93m1\u001b[0m - \u001b[91merror\u001b[0m\u001b[90m TS1136: \u001b[0mProperty assignment expected.\r\n\r\n\u001b[7m46\u001b[0m );\r\n\u001b[7m  \u001b[0m \u001b[91m~\u001b[0m\r\n\n    at createTSError (C:\\Users\\Rawan\\Desktop\\final\\backend-final-G3\\node_modules\\ts-node\\src\\index.ts:859:12)\n    at reportTSError (C:\\Users\\Rawan\\Desktop\\final\\backend-final-G3\\node_modules\\ts-node\\src\\index.ts:863:19)\n    at getOutput (C:\\Users\\Rawan\\Desktop\\final\\backend-final-G3\\node_modules\\ts-node\\src\\index.ts:1077:36)\n    at Object.compile (C:\\Users\\Rawan\\Desktop\\final\\backend-final-G3\\node_modules\\ts-node\\src\\index.ts:1433:41)\n    at Module.m._compile (C:\\Users\\Rawan\\Desktop\\final\\backend-final-G3\\node_modules\\ts-node\\src\\index.ts:1617:30)\n    at Module._extensions..js (node:internal/modules/cjs/loader:1416:10)\n    at Object.require.extensions.<computed> [as .ts] (C:\\Users\\Rawan\\Desktop\\final\\backend-final-G3\\node_modules\\ts-node\\src\\index.ts:1621:12)\n    at Module.load (node:internal/modules/cjs/loader:1208:32)\n    at Function.Module._load (node:internal/modules/cjs/loader:1024:12)\n    at Module.require (node:internal/modules/cjs/loader:1233:19)","timestamp":"2024-08-26T00:19:58.878Z","trace":[{"column":12,"file":"C:\\Users\\Rawan\\Desktop\\final\\backend-final-G3\\node_modules\\ts-node\\src\\index.ts","function":"createTSError","line":859,"method":null,"native":false},{"column":19,"file":"C:\\Users\\Rawan\\Desktop\\final\\backend-final-G3\\node_modules\\ts-node\\src\\index.ts","function":"reportTSError","line":863,"method":null,"native":false},{"column":36,"file":"C:\\Users\\Rawan\\Desktop\\final\\backend-final-G3\\node_modules\\ts-node\\src\\index.ts","function":"getOutput","line":1077,"method":null,"native":false},{"column":41,"file":"C:\\Users\\Rawan\\Desktop\\final\\backend-final-G3\\node_modules\\ts-node\\src\\index.ts","function":"Object.compile","line":1433,"method":"compile","native":false},{"column":30,"file":"C:\\Users\\Rawan\\Desktop\\final\\backend-final-G3\\node_modules\\ts-node\\src\\index.ts","function":"Module.m._compile","line":1617,"method":"_compile","native":false},{"column":10,"file":"node:internal/modules/cjs/loader","function":"Module._extensions..js","line":1416,"method":".js","native":false},{"column":12,"file":"C:\\Users\\Rawan\\Desktop\\final\\backend-final-G3\\node_modules\\ts-node\\src\\index.ts","function":"Object.require.extensions.<computed> [as .ts]","line":1621,"method":"ts]","native":false},{"column":32,"file":"node:internal/modules/cjs/loader","function":"Module.load","line":1208,"method":"load","native":false},{"column":12,"file":"node:internal/modules/cjs/loader","function":"Module._load","line":1024,"method":"_load","native":false},{"column":19,"file":"node:internal/modules/cjs/loader","function":"Module.require","line":1233,"method":"require","native":false}]}
{"date":"Mon Aug 26 2024 03:20:05 GMT+0300 (Eastern European Summer Time)","error":{"diagnosticCodes":[2345,2345,2345,1136]},"exception":true,"level":"error","message":"uncaughtException: ⨯ Unable to compile TypeScript:\n\u001b[96msrc/db-files/models/Review.ts\u001b[0m:\u001b[93m37\u001b[0m:\u001b[93m44\u001b[0m - \u001b[91merror\u001b[0m\u001b[90m TS2345: \u001b[0mArgument of type 'Review' is not assignable to parameter of type 'string'.\r\n\r\n\u001b[7m37\u001b[0m         await recalculateProductRatingHook(reviewId);\r\n\u001b[7m  \u001b[0m \u001b[91m                                           ~~~~~~~~\u001b[0m\r\n\u001b[96msrc/db-files/models/Review.ts\u001b[0m:\u001b[93m40\u001b[0m:\u001b[93m44\u001b[0m - \u001b[91merror\u001b[0m\u001b[90m TS2345: \u001b[0mArgument of type 'Review' is not assignable to parameter of type 'string'.\r\n\r\n\u001b[7m40\u001b[0m         await recalculateProductRatingHook(reviewId);\r\n\u001b[7m  \u001b[0m \u001b[91m                                           ~~~~~~~~\u001b[0m\r\n\u001b[96msrc/db-files/models/Review.ts\u001b[0m:\u001b[93m43\u001b[0m:\u001b[93m44\u001b[0m - \u001b[91merror\u001b[0m\u001b[90m TS2345: \u001b[0mArgument of type 'Review' is not assignable to parameter of type 'string'.\r\n\r\n\u001b[7m43\u001b[0m         await recalculateProductRatingHook(reviewId);\r\n\u001b[7m  \u001b[0m \u001b[91m                                           ~~~~~~~~\u001b[0m\r\n\u001b[96msrc/db-files/models/Review.ts\u001b[0m:\u001b[93m46\u001b[0m:\u001b[93m1\u001b[0m - \u001b[91merror\u001b[0m\u001b[90m TS1136: \u001b[0mProperty assignment expected.\r\n\r\n\u001b[7m46\u001b[0m );\r\n\u001b[7m  \u001b[0m \u001b[91m~\u001b[0m\r\n\nTSError: ⨯ Unable to compile TypeScript:\n\u001b[96msrc/db-files/models/Review.ts\u001b[0m:\u001b[93m37\u001b[0m:\u001b[93m44\u001b[0m - \u001b[91merror\u001b[0m\u001b[90m TS2345: \u001b[0mArgument of type 'Review' is not assignable to parameter of type 'string'.\r\n\r\n\u001b[7m37\u001b[0m         await recalculateProductRatingHook(reviewId);\r\n\u001b[7m  \u001b[0m \u001b[91m                                           ~~~~~~~~\u001b[0m\r\n\u001b[96msrc/db-files/models/Review.ts\u001b[0m:\u001b[93m40\u001b[0m:\u001b[93m44\u001b[0m - \u001b[91merror\u001b[0m\u001b[90m TS2345: \u001b[0mArgument of type 'Review' is not assignable to parameter of type 'string'.\r\n\r\n\u001b[7m40\u001b[0m         await recalculateProductRatingHook(reviewId);\r\n\u001b[7m  \u001b[0m \u001b[91m                                           ~~~~~~~~\u001b[0m\r\n\u001b[96msrc/db-files/models/Review.ts\u001b[0m:\u001b[93m43\u001b[0m:\u001b[93m44\u001b[0m - \u001b[91merror\u001b[0m\u001b[90m TS2345: \u001b[0mArgument of type 'Review' is not assignable to parameter of type 'string'.\r\n\r\n\u001b[7m43\u001b[0m         await recalculateProductRatingHook(reviewId);\r\n\u001b[7m  \u001b[0m \u001b[91m                                           ~~~~~~~~\u001b[0m\r\n\u001b[96msrc/db-files/models/Review.ts\u001b[0m:\u001b[93m46\u001b[0m:\u001b[93m1\u001b[0m - \u001b[91merror\u001b[0m\u001b[90m TS1136: \u001b[0mProperty assignment expected.\r\n\r\n\u001b[7m46\u001b[0m );\r\n\u001b[7m  \u001b[0m \u001b[91m~\u001b[0m\r\n\n    at createTSError (C:\\Users\\Rawan\\Desktop\\final\\backend-final-G3\\node_modules\\ts-node\\src\\index.ts:859:12)\n    at reportTSError (C:\\Users\\Rawan\\Desktop\\final\\backend-final-G3\\node_modules\\ts-node\\src\\index.ts:863:19)\n    at getOutput (C:\\Users\\Rawan\\Desktop\\final\\backend-final-G3\\node_modules\\ts-node\\src\\index.ts:1077:36)\n    at Object.compile (C:\\Users\\Rawan\\Desktop\\final\\backend-final-G3\\node_modules\\ts-node\\src\\index.ts:1433:41)\n    at Module.m._compile (C:\\Users\\Rawan\\Desktop\\final\\backend-final-G3\\node_modules\\ts-node\\src\\index.ts:1617:30)\n    at Module._extensions..js (node:internal/modules/cjs/loader:1416:10)\n    at Object.require.extensions.<computed> [as .ts] (C:\\Users\\Rawan\\Desktop\\final\\backend-final-G3\\node_modules\\ts-node\\src\\index.ts:1621:12)\n    at Module.load (node:internal/modules/cjs/loader:1208:32)\n    at Function.Module._load (node:internal/modules/cjs/loader:1024:12)\n    at Module.require (node:internal/modules/cjs/loader:1233:19)","os":{"loadavg":[0,0,0],"uptime":1032583.906},"process":{"argv":["C:\\Users\\Rawan\\Desktop\\final\\backend-final-G3\\node_modules\\ts-node\\dist\\bin.js","C:\\Users\\Rawan\\Desktop\\final\\backend-final-G3\\src\\server.ts"],"cwd":"C:\\Users\\Rawan\\Desktop\\final\\backend-final-G3","execPath":"C:\\nodejs\\node.exe","gid":null,"memoryUsage":{"arrayBuffers":2501191,"external":5818909,"heapTotal":268140544,"heapUsed":244198000,"rss":305606656},"pid":41936,"uid":null,"version":"v20.16.0"},"stack":"TSError: ⨯ Unable to compile TypeScript:\n\u001b[96msrc/db-files/models/Review.ts\u001b[0m:\u001b[93m37\u001b[0m:\u001b[93m44\u001b[0m - \u001b[91merror\u001b[0m\u001b[90m TS2345: \u001b[0mArgument of type 'Review' is not assignable to parameter of type 'string'.\r\n\r\n\u001b[7m37\u001b[0m         await recalculateProductRatingHook(reviewId);\r\n\u001b[7m  \u001b[0m \u001b[91m                                           ~~~~~~~~\u001b[0m\r\n\u001b[96msrc/db-files/models/Review.ts\u001b[0m:\u001b[93m40\u001b[0m:\u001b[93m44\u001b[0m - \u001b[91merror\u001b[0m\u001b[90m TS2345: \u001b[0mArgument of type 'Review' is not assignable to parameter of type 'string'.\r\n\r\n\u001b[7m40\u001b[0m         await recalculateProductRatingHook(reviewId);\r\n\u001b[7m  \u001b[0m \u001b[91m                                           ~~~~~~~~\u001b[0m\r\n\u001b[96msrc/db-files/models/Review.ts\u001b[0m:\u001b[93m43\u001b[0m:\u001b[93m44\u001b[0m - \u001b[91merror\u001b[0m\u001b[90m TS2345: \u001b[0mArgument of type 'Review' is not assignable to parameter of type 'string'.\r\n\r\n\u001b[7m43\u001b[0m         await recalculateProductRatingHook(reviewId);\r\n\u001b[7m  \u001b[0m \u001b[91m                                           ~~~~~~~~\u001b[0m\r\n\u001b[96msrc/db-files/models/Review.ts\u001b[0m:\u001b[93m46\u001b[0m:\u001b[93m1\u001b[0m - \u001b[91merror\u001b[0m\u001b[90m TS1136: \u001b[0mProperty assignment expected.\r\n\r\n\u001b[7m46\u001b[0m );\r\n\u001b[7m  \u001b[0m \u001b[91m~\u001b[0m\r\n\n    at createTSError (C:\\Users\\Rawan\\Desktop\\final\\backend-final-G3\\node_modules\\ts-node\\src\\index.ts:859:12)\n    at reportTSError (C:\\Users\\Rawan\\Desktop\\final\\backend-final-G3\\node_modules\\ts-node\\src\\index.ts:863:19)\n    at getOutput (C:\\Users\\Rawan\\Desktop\\final\\backend-final-G3\\node_modules\\ts-node\\src\\index.ts:1077:36)\n    at Object.compile (C:\\Users\\Rawan\\Desktop\\final\\backend-final-G3\\node_modules\\ts-node\\src\\index.ts:1433:41)\n    at Module.m._compile (C:\\Users\\Rawan\\Desktop\\final\\backend-final-G3\\node_modules\\ts-node\\src\\index.ts:1617:30)\n    at Module._extensions..js (node:internal/modules/cjs/loader:1416:10)\n    at Object.require.extensions.<computed> [as .ts] (C:\\Users\\Rawan\\Desktop\\final\\backend-final-G3\\node_modules\\ts-node\\src\\index.ts:1621:12)\n    at Module.load (node:internal/modules/cjs/loader:1208:32)\n    at Function.Module._load (node:internal/modules/cjs/loader:1024:12)\n    at Module.require (node:internal/modules/cjs/loader:1233:19)","timestamp":"2024-08-26T00:20:05.090Z","trace":[{"column":12,"file":"C:\\Users\\Rawan\\Desktop\\final\\backend-final-G3\\node_modules\\ts-node\\src\\index.ts","function":"createTSError","line":859,"method":null,"native":false},{"column":19,"file":"C:\\Users\\Rawan\\Desktop\\final\\backend-final-G3\\node_modules\\ts-node\\src\\index.ts","function":"reportTSError","line":863,"method":null,"native":false},{"column":36,"file":"C:\\Users\\Rawan\\Desktop\\final\\backend-final-G3\\node_modules\\ts-node\\src\\index.ts","function":"getOutput","line":1077,"method":null,"native":false},{"column":41,"file":"C:\\Users\\Rawan\\Desktop\\final\\backend-final-G3\\node_modules\\ts-node\\src\\index.ts","function":"Object.compile","line":1433,"method":"compile","native":false},{"column":30,"file":"C:\\Users\\Rawan\\Desktop\\final\\backend-final-G3\\node_modules\\ts-node\\src\\index.ts","function":"Module.m._compile","line":1617,"method":"_compile","native":false},{"column":10,"file":"node:internal/modules/cjs/loader","function":"Module._extensions..js","line":1416,"method":".js","native":false},{"column":12,"file":"C:\\Users\\Rawan\\Desktop\\final\\backend-final-G3\\node_modules\\ts-node\\src\\index.ts","function":"Object.require.extensions.<computed> [as .ts]","line":1621,"method":"ts]","native":false},{"column":32,"file":"node:internal/modules/cjs/loader","function":"Module.load","line":1208,"method":"load","native":false},{"column":12,"file":"node:internal/modules/cjs/loader","function":"Module._load","line":1024,"method":"_load","native":false},{"column":19,"file":"node:internal/modules/cjs/loader","function":"Module.require","line":1233,"method":"require","native":false}]}
{"date":"Mon Aug 26 2024 03:20:11 GMT+0300 (Eastern European Summer Time)","error":{"diagnosticCodes":[2322,2322,2345,1136]},"exception":true,"level":"error","message":"uncaughtException: ⨯ Unable to compile TypeScript:\n\u001b[96msrc/db-files/models/Review.ts\u001b[0m:\u001b[93m36\u001b[0m:\u001b[93m7\u001b[0m - \u001b[91merror\u001b[0m\u001b[90m TS2322: \u001b[0mType '(reviewId: string) => Promise<void>' is not assignable to type '(attributes: Review, options: CreateOptions<any>) => HookReturn'.\r\n  Types of parameters 'reviewId' and 'attributes' are incompatible.\r\n    Type 'Review' is not assignable to type 'string'.\r\n\r\n\u001b[7m36\u001b[0m       afterCreate: async (reviewId: string) => {\r\n\u001b[7m  \u001b[0m \u001b[91m      ~~~~~~~~~~~\u001b[0m\r\n\u001b[96msrc/db-files/models/Review.ts\u001b[0m:\u001b[93m39\u001b[0m:\u001b[93m7\u001b[0m - \u001b[91merror\u001b[0m\u001b[90m TS2322: \u001b[0mType '(reviewId: string) => Promise<void>' is not assignable to type '(instance: Review, options: InstanceUpdateOptions<any>) => HookReturn'.\r\n  Types of parameters 'reviewId' and 'instance' are incompatible.\r\n    Type 'Review' is not assignable to type 'string'.\r\n\r\n\u001b[7m39\u001b[0m       afterUpdate: async (reviewId: string) => {\r\n\u001b[7m  \u001b[0m \u001b[91m      ~~~~~~~~~~~\u001b[0m\r\n\u001b[96msrc/db-files/models/Review.ts\u001b[0m:\u001b[93m43\u001b[0m:\u001b[93m44\u001b[0m - \u001b[91merror\u001b[0m\u001b[90m TS2345: \u001b[0mArgument of type 'Review' is not assignable to parameter of type 'string'.\r\n\r\n\u001b[7m43\u001b[0m         await recalculateProductRatingHook(reviewId);\r\n\u001b[7m  \u001b[0m \u001b[91m                                           ~~~~~~~~\u001b[0m\r\n\u001b[96msrc/db-files/models/Review.ts\u001b[0m:\u001b[93m46\u001b[0m:\u001b[93m1\u001b[0m - \u001b[91merror\u001b[0m\u001b[90m TS1136: \u001b[0mProperty assignment expected.\r\n\r\n\u001b[7m46\u001b[0m );\r\n\u001b[7m  \u001b[0m \u001b[91m~\u001b[0m\r\n\nTSError: ⨯ Unable to compile TypeScript:\n\u001b[96msrc/db-files/models/Review.ts\u001b[0m:\u001b[93m36\u001b[0m:\u001b[93m7\u001b[0m - \u001b[91merror\u001b[0m\u001b[90m TS2322: \u001b[0mType '(reviewId: string) => Promise<void>' is not assignable to type '(attributes: Review, options: CreateOptions<any>) => HookReturn'.\r\n  Types of parameters 'reviewId' and 'attributes' are incompatible.\r\n    Type 'Review' is not assignable to type 'string'.\r\n\r\n\u001b[7m36\u001b[0m       afterCreate: async (reviewId: string) => {\r\n\u001b[7m  \u001b[0m \u001b[91m      ~~~~~~~~~~~\u001b[0m\r\n\u001b[96msrc/db-files/models/Review.ts\u001b[0m:\u001b[93m39\u001b[0m:\u001b[93m7\u001b[0m - \u001b[91merror\u001b[0m\u001b[90m TS2322: \u001b[0mType '(reviewId: string) => Promise<void>' is not assignable to type '(instance: Review, options: InstanceUpdateOptions<any>) => HookReturn'.\r\n  Types of parameters 'reviewId' and 'instance' are incompatible.\r\n    Type 'Review' is not assignable to type 'string'.\r\n\r\n\u001b[7m39\u001b[0m       afterUpdate: async (reviewId: string) => {\r\n\u001b[7m  \u001b[0m \u001b[91m      ~~~~~~~~~~~\u001b[0m\r\n\u001b[96msrc/db-files/models/Review.ts\u001b[0m:\u001b[93m43\u001b[0m:\u001b[93m44\u001b[0m - \u001b[91merror\u001b[0m\u001b[90m TS2345: \u001b[0mArgument of type 'Review' is not assignable to parameter of type 'string'.\r\n\r\n\u001b[7m43\u001b[0m         await recalculateProductRatingHook(reviewId);\r\n\u001b[7m  \u001b[0m \u001b[91m                                           ~~~~~~~~\u001b[0m\r\n\u001b[96msrc/db-files/models/Review.ts\u001b[0m:\u001b[93m46\u001b[0m:\u001b[93m1\u001b[0m - \u001b[91merror\u001b[0m\u001b[90m TS1136: \u001b[0mProperty assignment expected.\r\n\r\n\u001b[7m46\u001b[0m );\r\n\u001b[7m  \u001b[0m \u001b[91m~\u001b[0m\r\n\n    at createTSError (C:\\Users\\Rawan\\Desktop\\final\\backend-final-G3\\node_modules\\ts-node\\src\\index.ts:859:12)\n    at reportTSError (C:\\Users\\Rawan\\Desktop\\final\\backend-final-G3\\node_modules\\ts-node\\src\\index.ts:863:19)\n    at getOutput (C:\\Users\\Rawan\\Desktop\\final\\backend-final-G3\\node_modules\\ts-node\\src\\index.ts:1077:36)\n    at Object.compile (C:\\Users\\Rawan\\Desktop\\final\\backend-final-G3\\node_modules\\ts-node\\src\\index.ts:1433:41)\n    at Module.m._compile (C:\\Users\\Rawan\\Desktop\\final\\backend-final-G3\\node_modules\\ts-node\\src\\index.ts:1617:30)\n    at Module._extensions..js (node:internal/modules/cjs/loader:1416:10)\n    at Object.require.extensions.<computed> [as .ts] (C:\\Users\\Rawan\\Desktop\\final\\backend-final-G3\\node_modules\\ts-node\\src\\index.ts:1621:12)\n    at Module.load (node:internal/modules/cjs/loader:1208:32)\n    at Function.Module._load (node:internal/modules/cjs/loader:1024:12)\n    at Module.require (node:internal/modules/cjs/loader:1233:19)","os":{"loadavg":[0,0,0],"uptime":1032589.828},"process":{"argv":["C:\\Users\\Rawan\\Desktop\\final\\backend-final-G3\\node_modules\\ts-node\\dist\\bin.js","C:\\Users\\Rawan\\Desktop\\final\\backend-final-G3\\src\\server.ts"],"cwd":"C:\\Users\\Rawan\\Desktop\\final\\backend-final-G3","execPath":"C:\\nodejs\\node.exe","gid":null,"memoryUsage":{"arrayBuffers":2501311,"external":5819029,"heapTotal":267616256,"heapUsed":245537848,"rss":310763520},"pid":46920,"uid":null,"version":"v20.16.0"},"stack":"TSError: ⨯ Unable to compile TypeScript:\n\u001b[96msrc/db-files/models/Review.ts\u001b[0m:\u001b[93m36\u001b[0m:\u001b[93m7\u001b[0m - \u001b[91merror\u001b[0m\u001b[90m TS2322: \u001b[0mType '(reviewId: string) => Promise<void>' is not assignable to type '(attributes: Review, options: CreateOptions<any>) => HookReturn'.\r\n  Types of parameters 'reviewId' and 'attributes' are incompatible.\r\n    Type 'Review' is not assignable to type 'string'.\r\n\r\n\u001b[7m36\u001b[0m       afterCreate: async (reviewId: string) => {\r\n\u001b[7m  \u001b[0m \u001b[91m      ~~~~~~~~~~~\u001b[0m\r\n\u001b[96msrc/db-files/models/Review.ts\u001b[0m:\u001b[93m39\u001b[0m:\u001b[93m7\u001b[0m - \u001b[91merror\u001b[0m\u001b[90m TS2322: \u001b[0mType '(reviewId: string) => Promise<void>' is not assignable to type '(instance: Review, options: InstanceUpdateOptions<any>) => HookReturn'.\r\n  Types of parameters 'reviewId' and 'instance' are incompatible.\r\n    Type 'Review' is not assignable to type 'string'.\r\n\r\n\u001b[7m39\u001b[0m       afterUpdate: async (reviewId: string) => {\r\n\u001b[7m  \u001b[0m \u001b[91m      ~~~~~~~~~~~\u001b[0m\r\n\u001b[96msrc/db-files/models/Review.ts\u001b[0m:\u001b[93m43\u001b[0m:\u001b[93m44\u001b[0m - \u001b[91merror\u001b[0m\u001b[90m TS2345: \u001b[0mArgument of type 'Review' is not assignable to parameter of type 'string'.\r\n\r\n\u001b[7m43\u001b[0m         await recalculateProductRatingHook(reviewId);\r\n\u001b[7m  \u001b[0m \u001b[91m                                           ~~~~~~~~\u001b[0m\r\n\u001b[96msrc/db-files/models/Review.ts\u001b[0m:\u001b[93m46\u001b[0m:\u001b[93m1\u001b[0m - \u001b[91merror\u001b[0m\u001b[90m TS1136: \u001b[0mProperty assignment expected.\r\n\r\n\u001b[7m46\u001b[0m );\r\n\u001b[7m  \u001b[0m \u001b[91m~\u001b[0m\r\n\n    at createTSError (C:\\Users\\Rawan\\Desktop\\final\\backend-final-G3\\node_modules\\ts-node\\src\\index.ts:859:12)\n    at reportTSError (C:\\Users\\Rawan\\Desktop\\final\\backend-final-G3\\node_modules\\ts-node\\src\\index.ts:863:19)\n    at getOutput (C:\\Users\\Rawan\\Desktop\\final\\backend-final-G3\\node_modules\\ts-node\\src\\index.ts:1077:36)\n    at Object.compile (C:\\Users\\Rawan\\Desktop\\final\\backend-final-G3\\node_modules\\ts-node\\src\\index.ts:1433:41)\n    at Module.m._compile (C:\\Users\\Rawan\\Desktop\\final\\backend-final-G3\\node_modules\\ts-node\\src\\index.ts:1617:30)\n    at Module._extensions..js (node:internal/modules/cjs/loader:1416:10)\n    at Object.require.extensions.<computed> [as .ts] (C:\\Users\\Rawan\\Desktop\\final\\backend-final-G3\\node_modules\\ts-node\\src\\index.ts:1621:12)\n    at Module.load (node:internal/modules/cjs/loader:1208:32)\n    at Function.Module._load (node:internal/modules/cjs/loader:1024:12)\n    at Module.require (node:internal/modules/cjs/loader:1233:19)","timestamp":"2024-08-26T00:20:11.011Z","trace":[{"column":12,"file":"C:\\Users\\Rawan\\Desktop\\final\\backend-final-G3\\node_modules\\ts-node\\src\\index.ts","function":"createTSError","line":859,"method":null,"native":false},{"column":19,"file":"C:\\Users\\Rawan\\Desktop\\final\\backend-final-G3\\node_modules\\ts-node\\src\\index.ts","function":"reportTSError","line":863,"method":null,"native":false},{"column":36,"file":"C:\\Users\\Rawan\\Desktop\\final\\backend-final-G3\\node_modules\\ts-node\\src\\index.ts","function":"getOutput","line":1077,"method":null,"native":false},{"column":41,"file":"C:\\Users\\Rawan\\Desktop\\final\\backend-final-G3\\node_modules\\ts-node\\src\\index.ts","function":"Object.compile","line":1433,"method":"compile","native":false},{"column":30,"file":"C:\\Users\\Rawan\\Desktop\\final\\backend-final-G3\\node_modules\\ts-node\\src\\index.ts","function":"Module.m._compile","line":1617,"method":"_compile","native":false},{"column":10,"file":"node:internal/modules/cjs/loader","function":"Module._extensions..js","line":1416,"method":".js","native":false},{"column":12,"file":"C:\\Users\\Rawan\\Desktop\\final\\backend-final-G3\\node_modules\\ts-node\\src\\index.ts","function":"Object.require.extensions.<computed> [as .ts]","line":1621,"method":"ts]","native":false},{"column":32,"file":"node:internal/modules/cjs/loader","function":"Module.load","line":1208,"method":"load","native":false},{"column":12,"file":"node:internal/modules/cjs/loader","function":"Module._load","line":1024,"method":"_load","native":false},{"column":19,"file":"node:internal/modules/cjs/loader","function":"Module.require","line":1233,"method":"require","native":false}]}
{"date":"Mon Aug 26 2024 03:20:14 GMT+0300 (Eastern European Summer Time)","error":{"diagnosticCodes":[2552,2552,2345,1136]},"exception":true,"level":"error","message":"uncaughtException: ⨯ Unable to compile TypeScript:\n\u001b[96msrc/db-files/models/Review.ts\u001b[0m:\u001b[93m37\u001b[0m:\u001b[93m44\u001b[0m - \u001b[91merror\u001b[0m\u001b[90m TS2552: \u001b[0mCannot find name 'reviewId'. Did you mean 'review'?\r\n\r\n\u001b[7m37\u001b[0m         await recalculateProductRatingHook(reviewId);\r\n\u001b[7m  \u001b[0m \u001b[91m                                           ~~~~~~~~\u001b[0m\r\n\r\n  \u001b[96msrc/db-files/models/Review.ts\u001b[0m:\u001b[93m36\u001b[0m:\u001b[93m27\u001b[0m\r\n    \u001b[7m36\u001b[0m       afterCreate: async (review: Review) => {\r\n    \u001b[7m  \u001b[0m \u001b[96m                          ~~~~~~~~~~~~~~\u001b[0m\r\n    'review' is declared here.\r\n\u001b[96msrc/db-files/models/Review.ts\u001b[0m:\u001b[93m40\u001b[0m:\u001b[93m44\u001b[0m - \u001b[91merror\u001b[0m\u001b[90m TS2552: \u001b[0mCannot find name 'reviewId'. Did you mean 'review'?\r\n\r\n\u001b[7m40\u001b[0m         await recalculateProductRatingHook(reviewId);\r\n\u001b[7m  \u001b[0m \u001b[91m                                           ~~~~~~~~\u001b[0m\r\n\r\n  \u001b[96msrc/db-files/models/Review.ts\u001b[0m:\u001b[93m39\u001b[0m:\u001b[93m27\u001b[0m\r\n    \u001b[7m39\u001b[0m       afterUpdate: async (review: Review) => {\r\n    \u001b[7m  \u001b[0m \u001b[96m                          ~~~~~~~~~~~~~~\u001b[0m\r\n    'review' is declared here.\r\n\u001b[96msrc/db-files/models/Review.ts\u001b[0m:\u001b[93m43\u001b[0m:\u001b[93m44\u001b[0m - \u001b[91merror\u001b[0m\u001b[90m TS2345: \u001b[0mArgument of type 'Review' is not assignable to parameter of type 'string'.\r\n\r\n\u001b[7m43\u001b[0m         await recalculateProductRatingHook(review);\r\n\u001b[7m  \u001b[0m \u001b[91m                                           ~~~~~~\u001b[0m\r\n\u001b[96msrc/db-files/models/Review.ts\u001b[0m:\u001b[93m46\u001b[0m:\u001b[93m1\u001b[0m - \u001b[91merror\u001b[0m\u001b[90m TS1136: \u001b[0mProperty assignment expected.\r\n\r\n\u001b[7m46\u001b[0m );\r\n\u001b[7m  \u001b[0m \u001b[91m~\u001b[0m\r\n\nTSError: ⨯ Unable to compile TypeScript:\n\u001b[96msrc/db-files/models/Review.ts\u001b[0m:\u001b[93m37\u001b[0m:\u001b[93m44\u001b[0m - \u001b[91merror\u001b[0m\u001b[90m TS2552: \u001b[0mCannot find name 'reviewId'. Did you mean 'review'?\r\n\r\n\u001b[7m37\u001b[0m         await recalculateProductRatingHook(reviewId);\r\n\u001b[7m  \u001b[0m \u001b[91m                                           ~~~~~~~~\u001b[0m\r\n\r\n  \u001b[96msrc/db-files/models/Review.ts\u001b[0m:\u001b[93m36\u001b[0m:\u001b[93m27\u001b[0m\r\n    \u001b[7m36\u001b[0m       afterCreate: async (review: Review) => {\r\n    \u001b[7m  \u001b[0m \u001b[96m                          ~~~~~~~~~~~~~~\u001b[0m\r\n    'review' is declared here.\r\n\u001b[96msrc/db-files/models/Review.ts\u001b[0m:\u001b[93m40\u001b[0m:\u001b[93m44\u001b[0m - \u001b[91merror\u001b[0m\u001b[90m TS2552: \u001b[0mCannot find name 'reviewId'. Did you mean 'review'?\r\n\r\n\u001b[7m40\u001b[0m         await recalculateProductRatingHook(reviewId);\r\n\u001b[7m  \u001b[0m \u001b[91m                                           ~~~~~~~~\u001b[0m\r\n\r\n  \u001b[96msrc/db-files/models/Review.ts\u001b[0m:\u001b[93m39\u001b[0m:\u001b[93m27\u001b[0m\r\n    \u001b[7m39\u001b[0m       afterUpdate: async (review: Review) => {\r\n    \u001b[7m  \u001b[0m \u001b[96m                          ~~~~~~~~~~~~~~\u001b[0m\r\n    'review' is declared here.\r\n\u001b[96msrc/db-files/models/Review.ts\u001b[0m:\u001b[93m43\u001b[0m:\u001b[93m44\u001b[0m - \u001b[91merror\u001b[0m\u001b[90m TS2345: \u001b[0mArgument of type 'Review' is not assignable to parameter of type 'string'.\r\n\r\n\u001b[7m43\u001b[0m         await recalculateProductRatingHook(review);\r\n\u001b[7m  \u001b[0m \u001b[91m                                           ~~~~~~\u001b[0m\r\n\u001b[96msrc/db-files/models/Review.ts\u001b[0m:\u001b[93m46\u001b[0m:\u001b[93m1\u001b[0m - \u001b[91merror\u001b[0m\u001b[90m TS1136: \u001b[0mProperty assignment expected.\r\n\r\n\u001b[7m46\u001b[0m );\r\n\u001b[7m  \u001b[0m \u001b[91m~\u001b[0m\r\n\n    at createTSError (C:\\Users\\Rawan\\Desktop\\final\\backend-final-G3\\node_modules\\ts-node\\src\\index.ts:859:12)\n    at reportTSError (C:\\Users\\Rawan\\Desktop\\final\\backend-final-G3\\node_modules\\ts-node\\src\\index.ts:863:19)\n    at getOutput (C:\\Users\\Rawan\\Desktop\\final\\backend-final-G3\\node_modules\\ts-node\\src\\index.ts:1077:36)\n    at Object.compile (C:\\Users\\Rawan\\Desktop\\final\\backend-final-G3\\node_modules\\ts-node\\src\\index.ts:1433:41)\n    at Module.m._compile (C:\\Users\\Rawan\\Desktop\\final\\backend-final-G3\\node_modules\\ts-node\\src\\index.ts:1617:30)\n    at Module._extensions..js (node:internal/modules/cjs/loader:1416:10)\n    at Object.require.extensions.<computed> [as .ts] (C:\\Users\\Rawan\\Desktop\\final\\backend-final-G3\\node_modules\\ts-node\\src\\index.ts:1621:12)\n    at Module.load (node:internal/modules/cjs/loader:1208:32)\n    at Function.Module._load (node:internal/modules/cjs/loader:1024:12)\n    at Module.require (node:internal/modules/cjs/loader:1233:19)","os":{"loadavg":[0,0,0],"uptime":1032592.843},"process":{"argv":["C:\\Users\\Rawan\\Desktop\\final\\backend-final-G3\\node_modules\\ts-node\\dist\\bin.js","C:\\Users\\Rawan\\Desktop\\final\\backend-final-G3\\src\\server.ts"],"cwd":"C:\\Users\\Rawan\\Desktop\\final\\backend-final-G3","execPath":"C:\\nodejs\\node.exe","gid":null,"memoryUsage":{"arrayBuffers":2501175,"external":5818893,"heapTotal":270761984,"heapUsed":238175984,"rss":314118144},"pid":27476,"uid":null,"version":"v20.16.0"},"stack":"TSError: ⨯ Unable to compile TypeScript:\n\u001b[96msrc/db-files/models/Review.ts\u001b[0m:\u001b[93m37\u001b[0m:\u001b[93m44\u001b[0m - \u001b[91merror\u001b[0m\u001b[90m TS2552: \u001b[0mCannot find name 'reviewId'. Did you mean 'review'?\r\n\r\n\u001b[7m37\u001b[0m         await recalculateProductRatingHook(reviewId);\r\n\u001b[7m  \u001b[0m \u001b[91m                                           ~~~~~~~~\u001b[0m\r\n\r\n  \u001b[96msrc/db-files/models/Review.ts\u001b[0m:\u001b[93m36\u001b[0m:\u001b[93m27\u001b[0m\r\n    \u001b[7m36\u001b[0m       afterCreate: async (review: Review) => {\r\n    \u001b[7m  \u001b[0m \u001b[96m                          ~~~~~~~~~~~~~~\u001b[0m\r\n    'review' is declared here.\r\n\u001b[96msrc/db-files/models/Review.ts\u001b[0m:\u001b[93m40\u001b[0m:\u001b[93m44\u001b[0m - \u001b[91merror\u001b[0m\u001b[90m TS2552: \u001b[0mCannot find name 'reviewId'. Did you mean 'review'?\r\n\r\n\u001b[7m40\u001b[0m         await recalculateProductRatingHook(reviewId);\r\n\u001b[7m  \u001b[0m \u001b[91m                                           ~~~~~~~~\u001b[0m\r\n\r\n  \u001b[96msrc/db-files/models/Review.ts\u001b[0m:\u001b[93m39\u001b[0m:\u001b[93m27\u001b[0m\r\n    \u001b[7m39\u001b[0m       afterUpdate: async (review: Review) => {\r\n    \u001b[7m  \u001b[0m \u001b[96m                          ~~~~~~~~~~~~~~\u001b[0m\r\n    'review' is declared here.\r\n\u001b[96msrc/db-files/models/Review.ts\u001b[0m:\u001b[93m43\u001b[0m:\u001b[93m44\u001b[0m - \u001b[91merror\u001b[0m\u001b[90m TS2345: \u001b[0mArgument of type 'Review' is not assignable to parameter of type 'string'.\r\n\r\n\u001b[7m43\u001b[0m         await recalculateProductRatingHook(review);\r\n\u001b[7m  \u001b[0m \u001b[91m                                           ~~~~~~\u001b[0m\r\n\u001b[96msrc/db-files/models/Review.ts\u001b[0m:\u001b[93m46\u001b[0m:\u001b[93m1\u001b[0m - \u001b[91merror\u001b[0m\u001b[90m TS1136: \u001b[0mProperty assignment expected.\r\n\r\n\u001b[7m46\u001b[0m );\r\n\u001b[7m  \u001b[0m \u001b[91m~\u001b[0m\r\n\n    at createTSError (C:\\Users\\Rawan\\Desktop\\final\\backend-final-G3\\node_modules\\ts-node\\src\\index.ts:859:12)\n    at reportTSError (C:\\Users\\Rawan\\Desktop\\final\\backend-final-G3\\node_modules\\ts-node\\src\\index.ts:863:19)\n    at getOutput (C:\\Users\\Rawan\\Desktop\\final\\backend-final-G3\\node_modules\\ts-node\\src\\index.ts:1077:36)\n    at Object.compile (C:\\Users\\Rawan\\Desktop\\final\\backend-final-G3\\node_modules\\ts-node\\src\\index.ts:1433:41)\n    at Module.m._compile (C:\\Users\\Rawan\\Desktop\\final\\backend-final-G3\\node_modules\\ts-node\\src\\index.ts:1617:30)\n    at Module._extensions..js (node:internal/modules/cjs/loader:1416:10)\n    at Object.require.extensions.<computed> [as .ts] (C:\\Users\\Rawan\\Desktop\\final\\backend-final-G3\\node_modules\\ts-node\\src\\index.ts:1621:12)\n    at Module.load (node:internal/modules/cjs/loader:1208:32)\n    at Function.Module._load (node:internal/modules/cjs/loader:1024:12)\n    at Module.require (node:internal/modules/cjs/loader:1233:19)","timestamp":"2024-08-26T00:20:14.033Z","trace":[{"column":12,"file":"C:\\Users\\Rawan\\Desktop\\final\\backend-final-G3\\node_modules\\ts-node\\src\\index.ts","function":"createTSError","line":859,"method":null,"native":false},{"column":19,"file":"C:\\Users\\Rawan\\Desktop\\final\\backend-final-G3\\node_modules\\ts-node\\src\\index.ts","function":"reportTSError","line":863,"method":null,"native":false},{"column":36,"file":"C:\\Users\\Rawan\\Desktop\\final\\backend-final-G3\\node_modules\\ts-node\\src\\index.ts","function":"getOutput","line":1077,"method":null,"native":false},{"column":41,"file":"C:\\Users\\Rawan\\Desktop\\final\\backend-final-G3\\node_modules\\ts-node\\src\\index.ts","function":"Object.compile","line":1433,"method":"compile","native":false},{"column":30,"file":"C:\\Users\\Rawan\\Desktop\\final\\backend-final-G3\\node_modules\\ts-node\\src\\index.ts","function":"Module.m._compile","line":1617,"method":"_compile","native":false},{"column":10,"file":"node:internal/modules/cjs/loader","function":"Module._extensions..js","line":1416,"method":".js","native":false},{"column":12,"file":"C:\\Users\\Rawan\\Desktop\\final\\backend-final-G3\\node_modules\\ts-node\\src\\index.ts","function":"Object.require.extensions.<computed> [as .ts]","line":1621,"method":"ts]","native":false},{"column":32,"file":"node:internal/modules/cjs/loader","function":"Module.load","line":1208,"method":"load","native":false},{"column":12,"file":"node:internal/modules/cjs/loader","function":"Module._load","line":1024,"method":"_load","native":false},{"column":19,"file":"node:internal/modules/cjs/loader","function":"Module.require","line":1233,"method":"require","native":false}]}
{"date":"Mon Aug 26 2024 03:20:17 GMT+0300 (Eastern European Summer Time)","error":{"diagnosticCodes":[2552,2552,1136]},"exception":true,"level":"error","message":"uncaughtException: ⨯ Unable to compile TypeScript:\n\u001b[96msrc/db-files/models/Review.ts\u001b[0m:\u001b[93m37\u001b[0m:\u001b[93m44\u001b[0m - \u001b[91merror\u001b[0m\u001b[90m TS2552: \u001b[0mCannot find name 'reviewId'. Did you mean 'review'?\r\n\r\n\u001b[7m37\u001b[0m         await recalculateProductRatingHook(reviewId);\r\n\u001b[7m  \u001b[0m \u001b[91m                                           ~~~~~~~~\u001b[0m\r\n\r\n  \u001b[96msrc/db-files/models/Review.ts\u001b[0m:\u001b[93m36\u001b[0m:\u001b[93m27\u001b[0m\r\n    \u001b[7m36\u001b[0m       afterCreate: async (review: Review) => {\r\n    \u001b[7m  \u001b[0m \u001b[96m                          ~~~~~~~~~~~~~~\u001b[0m\r\n    'review' is declared here.\r\n\u001b[96msrc/db-files/models/Review.ts\u001b[0m:\u001b[93m40\u001b[0m:\u001b[93m44\u001b[0m - \u001b[91merror\u001b[0m\u001b[90m TS2552: \u001b[0mCannot find name 'reviewId'. Did you mean 'review'?\r\n\r\n\u001b[7m40\u001b[0m         await recalculateProductRatingHook(reviewId);\r\n\u001b[7m  \u001b[0m \u001b[91m                                           ~~~~~~~~\u001b[0m\r\n\r\n  \u001b[96msrc/db-files/models/Review.ts\u001b[0m:\u001b[93m39\u001b[0m:\u001b[93m27\u001b[0m\r\n    \u001b[7m39\u001b[0m       afterUpdate: async (review: Review) => {\r\n    \u001b[7m  \u001b[0m \u001b[96m                          ~~~~~~~~~~~~~~\u001b[0m\r\n    'review' is declared here.\r\n\u001b[96msrc/db-files/models/Review.ts\u001b[0m:\u001b[93m46\u001b[0m:\u001b[93m1\u001b[0m - \u001b[91merror\u001b[0m\u001b[90m TS1136: \u001b[0mProperty assignment expected.\r\n\r\n\u001b[7m46\u001b[0m );\r\n\u001b[7m  \u001b[0m \u001b[91m~\u001b[0m\r\n\nTSError: ⨯ Unable to compile TypeScript:\n\u001b[96msrc/db-files/models/Review.ts\u001b[0m:\u001b[93m37\u001b[0m:\u001b[93m44\u001b[0m - \u001b[91merror\u001b[0m\u001b[90m TS2552: \u001b[0mCannot find name 'reviewId'. Did you mean 'review'?\r\n\r\n\u001b[7m37\u001b[0m         await recalculateProductRatingHook(reviewId);\r\n\u001b[7m  \u001b[0m \u001b[91m                                           ~~~~~~~~\u001b[0m\r\n\r\n  \u001b[96msrc/db-files/models/Review.ts\u001b[0m:\u001b[93m36\u001b[0m:\u001b[93m27\u001b[0m\r\n    \u001b[7m36\u001b[0m       afterCreate: async (review: Review) => {\r\n    \u001b[7m  \u001b[0m \u001b[96m                          ~~~~~~~~~~~~~~\u001b[0m\r\n    'review' is declared here.\r\n\u001b[96msrc/db-files/models/Review.ts\u001b[0m:\u001b[93m40\u001b[0m:\u001b[93m44\u001b[0m - \u001b[91merror\u001b[0m\u001b[90m TS2552: \u001b[0mCannot find name 'reviewId'. Did you mean 'review'?\r\n\r\n\u001b[7m40\u001b[0m         await recalculateProductRatingHook(reviewId);\r\n\u001b[7m  \u001b[0m \u001b[91m                                           ~~~~~~~~\u001b[0m\r\n\r\n  \u001b[96msrc/db-files/models/Review.ts\u001b[0m:\u001b[93m39\u001b[0m:\u001b[93m27\u001b[0m\r\n    \u001b[7m39\u001b[0m       afterUpdate: async (review: Review) => {\r\n    \u001b[7m  \u001b[0m \u001b[96m                          ~~~~~~~~~~~~~~\u001b[0m\r\n    'review' is declared here.\r\n\u001b[96msrc/db-files/models/Review.ts\u001b[0m:\u001b[93m46\u001b[0m:\u001b[93m1\u001b[0m - \u001b[91merror\u001b[0m\u001b[90m TS1136: \u001b[0mProperty assignment expected.\r\n\r\n\u001b[7m46\u001b[0m );\r\n\u001b[7m  \u001b[0m \u001b[91m~\u001b[0m\r\n\n    at createTSError (C:\\Users\\Rawan\\Desktop\\final\\backend-final-G3\\node_modules\\ts-node\\src\\index.ts:859:12)\n    at reportTSError (C:\\Users\\Rawan\\Desktop\\final\\backend-final-G3\\node_modules\\ts-node\\src\\index.ts:863:19)\n    at getOutput (C:\\Users\\Rawan\\Desktop\\final\\backend-final-G3\\node_modules\\ts-node\\src\\index.ts:1077:36)\n    at Object.compile (C:\\Users\\Rawan\\Desktop\\final\\backend-final-G3\\node_modules\\ts-node\\src\\index.ts:1433:41)\n    at Module.m._compile (C:\\Users\\Rawan\\Desktop\\final\\backend-final-G3\\node_modules\\ts-node\\src\\index.ts:1617:30)\n    at Module._extensions..js (node:internal/modules/cjs/loader:1416:10)\n    at Object.require.extensions.<computed> [as .ts] (C:\\Users\\Rawan\\Desktop\\final\\backend-final-G3\\node_modules\\ts-node\\src\\index.ts:1621:12)\n    at Module.load (node:internal/modules/cjs/loader:1208:32)\n    at Function.Module._load (node:internal/modules/cjs/loader:1024:12)\n    at Module.require (node:internal/modules/cjs/loader:1233:19)","os":{"loadavg":[0,0,0],"uptime":1032596.625},"process":{"argv":["C:\\Users\\Rawan\\Desktop\\final\\backend-final-G3\\node_modules\\ts-node\\dist\\bin.js","C:\\Users\\Rawan\\Desktop\\final\\backend-final-G3\\src\\server.ts"],"cwd":"C:\\Users\\Rawan\\Desktop\\final\\backend-final-G3","execPath":"C:\\nodejs\\node.exe","gid":null,"memoryUsage":{"arrayBuffers":2501143,"external":5818861,"heapTotal":269451264,"heapUsed":237134536,"rss":309547008},"pid":47940,"uid":null,"version":"v20.16.0"},"stack":"TSError: ⨯ Unable to compile TypeScript:\n\u001b[96msrc/db-files/models/Review.ts\u001b[0m:\u001b[93m37\u001b[0m:\u001b[93m44\u001b[0m - \u001b[91merror\u001b[0m\u001b[90m TS2552: \u001b[0mCannot find name 'reviewId'. Did you mean 'review'?\r\n\r\n\u001b[7m37\u001b[0m         await recalculateProductRatingHook(reviewId);\r\n\u001b[7m  \u001b[0m \u001b[91m                                           ~~~~~~~~\u001b[0m\r\n\r\n  \u001b[96msrc/db-files/models/Review.ts\u001b[0m:\u001b[93m36\u001b[0m:\u001b[93m27\u001b[0m\r\n    \u001b[7m36\u001b[0m       afterCreate: async (review: Review) => {\r\n    \u001b[7m  \u001b[0m \u001b[96m                          ~~~~~~~~~~~~~~\u001b[0m\r\n    'review' is declared here.\r\n\u001b[96msrc/db-files/models/Review.ts\u001b[0m:\u001b[93m40\u001b[0m:\u001b[93m44\u001b[0m - \u001b[91merror\u001b[0m\u001b[90m TS2552: \u001b[0mCannot find name 'reviewId'. Did you mean 'review'?\r\n\r\n\u001b[7m40\u001b[0m         await recalculateProductRatingHook(reviewId);\r\n\u001b[7m  \u001b[0m \u001b[91m                                           ~~~~~~~~\u001b[0m\r\n\r\n  \u001b[96msrc/db-files/models/Review.ts\u001b[0m:\u001b[93m39\u001b[0m:\u001b[93m27\u001b[0m\r\n    \u001b[7m39\u001b[0m       afterUpdate: async (review: Review) => {\r\n    \u001b[7m  \u001b[0m \u001b[96m                          ~~~~~~~~~~~~~~\u001b[0m\r\n    'review' is declared here.\r\n\u001b[96msrc/db-files/models/Review.ts\u001b[0m:\u001b[93m46\u001b[0m:\u001b[93m1\u001b[0m - \u001b[91merror\u001b[0m\u001b[90m TS1136: \u001b[0mProperty assignment expected.\r\n\r\n\u001b[7m46\u001b[0m );\r\n\u001b[7m  \u001b[0m \u001b[91m~\u001b[0m\r\n\n    at createTSError (C:\\Users\\Rawan\\Desktop\\final\\backend-final-G3\\node_modules\\ts-node\\src\\index.ts:859:12)\n    at reportTSError (C:\\Users\\Rawan\\Desktop\\final\\backend-final-G3\\node_modules\\ts-node\\src\\index.ts:863:19)\n    at getOutput (C:\\Users\\Rawan\\Desktop\\final\\backend-final-G3\\node_modules\\ts-node\\src\\index.ts:1077:36)\n    at Object.compile (C:\\Users\\Rawan\\Desktop\\final\\backend-final-G3\\node_modules\\ts-node\\src\\index.ts:1433:41)\n    at Module.m._compile (C:\\Users\\Rawan\\Desktop\\final\\backend-final-G3\\node_modules\\ts-node\\src\\index.ts:1617:30)\n    at Module._extensions..js (node:internal/modules/cjs/loader:1416:10)\n    at Object.require.extensions.<computed> [as .ts] (C:\\Users\\Rawan\\Desktop\\final\\backend-final-G3\\node_modules\\ts-node\\src\\index.ts:1621:12)\n    at Module.load (node:internal/modules/cjs/loader:1208:32)\n    at Function.Module._load (node:internal/modules/cjs/loader:1024:12)\n    at Module.require (node:internal/modules/cjs/loader:1233:19)","timestamp":"2024-08-26T00:20:17.811Z","trace":[{"column":12,"file":"C:\\Users\\Rawan\\Desktop\\final\\backend-final-G3\\node_modules\\ts-node\\src\\index.ts","function":"createTSError","line":859,"method":null,"native":false},{"column":19,"file":"C:\\Users\\Rawan\\Desktop\\final\\backend-final-G3\\node_modules\\ts-node\\src\\index.ts","function":"reportTSError","line":863,"method":null,"native":false},{"column":36,"file":"C:\\Users\\Rawan\\Desktop\\final\\backend-final-G3\\node_modules\\ts-node\\src\\index.ts","function":"getOutput","line":1077,"method":null,"native":false},{"column":41,"file":"C:\\Users\\Rawan\\Desktop\\final\\backend-final-G3\\node_modules\\ts-node\\src\\index.ts","function":"Object.compile","line":1433,"method":"compile","native":false},{"column":30,"file":"C:\\Users\\Rawan\\Desktop\\final\\backend-final-G3\\node_modules\\ts-node\\src\\index.ts","function":"Module.m._compile","line":1617,"method":"_compile","native":false},{"column":10,"file":"node:internal/modules/cjs/loader","function":"Module._extensions..js","line":1416,"method":".js","native":false},{"column":12,"file":"C:\\Users\\Rawan\\Desktop\\final\\backend-final-G3\\node_modules\\ts-node\\src\\index.ts","function":"Object.require.extensions.<computed> [as .ts]","line":1621,"method":"ts]","native":false},{"column":32,"file":"node:internal/modules/cjs/loader","function":"Module.load","line":1208,"method":"load","native":false},{"column":12,"file":"node:internal/modules/cjs/loader","function":"Module._load","line":1024,"method":"_load","native":false},{"column":19,"file":"node:internal/modules/cjs/loader","function":"Module.require","line":1233,"method":"require","native":false}]}
{"date":"Mon Aug 26 2024 03:20:23 GMT+0300 (Eastern European Summer Time)","error":{"diagnosticCodes":[1136]},"exception":true,"level":"error","message":"uncaughtException: ⨯ Unable to compile TypeScript:\n\u001b[96msrc/db-files/models/Review.ts\u001b[0m:\u001b[93m46\u001b[0m:\u001b[93m1\u001b[0m - \u001b[91merror\u001b[0m\u001b[90m TS1136: \u001b[0mProperty assignment expected.\r\n\r\n\u001b[7m46\u001b[0m );\r\n\u001b[7m  \u001b[0m \u001b[91m~\u001b[0m\r\n\nTSError: ⨯ Unable to compile TypeScript:\n\u001b[96msrc/db-files/models/Review.ts\u001b[0m:\u001b[93m46\u001b[0m:\u001b[93m1\u001b[0m - \u001b[91merror\u001b[0m\u001b[90m TS1136: \u001b[0mProperty assignment expected.\r\n\r\n\u001b[7m46\u001b[0m );\r\n\u001b[7m  \u001b[0m \u001b[91m~\u001b[0m\r\n\n    at createTSError (C:\\Users\\Rawan\\Desktop\\final\\backend-final-G3\\node_modules\\ts-node\\src\\index.ts:859:12)\n    at reportTSError (C:\\Users\\Rawan\\Desktop\\final\\backend-final-G3\\node_modules\\ts-node\\src\\index.ts:863:19)\n    at getOutput (C:\\Users\\Rawan\\Desktop\\final\\backend-final-G3\\node_modules\\ts-node\\src\\index.ts:1077:36)\n    at Object.compile (C:\\Users\\Rawan\\Desktop\\final\\backend-final-G3\\node_modules\\ts-node\\src\\index.ts:1433:41)\n    at Module.m._compile (C:\\Users\\Rawan\\Desktop\\final\\backend-final-G3\\node_modules\\ts-node\\src\\index.ts:1617:30)\n    at Module._extensions..js (node:internal/modules/cjs/loader:1416:10)\n    at Object.require.extensions.<computed> [as .ts] (C:\\Users\\Rawan\\Desktop\\final\\backend-final-G3\\node_modules\\ts-node\\src\\index.ts:1621:12)\n    at Module.load (node:internal/modules/cjs/loader:1208:32)\n    at Function.Module._load (node:internal/modules/cjs/loader:1024:12)\n    at Module.require (node:internal/modules/cjs/loader:1233:19)","os":{"loadavg":[0,0,0],"uptime":1032602.687},"process":{"argv":["C:\\Users\\Rawan\\Desktop\\final\\backend-final-G3\\node_modules\\ts-node\\dist\\bin.js","C:\\Users\\Rawan\\Desktop\\final\\backend-final-G3\\src\\server.ts"],"cwd":"C:\\Users\\Rawan\\Desktop\\final\\backend-final-G3","execPath":"C:\\nodejs\\node.exe","gid":null,"memoryUsage":{"arrayBuffers":2501199,"external":5818917,"heapTotal":268664832,"heapUsed":237197456,"rss":306597888},"pid":47020,"uid":null,"version":"v20.16.0"},"stack":"TSError: ⨯ Unable to compile TypeScript:\n\u001b[96msrc/db-files/models/Review.ts\u001b[0m:\u001b[93m46\u001b[0m:\u001b[93m1\u001b[0m - \u001b[91merror\u001b[0m\u001b[90m TS1136: \u001b[0mProperty assignment expected.\r\n\r\n\u001b[7m46\u001b[0m );\r\n\u001b[7m  \u001b[0m \u001b[91m~\u001b[0m\r\n\n    at createTSError (C:\\Users\\Rawan\\Desktop\\final\\backend-final-G3\\node_modules\\ts-node\\src\\index.ts:859:12)\n    at reportTSError (C:\\Users\\Rawan\\Desktop\\final\\backend-final-G3\\node_modules\\ts-node\\src\\index.ts:863:19)\n    at getOutput (C:\\Users\\Rawan\\Desktop\\final\\backend-final-G3\\node_modules\\ts-node\\src\\index.ts:1077:36)\n    at Object.compile (C:\\Users\\Rawan\\Desktop\\final\\backend-final-G3\\node_modules\\ts-node\\src\\index.ts:1433:41)\n    at Module.m._compile (C:\\Users\\Rawan\\Desktop\\final\\backend-final-G3\\node_modules\\ts-node\\src\\index.ts:1617:30)\n    at Module._extensions..js (node:internal/modules/cjs/loader:1416:10)\n    at Object.require.extensions.<computed> [as .ts] (C:\\Users\\Rawan\\Desktop\\final\\backend-final-G3\\node_modules\\ts-node\\src\\index.ts:1621:12)\n    at Module.load (node:internal/modules/cjs/loader:1208:32)\n    at Function.Module._load (node:internal/modules/cjs/loader:1024:12)\n    at Module.require (node:internal/modules/cjs/loader:1233:19)","timestamp":"2024-08-26T00:20:23.871Z","trace":[{"column":12,"file":"C:\\Users\\Rawan\\Desktop\\final\\backend-final-G3\\node_modules\\ts-node\\src\\index.ts","function":"createTSError","line":859,"method":null,"native":false},{"column":19,"file":"C:\\Users\\Rawan\\Desktop\\final\\backend-final-G3\\node_modules\\ts-node\\src\\index.ts","function":"reportTSError","line":863,"method":null,"native":false},{"column":36,"file":"C:\\Users\\Rawan\\Desktop\\final\\backend-final-G3\\node_modules\\ts-node\\src\\index.ts","function":"getOutput","line":1077,"method":null,"native":false},{"column":41,"file":"C:\\Users\\Rawan\\Desktop\\final\\backend-final-G3\\node_modules\\ts-node\\src\\index.ts","function":"Object.compile","line":1433,"method":"compile","native":false},{"column":30,"file":"C:\\Users\\Rawan\\Desktop\\final\\backend-final-G3\\node_modules\\ts-node\\src\\index.ts","function":"Module.m._compile","line":1617,"method":"_compile","native":false},{"column":10,"file":"node:internal/modules/cjs/loader","function":"Module._extensions..js","line":1416,"method":".js","native":false},{"column":12,"file":"C:\\Users\\Rawan\\Desktop\\final\\backend-final-G3\\node_modules\\ts-node\\src\\index.ts","function":"Object.require.extensions.<computed> [as .ts]","line":1621,"method":"ts]","native":false},{"column":32,"file":"node:internal/modules/cjs/loader","function":"Module.load","line":1208,"method":"load","native":false},{"column":12,"file":"node:internal/modules/cjs/loader","function":"Module._load","line":1024,"method":"_load","native":false},{"column":19,"file":"node:internal/modules/cjs/loader","function":"Module.require","line":1233,"method":"require","native":false}]}
{"date":"Mon Aug 26 2024 03:20:43 GMT+0300 (Eastern European Summer Time)","error":{"diagnosticCodes":[1136]},"exception":true,"level":"error","message":"uncaughtException: ⨯ Unable to compile TypeScript:\n\u001b[96msrc/db-files/models/Review.ts\u001b[0m:\u001b[93m47\u001b[0m:\u001b[93m1\u001b[0m - \u001b[91merror\u001b[0m\u001b[90m TS1136: \u001b[0mProperty assignment expected.\r\n\r\n\u001b[7m47\u001b[0m );\r\n\u001b[7m  \u001b[0m \u001b[91m~\u001b[0m\r\n\nTSError: ⨯ Unable to compile TypeScript:\n\u001b[96msrc/db-files/models/Review.ts\u001b[0m:\u001b[93m47\u001b[0m:\u001b[93m1\u001b[0m - \u001b[91merror\u001b[0m\u001b[90m TS1136: \u001b[0mProperty assignment expected.\r\n\r\n\u001b[7m47\u001b[0m );\r\n\u001b[7m  \u001b[0m \u001b[91m~\u001b[0m\r\n\n    at createTSError (C:\\Users\\Rawan\\Desktop\\final\\backend-final-G3\\node_modules\\ts-node\\src\\index.ts:859:12)\n    at reportTSError (C:\\Users\\Rawan\\Desktop\\final\\backend-final-G3\\node_modules\\ts-node\\src\\index.ts:863:19)\n    at getOutput (C:\\Users\\Rawan\\Desktop\\final\\backend-final-G3\\node_modules\\ts-node\\src\\index.ts:1077:36)\n    at Object.compile (C:\\Users\\Rawan\\Desktop\\final\\backend-final-G3\\node_modules\\ts-node\\src\\index.ts:1433:41)\n    at Module.m._compile (C:\\Users\\Rawan\\Desktop\\final\\backend-final-G3\\node_modules\\ts-node\\src\\index.ts:1617:30)\n    at Module._extensions..js (node:internal/modules/cjs/loader:1416:10)\n    at Object.require.extensions.<computed> [as .ts] (C:\\Users\\Rawan\\Desktop\\final\\backend-final-G3\\node_modules\\ts-node\\src\\index.ts:1621:12)\n    at Module.load (node:internal/modules/cjs/loader:1208:32)\n    at Function.Module._load (node:internal/modules/cjs/loader:1024:12)\n    at Module.require (node:internal/modules/cjs/loader:1233:19)","os":{"loadavg":[0,0,0],"uptime":1032622.39},"process":{"argv":["C:\\Users\\Rawan\\Desktop\\final\\backend-final-G3\\node_modules\\ts-node\\dist\\bin.js","C:\\Users\\Rawan\\Desktop\\final\\backend-final-G3\\src\\server.ts"],"cwd":"C:\\Users\\Rawan\\Desktop\\final\\backend-final-G3","execPath":"C:\\nodejs\\node.exe","gid":null,"memoryUsage":{"arrayBuffers":2501207,"external":5818925,"heapTotal":268402688,"heapUsed":243939056,"rss":306450432},"pid":42728,"uid":null,"version":"v20.16.0"},"stack":"TSError: ⨯ Unable to compile TypeScript:\n\u001b[96msrc/db-files/models/Review.ts\u001b[0m:\u001b[93m47\u001b[0m:\u001b[93m1\u001b[0m - \u001b[91merror\u001b[0m\u001b[90m TS1136: \u001b[0mProperty assignment expected.\r\n\r\n\u001b[7m47\u001b[0m );\r\n\u001b[7m  \u001b[0m \u001b[91m~\u001b[0m\r\n\n    at createTSError (C:\\Users\\Rawan\\Desktop\\final\\backend-final-G3\\node_modules\\ts-node\\src\\index.ts:859:12)\n    at reportTSError (C:\\Users\\Rawan\\Desktop\\final\\backend-final-G3\\node_modules\\ts-node\\src\\index.ts:863:19)\n    at getOutput (C:\\Users\\Rawan\\Desktop\\final\\backend-final-G3\\node_modules\\ts-node\\src\\index.ts:1077:36)\n    at Object.compile (C:\\Users\\Rawan\\Desktop\\final\\backend-final-G3\\node_modules\\ts-node\\src\\index.ts:1433:41)\n    at Module.m._compile (C:\\Users\\Rawan\\Desktop\\final\\backend-final-G3\\node_modules\\ts-node\\src\\index.ts:1617:30)\n    at Module._extensions..js (node:internal/modules/cjs/loader:1416:10)\n    at Object.require.extensions.<computed> [as .ts] (C:\\Users\\Rawan\\Desktop\\final\\backend-final-G3\\node_modules\\ts-node\\src\\index.ts:1621:12)\n    at Module.load (node:internal/modules/cjs/loader:1208:32)\n    at Function.Module._load (node:internal/modules/cjs/loader:1024:12)\n    at Module.require (node:internal/modules/cjs/loader:1233:19)","timestamp":"2024-08-26T00:20:43.584Z","trace":[{"column":12,"file":"C:\\Users\\Rawan\\Desktop\\final\\backend-final-G3\\node_modules\\ts-node\\src\\index.ts","function":"createTSError","line":859,"method":null,"native":false},{"column":19,"file":"C:\\Users\\Rawan\\Desktop\\final\\backend-final-G3\\node_modules\\ts-node\\src\\index.ts","function":"reportTSError","line":863,"method":null,"native":false},{"column":36,"file":"C:\\Users\\Rawan\\Desktop\\final\\backend-final-G3\\node_modules\\ts-node\\src\\index.ts","function":"getOutput","line":1077,"method":null,"native":false},{"column":41,"file":"C:\\Users\\Rawan\\Desktop\\final\\backend-final-G3\\node_modules\\ts-node\\src\\index.ts","function":"Object.compile","line":1433,"method":"compile","native":false},{"column":30,"file":"C:\\Users\\Rawan\\Desktop\\final\\backend-final-G3\\node_modules\\ts-node\\src\\index.ts","function":"Module.m._compile","line":1617,"method":"_compile","native":false},{"column":10,"file":"node:internal/modules/cjs/loader","function":"Module._extensions..js","line":1416,"method":".js","native":false},{"column":12,"file":"C:\\Users\\Rawan\\Desktop\\final\\backend-final-G3\\node_modules\\ts-node\\src\\index.ts","function":"Object.require.extensions.<computed> [as .ts]","line":1621,"method":"ts]","native":false},{"column":32,"file":"node:internal/modules/cjs/loader","function":"Module.load","line":1208,"method":"load","native":false},{"column":12,"file":"node:internal/modules/cjs/loader","function":"Module._load","line":1024,"method":"_load","native":false},{"column":19,"file":"node:internal/modules/cjs/loader","function":"Module.require","line":1233,"method":"require","native":false}]}
